[2026-04-13 14:57:54] local.WARNING: Expected $image to be a string, got: {"image":null} 
[2026-04-13 14:57:54] local.WARNING: Expected $image to be a string, got: {"image":null} 
[2026-04-13 14:57:56] local.WARNING: Expected $image to be a string, got: {"image":null} 
[2026-04-13 14:57:56] local.WARNING: Expected $image to be a string, got: {"image":null} 
[2026-04-13 14:58:51] local.WARNING: Expected $image to be a string, got: {"image":null} 
[2026-04-13 14:58:51] local.WARNING: Expected $image to be a string, got: {"image":null} 
[2026-04-13 14:58:53] local.WARNING: Expected $image to be a string, got: {"image":null} 
[2026-04-13 14:58:53] local.WARNING: Expected $image to be a string, got: {"image":null} 
[2026-04-13 14:59:09] local.WARNING: Expected $image to be a string, got: {"image":null} 
[2026-04-13 14:59:09] local.WARNING: Expected $image to be a string, got: {"image":null} 
[2026-04-13 14:59:12] local.WARNING: Expected $image to be a string, got: {"image":null} 
[2026-04-13 14:59:13] local.WARNING: Expected $image to be a string, got: {"image":null} 
[2026-04-13 14:59:13] local.WARNING: Expected $image to be a string, got: {"image":null} 
[2026-04-13 14:59:17] local.WARNING: Expected $image to be a string, got: {"image":null} 
[2026-04-13 14:59:17] local.WARNING: Expected $image to be a string, got: {"image":null} 
[2026-04-13 14:59:20] local.WARNING: Expected $image to be a string, got: {"image":null} 
[2026-04-13 14:59:20] local.WARNING: Expected $image to be a string, got: {"image":null} 
[2026-04-13 14:59:21] local.WARNING: Expected $image to be a string, got: {"image":null} 
[2026-04-13 14:59:21] local.WARNING: Expected $image to be a string, got: {"image":null} 
[2026-04-13 14:59:21] local.WARNING: Expected $image to be a string, got: {"image":null} 
[2026-04-13 14:59:21] local.WARNING: Expected $image to be a string, got: {"image":null} 
[2026-04-13 14:59:22] local.WARNING: Expected $image to be a string, got: {"image":null} 
[2026-04-13 14:59:22] local.WARNING: Expected $image to be a string, got: {"image":null} 
[2026-04-13 14:59:23] local.WARNING: Expected $image to be a string, got: {"image":null} 
[2026-04-13 14:59:23] local.WARNING: Expected $image to be a string, got: {"image":null} 
[2026-04-13 14:59:45] local.WARNING: Expected $image to be a string, got: {"image":null} 
[2026-04-13 14:59:45] local.WARNING: Expected $image to be a string, got: {"image":null} 
[2026-04-13 14:59:45] local.WARNING: Expected $image to be a string, got: {"image":null} 
[2026-04-13 14:59:45] local.WARNING: Expected $image to be a string, got: {"image":null} 
[2026-04-13 14:59:46] local.WARNING: Expected $image to be a string, got: {"image":null} 
[2026-04-13 14:59:46] local.WARNING: Expected $image to be a string, got: {"image":null} 
[2026-04-13 14:59:46] local.WARNING: Expected $image to be a string, got: {"image":null} 
[2026-04-13 14:59:46] local.WARNING: Expected $image to be a string, got: {"image":null} 
[2026-04-13 14:59:47] local.WARNING: Expected $image to be a string, got: {"image":null} 
[2026-04-13 14:59:47] local.WARNING: Expected $image to be a string, got: {"image":null} 
[2026-04-13 14:59:48] local.WARNING: Expected $image to be a string, got: {"image":null} 
[2026-04-13 14:59:48] local.WARNING: Expected $image to be a string, got: {"image":null} 
[2026-04-13 14:59:49] local.WARNING: Expected $image to be a string, got: {"image":null} 
[2026-04-13 14:59:49] local.WARNING: Expected $image to be a string, got: {"image":null} 
[2026-04-13 14:59:50] local.WARNING: Expected $image to be a string, got: {"image":null} 
[2026-04-13 14:59:50] local.WARNING: Expected $image to be a string, got: {"image":null} 
[2026-04-13 15:00:23] local.WARNING: Expected $image to be a string, got: {"image":null} 
[2026-04-13 15:00:23] local.WARNING: Expected $image to be a string, got: {"image":null} 
[2026-04-13 15:00:25] local.WARNING: Expected $image to be a string, got: {"image":null} 
[2026-04-13 15:00:25] local.WARNING: Expected $image to be a string, got: {"image":null} 
[2026-04-13 15:00:27] local.WARNING: Expected $image to be a string, got: {"image":null} 
[2026-04-13 15:00:27] local.WARNING: Expected $image to be a string, got: {"image":null} 
[2026-04-13 15:00:30] local.WARNING: Expected $image to be a string, got: {"image":null} 
[2026-04-13 15:00:30] local.WARNING: Expected $image to be a string, got: {"image":null} 
[2026-04-13 15:00:32] local.WARNING: Expected $image to be a string, got: {"image":null} 
[2026-04-13 15:00:32] local.WARNING: Expected $image to be a string, got: {"image":null} 
[2026-04-13 15:01:26] local.WARNING: Expected $image to be a string, got: {"image":null} 
[2026-04-13 15:01:26] local.WARNING: Expected $image to be a string, got: {"image":null} 
[2026-04-13 15:01:29] local.WARNING: Expected $image to be a string, got: {"image":null} 
[2026-04-13 15:01:29] local.WARNING: Expected $image to be a string, got: {"image":null} 
[2026-04-13 15:01:30] local.WARNING: Expected $image to be a string, got: {"image":null} 
[2026-04-13 15:01:30] local.WARNING: Expected $image to be a string, got: {"image":null} 
[2026-04-13 15:01:43] local.WARNING: Expected $image to be a string, got: {"image":null} 
[2026-04-13 15:01:43] local.WARNING: Expected $image to be a string, got: {"image":null} 
[2026-04-13 15:01:45] local.WARNING: Expected $image to be a string, got: {"image":null} 
[2026-04-13 15:01:45] local.WARNING: Expected $image to be a string, got: {"image":null} 
[2026-04-13 15:02:25] local.WARNING: Expected $image to be a string, got: {"image":null} 
[2026-04-13 15:02:25] local.WARNING: Expected $image to be a string, got: {"image":null} 
[2026-04-13 15:02:33] local.WARNING: Expected $image to be a string, got: {"image":null} 
[2026-04-13 15:02:33] local.WARNING: Expected $image to be a string, got: {"image":null} 
[2026-04-13 15:02:33] local.WARNING: Expected $image to be a string, got: {"image":null} 
[2026-04-13 15:02:33] local.WARNING: Expected $image to be a string, got: {"image":null} 
[2026-04-13 15:02:48] local.WARNING: Expected $image to be a string, got: {"image":null} 
[2026-04-13 15:02:48] local.WARNING: Expected $image to be a string, got: {"image":null} 
[2026-04-13 15:02:58] local.INFO: Visa Direct transaction {"trx_id":"58AT87HB9G6S","visa_txn_id":"372687917606081","action_code":"00","visa_status":"approved","amount":"2040.50000000","currency":"USD"} 
[2026-04-13 15:02:58] local.WARNING: Expected $image to be a string, got: {"image":null} 
[2026-04-13 15:03:00] local.WARNING: Expected $image to be a string, got: {"image":null} 
[2026-04-13 15:03:00] local.WARNING: Expected $image to be a string, got: {"image":null} 
[2026-04-13 15:03:01] local.WARNING: Expected $image to be a string, got: {"image":null} 
[2026-04-13 15:03:01] local.WARNING: Expected $image to be a string, got: {"image":null} 
[2026-04-13 15:03:01] local.WARNING: Expected $image to be a string, got: {"image":null} 
[2026-04-13 15:03:02] local.WARNING: Expected $image to be a string, got: {"image":null} 
[2026-04-13 15:03:02] local.WARNING: Expected $image to be a string, got: {"image":null} 
[2026-04-13 15:03:03] local.WARNING: Expected $image to be a string, got: {"image":null} 
[2026-04-13 15:03:03] local.WARNING: Expected $image to be a string, got: {"image":null} 
[2026-04-13 15:03:28] local.WARNING: Expected $image to be a string, got: {"image":null} 
[2026-04-13 15:03:28] local.WARNING: Expected $image to be a string, got: {"image":null} 
[2026-04-13 15:03:36] local.WARNING: Expected $image to be a string, got: {"image":null} 
[2026-04-13 15:03:36] local.WARNING: Expected $image to be a string, got: {"image":null} 
[2026-04-13 15:04:08] local.WARNING: Expected $image to be a string, got: {"image":null} 
[2026-04-13 15:04:08] local.WARNING: Expected $image to be a string, got: {"image":null} 
[2026-04-13 15:04:20] local.WARNING: Expected $image to be a string, got: {"image":null} 
[2026-04-13 15:04:20] local.WARNING: Expected $image to be a string, got: {"image":null} 
[2026-04-13 15:04:20] local.WARNING: Expected $image to be a string, got: {"image":null} 
[2026-04-13 15:04:20] local.WARNING: Expected $image to be a string, got: {"image":null} 
[2026-04-13 15:04:20] local.WARNING: Expected $image to be a string, got: {"image":null} 
[2026-04-13 15:04:45] local.WARNING: Expected $image to be a string, got: {"image":null} 
[2026-04-13 15:04:45] local.WARNING: Expected $image to be a string, got: {"image":null} 
[2026-04-13 15:04:45] local.WARNING: Expected $image to be a string, got: {"image":null} 
[2026-04-13 15:04:58] local.WARNING: Expected $image to be a string, got: {"image":null} 
[2026-04-13 15:04:58] local.WARNING: Expected $image to be a string, got: {"image":null} 
[2026-04-13 15:05:25] local.WARNING: Expected $image to be a string, got: {"image":null} 
[2026-04-13 15:05:25] local.WARNING: Expected $image to be a string, got: {"image":null} 
[2026-04-13 15:05:27] local.WARNING: Expected $image to be a string, got: {"image":null} 
[2026-04-13 15:05:27] local.WARNING: Expected $image to be a string, got: {"image":null} 
[2026-04-13 15:05:27] local.WARNING: Expected $image to be a string, got: {"image":null} 
[2026-04-13 15:05:27] local.WARNING: Expected $image to be a string, got: {"image":null} 
[2026-04-13 15:05:31] local.WARNING: Expected $image to be a string, got: {"image":null} 
[2026-04-13 15:05:31] local.WARNING: Expected $image to be a string, got: {"image":null} 
[2026-04-13 15:05:41] local.INFO: Visa Direct transaction {"trx_id":"W43COFKJZW3K","visa_txn_id":"653389476522048","action_code":"00","visa_status":"approved","amount":"50.00000000","currency":"USD"} 
[2026-04-13 15:05:41] local.WARNING: Expected $image to be a string, got: {"image":null} 
[2026-04-13 15:05:42] local.WARNING: Expected $image to be a string, got: {"image":null} 
[2026-04-13 15:05:42] local.WARNING: Expected $image to be a string, got: {"image":null} 
[2026-04-13 15:05:44] local.WARNING: Expected $image to be a string, got: {"image":null} 
[2026-04-13 15:05:44] local.WARNING: Expected $image to be a string, got: {"image":null} 
[2026-04-13 15:05:45] local.WARNING: Expected $image to be a string, got: {"image":null} 
[2026-04-13 15:05:45] local.WARNING: Expected $image to be a string, got: {"image":null} 
[2026-04-13 15:05:45] local.WARNING: Expected $image to be a string, got: {"image":null} 
[2026-04-13 15:05:48] local.WARNING: Expected $image to be a string, got: {"image":null} 
[2026-04-13 15:05:48] local.WARNING: Expected $image to be a string, got: {"image":null} 
[2026-04-13 15:05:51] local.WARNING: Expected $image to be a string, got: {"image":null} 
[2026-04-13 15:05:51] local.WARNING: Expected $image to be a string, got: {"image":null} 
[2026-04-13 15:05:52] local.WARNING: Expected $image to be a string, got: {"image":null} 
[2026-04-13 15:05:52] local.WARNING: Expected $image to be a string, got: {"image":null} 
[2026-04-13 15:06:07] local.WARNING: Expected $image to be a string, got: {"image":null} 
[2026-04-13 15:06:07] local.WARNING: Expected $image to be a string, got: {"image":null} 
[2026-04-13 15:06:18] local.WARNING: Expected $image to be a string, got: {"image":null} 
[2026-04-13 15:06:18] local.WARNING: Expected $image to be a string, got: {"image":null} 
[2026-04-13 15:06:18] local.WARNING: Expected $image to be a string, got: {"image":null} 
[2026-04-13 15:06:18] local.WARNING: Expected $image to be a string, got: {"image":null} 
[2026-04-13 15:06:34] local.WARNING: Expected $image to be a string, got: {"image":null} 
[2026-04-13 15:06:34] local.WARNING: Expected $image to be a string, got: {"image":null} 
[2026-04-13 15:06:45] local.INFO: Visa Direct transaction {"trx_id":"R6GP4P1QCZ5G","visa_txn_id":"701130213721753","action_code":"00","visa_status":"approved","amount":"1530.50000000","currency":"USD"} 
[2026-04-13 15:06:45] local.WARNING: Expected $image to be a string, got: {"image":null} 
[2026-04-13 15:06:46] local.WARNING: Expected $image to be a string, got: {"image":null} 
[2026-04-13 15:06:46] local.WARNING: Expected $image to be a string, got: {"image":null} 
[2026-04-13 15:06:47] local.WARNING: Expected $image to be a string, got: {"image":null} 
[2026-04-13 15:06:47] local.WARNING: Expected $image to be a string, got: {"image":null} 
[2026-04-13 15:06:52] local.WARNING: Expected $image to be a string, got: {"image":null} 
[2026-04-13 15:06:52] local.WARNING: Expected $image to be a string, got: {"image":null} 
[2026-04-13 15:06:52] local.WARNING: Expected $image to be a string, got: {"image":null} 
[2026-04-13 15:06:58] local.WARNING: Expected $image to be a string, got: {"image":null} 
[2026-04-13 15:06:58] local.WARNING: Expected $image to be a string, got: {"image":null} 
[2026-04-13 15:07:01] local.WARNING: Expected $image to be a string, got: {"image":null} 
[2026-04-13 15:07:01] local.WARNING: Expected $image to be a string, got: {"image":null} 
[2026-04-13 15:07:37] local.WARNING: Expected $image to be a string, got: {"image":null} 
[2026-04-13 15:07:37] local.WARNING: Expected $image to be a string, got: {"image":null} 
[2026-04-13 15:07:48] local.WARNING: Expected $image to be a string, got: {"image":null} 
[2026-04-13 15:07:48] local.WARNING: Expected $image to be a string, got: {"image":null} 
[2026-04-13 15:07:48] local.WARNING: Expected $image to be a string, got: {"image":null} 
[2026-04-13 15:07:49] local.WARNING: Expected $image to be a string, got: {"image":null} 
[2026-04-13 15:07:49] local.WARNING: Expected $image to be a string, got: {"image":null} 
[2026-04-13 15:07:50] local.WARNING: Expected $image to be a string, got: {"image":null} 
[2026-04-13 15:07:50] local.WARNING: Expected $image to be a string, got: {"image":null} 
[2026-04-13 15:08:13] local.WARNING: Expected $image to be a string, got: {"image":null} 
[2026-04-13 15:08:19] local.WARNING: Expected $image to be a string, got: {"image":null} 
[2026-04-13 15:08:37] local.WARNING: Expected $image to be a string, got: {"image":null} 
[2026-04-13 15:08:37] local.WARNING: Expected $image to be a string, got: {"image":null} 
[2026-04-13 15:08:40] local.WARNING: Expected $image to be a string, got: {"image":null} 
[2026-04-13 15:08:40] local.WARNING: Expected $image to be a string, got: {"image":null} 
[2026-04-13 15:08:44] local.WARNING: Expected $image to be a string, got: {"image":null} 
[2026-04-13 15:08:44] local.WARNING: Expected $image to be a string, got: {"image":null} 
[2026-04-13 15:09:07] local.WARNING: Expected $image to be a string, got: {"image":null} 
[2026-04-13 15:09:07] local.WARNING: Expected $image to be a string, got: {"image":null} 
[2026-04-13 15:09:09] local.WARNING: Expected $image to be a string, got: {"image":null} 
[2026-04-13 15:09:09] local.WARNING: Expected $image to be a string, got: {"image":null} 
[2026-04-13 15:09:41] local.WARNING: Expected $image to be a string, got: {"image":null} 
[2026-04-13 15:09:41] local.WARNING: Expected $image to be a string, got: {"image":null} 
[2026-04-13 15:09:41] local.WARNING: Expected $image to be a string, got: {"image":null} 
[2026-04-13 15:09:41] local.WARNING: Expected $image to be a string, got: {"image":null} 
[2026-04-13 15:09:49] local.WARNING: Expected $image to be a string, got: {"image":null} 
[2026-04-13 15:09:49] local.WARNING: Expected $image to be a string, got: {"image":null} 
[2026-04-13 15:09:57] local.INFO: Visa Direct transaction {"trx_id":"HKGMBTOV65C1","visa_txn_id":"450524903367905","action_code":"00","visa_status":"approved","amount":"1020.50000000","currency":"USD"} 
[2026-04-13 15:09:58] local.WARNING: Expected $image to be a string, got: {"image":null} 
[2026-04-13 15:09:58] local.WARNING: Expected $image to be a string, got: {"image":null} 
[2026-04-13 15:10:00] local.WARNING: Expected $image to be a string, got: {"image":null} 
[2026-04-13 15:10:00] local.WARNING: Expected $image to be a string, got: {"image":null} 
[2026-04-13 15:10:01] local.WARNING: Expected $image to be a string, got: {"image":null} 
[2026-04-13 15:10:01] local.WARNING: Expected $image to be a string, got: {"image":null} 
[2026-04-13 15:10:05] local.WARNING: Expected $image to be a string, got: {"image":null} 
[2026-04-13 15:10:05] local.WARNING: Expected $image to be a string, got: {"image":null} 
[2026-04-13 15:10:09] local.WARNING: Expected $image to be a string, got: {"image":null} 
[2026-04-13 15:10:09] local.WARNING: Expected $image to be a string, got: {"image":null} 
[2026-04-13 15:10:09] local.WARNING: Expected $image to be a string, got: {"image":null} 
[2026-04-13 15:10:11] local.WARNING: Expected $image to be a string, got: {"image":null} 
[2026-04-13 15:10:11] local.WARNING: Expected $image to be a string, got: {"image":null} 
[2026-04-13 15:10:20] local.WARNING: Expected $image to be a string, got: {"image":null} 
[2026-04-13 15:10:20] local.WARNING: Expected $image to be a string, got: {"image":null} 
[2026-04-13 15:10:23] local.WARNING: Expected $image to be a string, got: {"image":null} 
[2026-04-13 15:10:23] local.WARNING: Expected $image to be a string, got: {"image":null} 
[2026-04-13 15:10:23] local.WARNING: Expected $image to be a string, got: {"image":null} 
[2026-04-13 15:10:23] local.WARNING: Expected $image to be a string, got: {"image":null} 
[2026-04-13 15:10:38] local.WARNING: Expected $image to be a string, got: {"image":null} 
[2026-04-13 15:10:38] local.WARNING: Expected $image to be a string, got: {"image":null} 
[2026-04-13 15:10:39] local.WARNING: Expected $image to be a string, got: {"image":null} 
[2026-04-13 15:10:39] local.WARNING: Expected $image to be a string, got: {"image":null} 
[2026-04-13 15:10:46] local.WARNING: Expected $image to be a string, got: {"image":null} 
[2026-04-13 15:10:46] local.WARNING: Expected $image to be a string, got: {"image":null} 
[2026-04-13 15:10:46] local.WARNING: Expected $image to be a string, got: {"image":null} 
[2026-04-13 15:10:46] local.WARNING: Expected $image to be a string, got: {"image":null} 
[2026-04-13 15:10:49] local.WARNING: Expected $image to be a string, got: {"image":null} 
[2026-04-13 15:10:49] local.WARNING: Expected $image to be a string, got: {"image":null} 
[2026-04-13 15:10:49] local.WARNING: Expected $image to be a string, got: {"image":null} 
[2026-04-13 15:10:49] local.WARNING: Expected $image to be a string, got: {"image":null} 
[2026-04-13 15:10:56] local.WARNING: Expected $image to be a string, got: {"image":null} 
[2026-04-13 15:10:56] local.WARNING: Expected $image to be a string, got: {"image":null} 
[2026-04-13 15:10:56] local.WARNING: Expected $image to be a string, got: {"image":null} 
[2026-04-13 15:10:56] local.WARNING: Expected $image to be a string, got: {"image":null} 
[2026-04-13 15:11:03] local.WARNING: Expected $image to be a string, got: {"image":null} 
[2026-04-13 15:11:03] local.WARNING: Expected $image to be a string, got: {"image":null} 
[2026-04-13 15:11:11] local.INFO: Visa Direct transaction {"trx_id":"5NCCWZM6JR39","visa_txn_id":"608420391602707","action_code":"00","visa_status":"approved","amount":"1020.50000000","currency":"USD"} 
[2026-04-13 15:11:12] local.WARNING: Expected $image to be a string, got: {"image":null} 
[2026-04-13 15:11:12] local.WARNING: Expected $image to be a string, got: {"image":null} 
[2026-04-13 15:11:13] local.WARNING: Expected $image to be a string, got: {"image":null} 
[2026-04-13 15:11:13] local.WARNING: Expected $image to be a string, got: {"image":null} 
[2026-04-13 15:11:14] local.WARNING: Expected $image to be a string, got: {"image":null} 
[2026-04-13 15:11:14] local.WARNING: Expected $image to be a string, got: {"image":null} 
[2026-04-13 15:11:15] local.WARNING: Expected $image to be a string, got: {"image":null} 
[2026-04-13 15:11:15] local.WARNING: Expected $image to be a string, got: {"image":null} 
[2026-04-13 15:11:25] local.WARNING: Expected $image to be a string, got: {"image":null} 
[2026-04-13 15:11:25] local.WARNING: Expected $image to be a string, got: {"image":null} 
[2026-04-13 15:11:25] local.WARNING: Expected $image to be a string, got: {"image":null} 
[2026-04-13 15:11:32] local.WARNING: Expected $image to be a string, got: {"image":null} 
[2026-04-13 15:11:32] local.WARNING: Expected $image to be a string, got: {"image":null} 
[2026-04-13 15:11:32] local.WARNING: Expected $image to be a string, got: {"image":null} 
[2026-04-13 15:11:34] local.WARNING: Expected $image to be a string, got: {"image":null} 
[2026-04-13 15:11:34] local.WARNING: Expected $image to be a string, got: {"image":null} 
[2026-04-13 15:11:52] local.WARNING: Expected $image to be a string, got: {"image":null} 
[2026-04-13 15:11:52] local.WARNING: Expected $image to be a string, got: {"image":null} 
[2026-04-13 15:11:52] local.WARNING: Expected $image to be a string, got: {"image":null} 
[2026-04-13 15:11:52] local.WARNING: Expected $image to be a string, got: {"image":null} 
[2026-04-13 15:12:08] local.WARNING: Expected $image to be a string, got: {"image":null} 
[2026-04-13 15:12:08] local.WARNING: Expected $image to be a string, got: {"image":null} 
[2026-04-13 15:12:08] local.WARNING: Expected $image to be a string, got: {"image":null} 
[2026-04-13 15:12:16] local.WARNING: Expected $image to be a string, got: {"image":null} 
[2026-04-13 15:12:16] local.WARNING: Expected $image to be a string, got: {"image":null} 
[2026-04-13 15:12:22] local.WARNING: Expected $image to be a string, got: {"image":null} 
[2026-04-13 15:12:22] local.WARNING: Expected $image to be a string, got: {"image":null} 
[2026-04-13 15:12:22] local.WARNING: Expected $image to be a string, got: {"image":null} 
[2026-04-13 15:12:22] local.WARNING: Expected $image to be a string, got: {"image":null} 
[2026-04-13 15:13:06] local.WARNING: Expected $image to be a string, got: {"image":null} 
[2026-04-13 15:13:06] local.WARNING: Expected $image to be a string, got: {"image":null} 
[2026-04-13 15:13:06] local.WARNING: Expected $image to be a string, got: {"image":null} 
[2026-04-13 15:13:06] local.WARNING: Expected $image to be a string, got: {"image":null} 
[2026-04-13 15:13:06] local.WARNING: Expected $image to be a string, got: {"image":null} 
[2026-04-13 15:13:07] local.WARNING: Expected $image to be a string, got: {"image":null} 
[2026-04-13 15:13:07] local.WARNING: Expected $image to be a string, got: {"image":null} 
[2026-04-13 15:13:19] local.WARNING: Expected $image to be a string, got: {"image":null} 
[2026-04-13 15:13:19] local.WARNING: Expected $image to be a string, got: {"image":null} 
[2026-04-13 15:13:22] local.WARNING: Expected $image to be a string, got: {"image":null} 
[2026-04-13 15:13:22] local.WARNING: Expected $image to be a string, got: {"image":null} 
[2026-04-13 15:13:22] local.WARNING: Expected $image to be a string, got: {"image":null} 
[2026-04-13 15:13:23] local.WARNING: Expected $image to be a string, got: {"image":null} 
[2026-04-13 15:13:23] local.WARNING: Expected $image to be a string, got: {"image":null} 
[2026-04-13 15:13:32] local.WARNING: Expected $image to be a string, got: {"image":null} 
[2026-04-13 15:13:32] local.WARNING: Expected $image to be a string, got: {"image":null} 
[2026-04-13 15:13:32] local.WARNING: Expected $image to be a string, got: {"image":null} 
[2026-04-13 15:13:39] local.WARNING: Expected $image to be a string, got: {"image":null} 
[2026-04-13 15:13:39] local.WARNING: Expected $image to be a string, got: {"image":null} 
[2026-04-13 15:13:44] local.WARNING: Expected $image to be a string, got: {"image":null} 
[2026-04-13 15:13:44] local.WARNING: Expected $image to be a string, got: {"image":null} 
[2026-04-13 15:13:46] local.WARNING: Expected $image to be a string, got: {"image":null} 
[2026-04-13 15:13:46] local.WARNING: Expected $image to be a string, got: {"image":null} 
