[2026-04-01 03:03:42] local.WARNING: Expected $image to be a string, got: {"image":null} 
[2026-04-01 03:03:42] local.WARNING: Expected $image to be a string, got: {"image":null} 
[2026-04-01 03:03:55] local.WARNING: Expected $image to be a string, got: {"image":null} 
[2026-04-01 03:03:55] local.WARNING: Expected $image to be a string, got: {"image":null} 
[2026-04-01 03:05:26] local.WARNING: Expected $image to be a string, got: {"image":null} 
[2026-04-01 03:05:45] local.WARNING: Expected $image to be a string, got: {"image":null} 
[2026-04-01 03:05:45] local.WARNING: Expected $image to be a string, got: {"image":null} 
[2026-04-01 03:05:52] local.WARNING: Expected $image to be a string, got: {"image":null} 
[2026-04-01 03:05:52] local.WARNING: Expected $image to be a string, got: {"image":null} 
[2026-04-01 03:05:57] local.WARNING: Expected $image to be a string, got: {"image":null} 
[2026-04-01 03:05:57] local.WARNING: Expected $image to be a string, got: {"image":null} 
[2026-04-01 03:06:01] local.WARNING: Expected $image to be a string, got: {"image":null} 
[2026-04-01 03:06:01] local.WARNING: Expected $image to be a string, got: {"image":null} 
[2026-04-01 03:06:04] local.WARNING: Expected $image to be a string, got: {"image":null} 
[2026-04-01 03:06:04] local.WARNING: Expected $image to be a string, got: {"image":null} 
[2026-04-01 03:06:14] local.WARNING: Expected $image to be a string, got: {"image":null} 
[2026-04-01 03:06:14] local.WARNING: Expected $image to be a string, got: {"image":null} 
[2026-04-01 03:06:14] local.WARNING: Expected $image to be a string, got: {"image":null} 
[2026-04-01 03:06:18] local.WARNING: Expected $image to be a string, got: {"image":null} 
[2026-04-01 03:06:18] local.WARNING: Expected $image to be a string, got: {"image":null} 
[2026-04-01 03:08:25] local.WARNING: Expected $image to be a string, got: {"image":null} 
[2026-04-01 03:08:25] local.WARNING: Expected $image to be a string, got: {"image":null} 
[2026-04-01 03:08:30] local.WARNING: Expected $image to be a string, got: {"image":null} 
[2026-04-01 03:08:30] local.WARNING: Expected $image to be a string, got: {"image":null} 
[2026-04-01 02:32:40] local.WARNING: Expected $image to be a string, got: {"image":null} 
[2026-04-01 02:32:40] local.WARNING: Expected $image to be a string, got: {"image":null} 
[2026-04-01 02:32:57] local.WARNING: Expected $image to be a string, got: {"image":null} 
[2026-04-01 02:32:57] local.WARNING: Expected $image to be a string, got: {"image":null} 
[2026-04-01 02:33:04] local.WARNING: Expected $image to be a string, got: {"image":null} 
[2026-04-01 02:33:04] local.WARNING: Expected $image to be a string, got: {"image":null} 
[2026-04-01 02:34:56] local.WARNING: Expected $image to be a string, got: {"image":null} 
[2026-04-01 02:34:56] local.WARNING: Expected $image to be a string, got: {"image":null} 
[2026-04-01 02:35:07] local.WARNING: Expected $image to be a string, got: {"image":null} 
[2026-04-01 02:35:07] local.WARNING: Expected $image to be a string, got: {"image":null} 
[2026-04-01 02:35:10] local.WARNING: Expected $image to be a string, got: {"image":null} 
[2026-04-01 02:35:10] local.WARNING: Expected $image to be a string, got: {"image":null} 
[2026-04-01 02:35:21] local.WARNING: Expected $image to be a string, got: {"image":null} 
[2026-04-01 02:35:21] local.WARNING: Expected $image to be a string, got: {"image":null} 
[2026-04-01 02:35:21] local.WARNING: Expected $image to be a string, got: {"image":null} 
[2026-04-01 02:35:23] local.WARNING: Expected $image to be a string, got: {"image":null} 
[2026-04-01 02:35:23] local.WARNING: Expected $image to be a string, got: {"image":null} 
[2026-04-01 02:35:28] local.WARNING: Expected $image to be a string, got: {"image":null} 
[2026-04-01 02:35:28] local.WARNING: Expected $image to be a string, got: {"image":null} 
[2026-04-01 03:10:45] local.WARNING: Expected $image to be a string, got: {"image":null} 
[2026-04-01 03:10:45] local.WARNING: Expected $image to be a string, got: {"image":null} 
[2026-04-01 03:10:49] local.WARNING: Expected $image to be a string, got: {"image":null} 
[2026-04-01 03:10:49] local.WARNING: Expected $image to be a string, got: {"image":null} 
[2026-04-01 03:10:53] local.WARNING: Expected $image to be a string, got: {"image":null} 
[2026-04-01 03:10:53] local.WARNING: Expected $image to be a string, got: {"image":null} 
[2026-04-01 03:11:05] local.WARNING: Expected $image to be a string, got: {"image":null} 
[2026-04-01 03:11:05] local.WARNING: Expected $image to be a string, got: {"image":null} 
[2026-04-01 03:11:05] local.WARNING: Expected $image to be a string, got: {"image":null} 
[2026-04-01 03:11:11] local.WARNING: Expected $image to be a string, got: {"image":null} 
[2026-04-01 03:11:11] local.WARNING: Expected $image to be a string, got: {"image":null} 
[2026-04-01 03:11:15] local.WARNING: Expected $image to be a string, got: {"image":null} 
[2026-04-01 03:11:15] local.WARNING: Expected $image to be a string, got: {"image":null} 
[2026-04-01 03:11:33] local.WARNING: Expected $image to be a string, got: {"image":null} 
[2026-04-01 03:11:33] local.WARNING: Expected $image to be a string, got: {"image":null} 
[2026-04-01 03:12:09] local.WARNING: Expected $image to be a string, got: {"image":null} 
[2026-04-01 03:12:09] local.WARNING: Expected $image to be a string, got: {"image":null} 
[2026-04-01 03:12:22] local.WARNING: Expected $image to be a string, got: {"image":null} 
[2026-04-01 03:12:22] local.WARNING: Expected $image to be a string, got: {"image":null} 
[2026-04-01 03:12:25] local.WARNING: Expected $image to be a string, got: {"image":null} 
[2026-04-01 03:12:25] local.WARNING: Expected $image to be a string, got: {"image":null} 
[2026-04-01 03:12:31] local.WARNING: Expected $image to be a string, got: {"image":null} 
[2026-04-01 03:12:31] local.WARNING: Expected $image to be a string, got: {"image":null} 
[2026-04-01 03:12:40] local.WARNING: Expected $image to be a string, got: {"image":null} 
[2026-04-01 03:12:40] local.WARNING: Expected $image to be a string, got: {"image":null} 
[2026-04-01 03:12:40] local.WARNING: Expected $image to be a string, got: {"image":null} 
[2026-04-01 03:12:41] local.WARNING: Expected $image to be a string, got: {"image":null} 
[2026-04-01 03:12:41] local.WARNING: Expected $image to be a string, got: {"image":null} 
[2026-04-01 03:12:44] local.WARNING: Expected $image to be a string, got: {"image":null} 
[2026-04-01 03:12:44] local.WARNING: Expected $image to be a string, got: {"image":null} 
[2026-04-01 03:14:35] local.WARNING: Expected $image to be a string, got: {"image":null} 
[2026-04-01 03:14:35] local.WARNING: Expected $image to be a string, got: {"image":null} 
[2026-04-01 03:34:02] local.WARNING: Expected $image to be a string, got: {"image":null} 
[2026-04-01 03:34:02] local.WARNING: Expected $image to be a string, got: {"image":null} 
[2026-04-01 03:34:08] local.WARNING: Expected $image to be a string, got: {"image":null} 
[2026-04-01 03:34:08] local.WARNING: Expected $image to be a string, got: {"image":null} 
[2026-04-01 03:34:44] local.WARNING: Expected $image to be a string, got: {"image":null} 
[2026-04-01 03:34:44] local.WARNING: Expected $image to be a string, got: {"image":null} 
[2026-04-01 03:34:44] local.WARNING: Expected $image to be a string, got: {"image":null} 
[2026-04-01 03:34:46] local.WARNING: Expected $image to be a string, got: {"image":null} 
[2026-04-01 03:34:46] local.WARNING: Expected $image to be a string, got: {"image":null} 
[2026-04-01 03:34:57] local.WARNING: Expected $image to be a string, got: {"image":null} 
[2026-04-01 03:34:57] local.WARNING: Expected $image to be a string, got: {"image":null} 
[2026-04-01 03:35:11] local.WARNING: Expected $image to be a string, got: {"image":null} 
[2026-04-01 03:35:11] local.WARNING: Expected $image to be a string, got: {"image":null} 
[2026-04-01 03:35:11] local.WARNING: Expected $image to be a string, got: {"image":null} 
[2026-04-01 03:35:12] local.WARNING: Expected $image to be a string, got: {"image":null} 
[2026-04-01 03:35:12] local.WARNING: Expected $image to be a string, got: {"image":null} 
[2026-04-01 03:35:17] local.WARNING: Expected $image to be a string, got: {"image":null} 
[2026-04-01 03:35:17] local.WARNING: Expected $image to be a string, got: {"image":null} 
[2026-04-01 03:35:55] local.WARNING: Expected $image to be a string, got: {"image":null} 
[2026-04-01 03:35:55] local.WARNING: Expected $image to be a string, got: {"image":null} 
[2026-04-01 03:36:52] local.WARNING: Expected $image to be a string, got: {"image":null} 
[2026-04-01 03:36:52] local.WARNING: Expected $image to be a string, got: {"image":null} 
[2026-04-01 03:37:09] local.WARNING: Expected $image to be a string, got: {"image":null} 
[2026-04-01 03:37:09] local.WARNING: Expected $image to be a string, got: {"image":null} 
[2026-04-01 03:37:09] local.WARNING: Expected $image to be a string, got: {"image":null} 
[2026-04-01 03:37:11] local.WARNING: Expected $image to be a string, got: {"image":null} 
[2026-04-01 03:37:11] local.WARNING: Expected $image to be a string, got: {"image":null} 
[2026-04-01 03:37:14] local.WARNING: Expected $image to be a string, got: {"image":null} 
[2026-04-01 03:37:14] local.WARNING: Expected $image to be a string, got: {"image":null} 
[2026-04-01 03:38:04] local.WARNING: Expected $image to be a string, got: {"image":null} 
[2026-04-01 03:38:04] local.WARNING: Expected $image to be a string, got: {"image":null} 
[2026-04-01 03:38:54] local.WARNING: Expected $image to be a string, got: {"image":null} 
[2026-04-01 03:39:13] local.WARNING: Expected $image to be a string, got: {"image":null} 
[2026-04-01 03:39:13] local.WARNING: Expected $image to be a string, got: {"image":null} 
[2026-04-01 03:39:20] local.WARNING: Expected $image to be a string, got: {"image":null} 
[2026-04-01 03:39:20] local.WARNING: Expected $image to be a string, got: {"image":null} 
[2026-04-01 03:39:30] local.WARNING: Expected $image to be a string, got: {"image":null} 
[2026-04-01 03:39:30] local.WARNING: Expected $image to be a string, got: {"image":null} 
[2026-04-01 03:39:38] local.WARNING: Expected $image to be a string, got: {"image":null} 
[2026-04-01 03:39:38] local.WARNING: Expected $image to be a string, got: {"image":null} 
[2026-04-01 03:40:07] local.WARNING: Expected $image to be a string, got: {"image":null} 
[2026-04-01 03:40:07] local.WARNING: Expected $image to be a string, got: {"image":null} 
[2026-04-01 03:40:18] local.WARNING: Expected $image to be a string, got: {"image":null} 
[2026-04-01 03:40:18] local.WARNING: Expected $image to be a string, got: {"image":null} 
[2026-04-01 03:40:22] local.WARNING: Expected $image to be a string, got: {"image":null} 
[2026-04-01 03:40:22] local.WARNING: Expected $image to be a string, got: {"image":null} 
[2026-04-01 03:40:28] local.WARNING: Expected $image to be a string, got: {"image":null} 
[2026-04-01 03:40:28] local.WARNING: Expected $image to be a string, got: {"image":null} 
[2026-04-01 03:40:44] local.WARNING: Expected $image to be a string, got: {"image":null} 
[2026-04-01 03:40:44] local.WARNING: Expected $image to be a string, got: {"image":null} 
[2026-04-01 03:41:13] local.WARNING: Expected $image to be a string, got: {"image":null} 
[2026-04-01 03:41:13] local.WARNING: Expected $image to be a string, got: {"image":null} 
[2026-04-01 03:43:47] local.WARNING: Expected $image to be a string, got: {"image":null} 
[2026-04-01 03:43:47] local.WARNING: Expected $image to be a string, got: {"image":null} 
[2026-04-01 03:50:31] local.WARNING: Expected $image to be a string, got: {"image":null} 
[2026-04-01 03:50:31] local.WARNING: Expected $image to be a string, got: {"image":null} 
[2026-04-01 03:51:27] local.WARNING: Expected $image to be a string, got: {"image":null} 
[2026-04-01 03:51:27] local.WARNING: Expected $image to be a string, got: {"image":null} 
[2026-04-01 03:51:31] local.WARNING: Expected $image to be a string, got: {"image":null} 
[2026-04-01 03:51:31] local.WARNING: Expected $image to be a string, got: {"image":null} 
[2026-04-01 03:52:12] local.WARNING: Expected $image to be a string, got: {"image":null} 
[2026-04-01 03:52:12] local.WARNING: Expected $image to be a string, got: {"image":null} 
[2026-04-01 03:52:12] local.WARNING: Expected $image to be a string, got: {"image":null} 
[2026-04-01 03:52:17] local.WARNING: Expected $image to be a string, got: {"image":null} 
[2026-04-01 03:52:17] local.WARNING: Expected $image to be a string, got: {"image":null} 
[2026-04-01 03:52:36] local.WARNING: Expected $image to be a string, got: {"image":null} 
[2026-04-01 03:52:36] local.WARNING: Expected $image to be a string, got: {"image":null} 
[2026-04-01 03:52:39] local.WARNING: Expected $image to be a string, got: {"image":null} 
[2026-04-01 03:52:39] local.WARNING: Expected $image to be a string, got: {"image":null} 
[2026-04-01 03:52:44] local.WARNING: Expected $image to be a string, got: {"image":null} 
[2026-04-01 03:52:44] local.WARNING: Expected $image to be a string, got: {"image":null} 
[2026-04-01 03:53:00] local.WARNING: Expected $image to be a string, got: {"image":null} 
[2026-04-01 03:53:00] local.WARNING: Expected $image to be a string, got: {"image":null} 
[2026-04-01 03:53:03] local.WARNING: Expected $image to be a string, got: {"image":null} 
[2026-04-01 03:53:03] local.WARNING: Expected $image to be a string, got: {"image":null} 
[2026-04-01 03:53:08] local.WARNING: Expected $image to be a string, got: {"image":null} 
[2026-04-01 03:53:08] local.WARNING: Expected $image to be a string, got: {"image":null} 
[2026-04-01 03:53:12] local.WARNING: Expected $image to be a string, got: {"image":null} 
[2026-04-01 03:53:12] local.WARNING: Expected $image to be a string, got: {"image":null} 
[2026-04-01 03:54:08] local.WARNING: Expected $image to be a string, got: {"image":null} 
[2026-04-01 03:54:27] local.WARNING: Expected $image to be a string, got: {"image":null} 
[2026-04-01 03:54:27] local.WARNING: Expected $image to be a string, got: {"image":null} 
[2026-04-01 03:54:31] local.WARNING: Expected $image to be a string, got: {"image":null} 
[2026-04-01 03:54:31] local.WARNING: Expected $image to be a string, got: {"image":null} 
[2026-04-01 03:54:34] local.WARNING: Expected $image to be a string, got: {"image":null} 
[2026-04-01 03:54:34] local.WARNING: Expected $image to be a string, got: {"image":null} 
[2026-04-01 03:54:41] local.WARNING: Expected $image to be a string, got: {"image":null} 
[2026-04-01 03:54:41] local.WARNING: Expected $image to be a string, got: {"image":null} 
[2026-04-01 03:54:49] local.WARNING: Expected $image to be a string, got: {"image":null} 
[2026-04-01 03:54:49] local.WARNING: Expected $image to be a string, got: {"image":null} 
[2026-04-01 03:55:24] local.WARNING: Expected $image to be a string, got: {"image":null} 
[2026-04-01 03:55:24] local.WARNING: Expected $image to be a string, got: {"image":null} 
[2026-04-01 03:55:24] local.WARNING: Expected $image to be a string, got: {"image":null} 
[2026-04-01 03:55:26] local.WARNING: Expected $image to be a string, got: {"image":null} 
[2026-04-01 03:55:26] local.WARNING: Expected $image to be a string, got: {"image":null} 
[2026-04-01 03:55:36] local.WARNING: Expected $image to be a string, got: {"image":null} 
[2026-04-01 03:55:36] local.WARNING: Expected $image to be a string, got: {"image":null} 
[2026-04-01 03:55:46] local.WARNING: Expected $image to be a string, got: {"image":null} 
[2026-04-01 03:55:46] local.WARNING: Expected $image to be a string, got: {"image":null} 
[2026-04-01 03:56:08] local.WARNING: Expected $image to be a string, got: {"image":null} 
[2026-04-01 03:56:08] local.WARNING: Expected $image to be a string, got: {"image":null} 
[2026-04-01 14:34:42] local.WARNING: Expected $image to be a string, got: {"image":null} 
[2026-04-01 14:35:24] local.WARNING: Expected $image to be a string, got: {"image":null} 
[2026-04-01 14:56:26] local.WARNING: Expected $image to be a string, got: {"image":null} 
[2026-04-01 14:56:26] local.WARNING: Expected $image to be a string, got: {"image":null} 
[2026-04-01 14:56:33] local.WARNING: Expected $image to be a string, got: {"image":null} 
[2026-04-01 14:56:33] local.WARNING: Expected $image to be a string, got: {"image":null} 
[2026-04-01 14:56:37] local.WARNING: Expected $image to be a string, got: {"image":null} 
[2026-04-01 14:56:37] local.WARNING: Expected $image to be a string, got: {"image":null} 
[2026-04-01 15:00:23] local.WARNING: Expected $image to be a string, got: {"image":null} 
[2026-04-01 15:11:17] local.WARNING: Expected $image to be a string, got: {"image":null} 
[2026-04-01 15:26:24] local.WARNING: Expected $image to be a string, got: {"image":null} 
[2026-04-01 15:26:24] local.WARNING: Expected $image to be a string, got: {"image":null} 
[2026-04-01 15:29:59] local.WARNING: Expected $image to be a string, got: {"image":null} 
[2026-04-01 15:30:38] local.WARNING: Expected $image to be a string, got: {"image":null} 
[2026-04-01 15:31:14] local.ERROR: Failed to authenticate on SMTP server with username "base@paymoney.com.pl" using the following authenticators: "LOGIN", "PLAIN", "XOAUTH2". Authenticator "LOGIN" returned "Expected response code "235" but got code "535", with message "535-5.7.8 Username and Password not accepted. For more information, go to
535 5.7.8  https://support.google.com/mail/?p=BadCredentials ffacd0b85a97d-43cf21f279bsm31092901f8f.16 - gsmtp".". Authenticator "PLAIN" returned "Expected response code "235" but got code "535", with message "535-5.7.8 Username and Password not accepted. For more information, go to
535 5.7.8  https://support.google.com/mail/?p=BadCredentials ffacd0b85a97d-43cf21f279bsm31092901f8f.16 - gsmtp".". Authenticator "XOAUTH2" returned "Expected response code "235" but got code "334", with message "334 eyJzdGF0dXMiOiI0MDAiLCJzY2hlbWVzIjoiQmVhcmVyIiwic2NvcGUiOiJodHRwczovL21haWwuZ29vZ2xlLmNvbS8ifQ==".". {"userId":1,"exception":"[object] (Symfony\\Component\\Mailer\\Exception\\TransportException(code: 334): Failed to authenticate on SMTP server with username \"base@paymoney.com.pl\" using the following authenticators: \"LOGIN\", \"PLAIN\", \"XOAUTH2\". Authenticator \"LOGIN\" returned \"Expected response code \"235\" but got code \"535\", with message \"535-5.7.8 Username and Password not accepted. For more information, go to

535 5.7.8  https://support.google.com/mail/?p=BadCredentials ffacd0b85a97d-43cf21f279bsm31092901f8f.16 - gsmtp\".\". Authenticator \"PLAIN\" returned \"Expected response code \"235\" but got code \"535\", with message \"535-5.7.8 Username and Password not accepted. For more information, go to

535 5.7.8  https://support.google.com/mail/?p=BadCredentials ffacd0b85a97d-43cf21f279bsm31092901f8f.16 - gsmtp\".\". Authenticator \"XOAUTH2\" returned \"Expected response code \"235\" but got code \"334\", with message \"334 eyJzdGF0dXMiOiI0MDAiLCJzY2hlbWVzIjoiQmVhcmVyIiwic2NvcGUiOiJodHRwczovL21haWwuZ29vZ2xlLmNvbS8ifQ==\".\". at /var/www/vhosts/paymoney.com.pl/httpdocs/vendor/symfony/mailer/Transport/Smtp/EsmtpTransport.php:226)
[stacktrace]
#0 /var/www/vhosts/paymoney.com.pl/httpdocs/vendor/symfony/mailer/Transport/Smtp/EsmtpTransport.php(161): Symfony\\Component\\Mailer\\Transport\\Smtp\\EsmtpTransport->handleAuth()
#1 /var/www/vhosts/paymoney.com.pl/httpdocs/vendor/symfony/mailer/Transport/Smtp/EsmtpTransport.php(118): Symfony\\Component\\Mailer\\Transport\\Smtp\\EsmtpTransport->doEhloCommand()
#2 /var/www/vhosts/paymoney.com.pl/httpdocs/vendor/symfony/mailer/Transport/Smtp/SmtpTransport.php(254): Symfony\\Component\\Mailer\\Transport\\Smtp\\EsmtpTransport->executeCommand()
#3 /var/www/vhosts/paymoney.com.pl/httpdocs/vendor/symfony/mailer/Transport/Smtp/SmtpTransport.php(277): Symfony\\Component\\Mailer\\Transport\\Smtp\\SmtpTransport->doHeloCommand()
#4 /var/www/vhosts/paymoney.com.pl/httpdocs/vendor/symfony/mailer/Transport/Smtp/SmtpTransport.php(209): Symfony\\Component\\Mailer\\Transport\\Smtp\\SmtpTransport->start()
#5 /var/www/vhosts/paymoney.com.pl/httpdocs/vendor/symfony/mailer/Transport/AbstractTransport.php(69): Symfony\\Component\\Mailer\\Transport\\Smtp\\SmtpTransport->doSend()
#6 /var/www/vhosts/paymoney.com.pl/httpdocs/vendor/symfony/mailer/Transport/Smtp/SmtpTransport.php(137): Symfony\\Component\\Mailer\\Transport\\AbstractTransport->send()
#7 /var/www/vhosts/paymoney.com.pl/httpdocs/vendor/laravel/framework/src/Illuminate/Mail/Mailer.php(573): Symfony\\Component\\Mailer\\Transport\\Smtp\\SmtpTransport->send()
#8 /var/www/vhosts/paymoney.com.pl/httpdocs/vendor/laravel/framework/src/Illuminate/Mail/Mailer.php(335): Illuminate\\Mail\\Mailer->sendSymfonyMessage()
#9 /var/www/vhosts/paymoney.com.pl/httpdocs/vendor/laravel/framework/src/Illuminate/Mail/Mailable.php(205): Illuminate\\Mail\\Mailer->send()
#10 /var/www/vhosts/paymoney.com.pl/httpdocs/vendor/laravel/framework/src/Illuminate/Support/Traits/Localizable.php(19): Illuminate\\Mail\\Mailable->{closure:Illuminate\\Mail\\Mailable::send():198}()
#11 /var/www/vhosts/paymoney.com.pl/httpdocs/vendor/laravel/framework/src/Illuminate/Mail/Mailable.php(198): Illuminate\\Mail\\Mailable->withLocale()
#12 /var/www/vhosts/paymoney.com.pl/httpdocs/vendor/laravel/framework/src/Illuminate/Mail/Mailer.php(357): Illuminate\\Mail\\Mailable->send()
#13 /var/www/vhosts/paymoney.com.pl/httpdocs/vendor/laravel/framework/src/Illuminate/Mail/Mailer.php(301): Illuminate\\Mail\\Mailer->sendMailable()
#14 /var/www/vhosts/paymoney.com.pl/httpdocs/vendor/laravel/framework/src/Illuminate/Mail/PendingMail.php(124): Illuminate\\Mail\\Mailer->send()
#15 /var/www/vhosts/paymoney.com.pl/httpdocs/app/Http/Controllers/Admin/EmailConfigController.php(125): Illuminate\\Mail\\PendingMail->send()
#16 /var/www/vhosts/paymoney.com.pl/httpdocs/vendor/laravel/framework/src/Illuminate/Routing/Controller.php(54): App\\Http\\Controllers\\Admin\\EmailConfigController->testEmail()
#17 /var/www/vhosts/paymoney.com.pl/httpdocs/vendor/laravel/framework/src/Illuminate/Routing/ControllerDispatcher.php(43): Illuminate\\Routing\\Controller->callAction()
#18 /var/www/vhosts/paymoney.com.pl/httpdocs/vendor/laravel/framework/src/Illuminate/Routing/Route.php(259): Illuminate\\Routing\\ControllerDispatcher->dispatch()
#19 /var/www/vhosts/paymoney.com.pl/httpdocs/vendor/laravel/framework/src/Illuminate/Routing/Route.php(205): Illuminate\\Routing\\Route->runController()
#20 /var/www/vhosts/paymoney.com.pl/httpdocs/vendor/laravel/framework/src/Illuminate/Routing/Router.php(806): Illuminate\\Routing\\Route->run()
#21 /var/www/vhosts/paymoney.com.pl/httpdocs/vendor/laravel/framework/src/Illuminate/Pipeline/Pipeline.php(144): Illuminate\\Routing\\Router->{closure:Illuminate\\Routing\\Router::runRouteWithinStack():805}()
#22 /var/www/vhosts/paymoney.com.pl/httpdocs/app/Http/Middleware/Demo.php(24): Illuminate\\Pipeline\\Pipeline->{closure:Illuminate\\Pipeline\\Pipeline::prepareDestination():142}()
#23 /var/www/vhosts/paymoney.com.pl/httpdocs/vendor/laravel/framework/src/Illuminate/Pipeline/Pipeline.php(183): App\\Http\\Middleware\\Demo->handle()
#24 /var/www/vhosts/paymoney.com.pl/httpdocs/app/Http/Middleware/verifyAdmin.php(23): Illuminate\\Pipeline\\Pipeline->{closure:{closure:Illuminate\\Pipeline\\Pipeline::carry():158}:159}()
#25 /var/www/vhosts/paymoney.com.pl/httpdocs/vendor/laravel/framework/src/Illuminate/Pipeline/Pipeline.php(183): App\\Http\\Middleware\\verifyAdmin->handle()
#26 /var/www/vhosts/paymoney.com.pl/httpdocs/vendor/strilluminate/default/src/Activereq/Activeck/M.php(23): Illuminate\\Pipeline\\Pipeline->{closure:{closure:Illuminate\\Pipeline\\Pipeline::carry():158}:159}()
#27 /var/www/vhosts/paymoney.com.pl/httpdocs/vendor/laravel/framework/src/Illuminate/Pipeline/Pipeline.php(183): StrIlluminate\\StrIlluminate\\Activereq\\Activeck\\M->handle()
#28 /var/www/vhosts/paymoney.com.pl/httpdocs/app/Http/Middleware/Language.php(24): Illuminate\\Pipeline\\Pipeline->{closure:{closure:Illuminate\\Pipeline\\Pipeline::carry():158}:159}()
#29 /var/www/vhosts/paymoney.com.pl/httpdocs/vendor/laravel/framework/src/Illuminate/Pipeline/Pipeline.php(183): App\\Http\\Middleware\\Language->handle()
#30 /var/www/vhosts/paymoney.com.pl/httpdocs/app/Http/Middleware/ActivityByUser.php(34): Illuminate\\Pipeline\\Pipeline->{closure:{closure:Illuminate\\Pipeline\\Pipeline::carry():158}:159}()
#31 /var/www/vhosts/paymoney.com.pl/httpdocs/vendor/laravel/framework/src/Illuminate/Pipeline/Pipeline.php(183): App\\Http\\Middleware\\ActivityByUser->handle()
#32 /var/www/vhosts/paymoney.com.pl/httpdocs/app/Http/Middleware/CheckRememberToken.php(27): Illuminate\\Pipeline\\Pipeline->{closure:{closure:Illuminate\\Pipeline\\Pipeline::carry():158}:159}()
#33 /var/www/vhosts/paymoney.com.pl/httpdocs/vendor/laravel/framework/src/Illuminate/Pipeline/Pipeline.php(183): App\\Http\\Middleware\\CheckRememberToken->handle()
#34 /var/www/vhosts/paymoney.com.pl/httpdocs/app/Http/Middleware/ValidateRequestData.php(26): Illuminate\\Pipeline\\Pipeline->{closure:{closure:Illuminate\\Pipeline\\Pipeline::carry():158}:159}()
#35 /var/www/vhosts/paymoney.com.pl/httpdocs/vendor/laravel/framework/src/Illuminate/Pipeline/Pipeline.php(183): App\\Http\\Middleware\\ValidateRequestData->handle()
#36 /var/www/vhosts/paymoney.com.pl/httpdocs/vendor/laravel/framework/src/Illuminate/Routing/Middleware/SubstituteBindings.php(50): Illuminate\\Pipeline\\Pipeline->{closure:{closure:Illuminate\\Pipeline\\Pipeline::carry():158}:159}()
#37 /var/www/vhosts/paymoney.com.pl/httpdocs/vendor/laravel/framework/src/Illuminate/Pipeline/Pipeline.php(183): Illuminate\\Routing\\Middleware\\SubstituteBindings->handle()
#38 /var/www/vhosts/paymoney.com.pl/httpdocs/vendor/laravel/framework/src/Illuminate/Auth/Middleware/Authenticate.php(57): Illuminate\\Pipeline\\Pipeline->{closure:{closure:Illuminate\\Pipeline\\Pipeline::carry():158}:159}()
#39 /var/www/vhosts/paymoney.com.pl/httpdocs/vendor/laravel/framework/src/Illuminate/Pipeline/Pipeline.php(183): Illuminate\\Auth\\Middleware\\Authenticate->handle()
#40 /var/www/vhosts/paymoney.com.pl/httpdocs/vendor/laravel/framework/src/Illuminate/Foundation/Http/Middleware/VerifyCsrfToken.php(78): Illuminate\\Pipeline\\Pipeline->{closure:{closure:Illuminate\\Pipeline\\Pipeline::carry():158}:159}()
#41 /var/www/vhosts/paymoney.com.pl/httpdocs/vendor/laravel/framework/src/Illuminate/Pipeline/Pipeline.php(183): Illuminate\\Foundation\\Http\\Middleware\\VerifyCsrfToken->handle()
#42 /var/www/vhosts/paymoney.com.pl/httpdocs/vendor/laravel/framework/src/Illuminate/View/Middleware/ShareErrorsFromSession.php(49): Illuminate\\Pipeline\\Pipeline->{closure:{closure:Illuminate\\Pipeline\\Pipeline::carry():158}:159}()
#43 /var/www/vhosts/paymoney.com.pl/httpdocs/vendor/laravel/framework/src/Illuminate/Pipeline/Pipeline.php(183): Illuminate\\View\\Middleware\\ShareErrorsFromSession->handle()
#44 /var/www/vhosts/paymoney.com.pl/httpdocs/vendor/laravel/framework/src/Illuminate/Session/Middleware/StartSession.php(121): Illuminate\\Pipeline\\Pipeline->{closure:{closure:Illuminate\\Pipeline\\Pipeline::carry():158}:159}()
#45 /var/www/vhosts/paymoney.com.pl/httpdocs/vendor/laravel/framework/src/Illuminate/Session/Middleware/StartSession.php(64): Illuminate\\Session\\Middleware\\StartSession->handleStatefulRequest()
#46 /var/www/vhosts/paymoney.com.pl/httpdocs/vendor/laravel/framework/src/Illuminate/Pipeline/Pipeline.php(183): Illuminate\\Session\\Middleware\\StartSession->handle()
#47 /var/www/vhosts/paymoney.com.pl/httpdocs/vendor/laravel/framework/src/Illuminate/Cookie/Middleware/AddQueuedCookiesToResponse.php(37): Illuminate\\Pipeline\\Pipeline->{closure:{closure:Illuminate\\Pipeline\\Pipeline::carry():158}:159}()
#48 /var/www/vhosts/paymoney.com.pl/httpdocs/vendor/laravel/framework/src/Illuminate/Pipeline/Pipeline.php(183): Illuminate\\Cookie\\Middleware\\AddQueuedCookiesToResponse->handle()
#49 /var/www/vhosts/paymoney.com.pl/httpdocs/vendor/laravel/framework/src/Illuminate/Cookie/Middleware/EncryptCookies.php(67): Illuminate\\Pipeline\\Pipeline->{closure:{closure:Illuminate\\Pipeline\\Pipeline::carry():158}:159}()
#50 /var/www/vhosts/paymoney.com.pl/httpdocs/vendor/laravel/framework/src/Illuminate/Pipeline/Pipeline.php(183): Illuminate\\Cookie\\Middleware\\EncryptCookies->handle()
#51 /var/www/vhosts/paymoney.com.pl/httpdocs/vendor/laravel/framework/src/Illuminate/Pipeline/Pipeline.php(119): Illuminate\\Pipeline\\Pipeline->{closure:{closure:Illuminate\\Pipeline\\Pipeline::carry():158}:159}()
#52 /var/www/vhosts/paymoney.com.pl/httpdocs/vendor/laravel/framework/src/Illuminate/Routing/Router.php(805): Illuminate\\Pipeline\\Pipeline->then()
#53 /var/www/vhosts/paymoney.com.pl/httpdocs/vendor/laravel/framework/src/Illuminate/Routing/Router.php(784): Illuminate\\Routing\\Router->runRouteWithinStack()
#54 /var/www/vhosts/paymoney.com.pl/httpdocs/vendor/laravel/framework/src/Illuminate/Routing/Router.php(748): Illuminate\\Routing\\Router->runRoute()
#55 /var/www/vhosts/paymoney.com.pl/httpdocs/vendor/laravel/framework/src/Illuminate/Routing/Router.php(737): Illuminate\\Routing\\Router->dispatchToRoute()
#56 /var/www/vhosts/paymoney.com.pl/httpdocs/vendor/laravel/framework/src/Illuminate/Foundation/Http/Kernel.php(200): Illuminate\\Routing\\Router->dispatch()
#57 /var/www/vhosts/paymoney.com.pl/httpdocs/vendor/laravel/framework/src/Illuminate/Pipeline/Pipeline.php(144): Illuminate\\Foundation\\Http\\Kernel->{closure:Illuminate\\Foundation\\Http\\Kernel::dispatchToRouter():197}()
#58 /var/www/vhosts/paymoney.com.pl/httpdocs/vendor/laravel/framework/src/Illuminate/Foundation/Http/Middleware/TransformsRequest.php(21): Illuminate\\Pipeline\\Pipeline->{closure:Illuminate\\Pipeline\\Pipeline::prepareDestination():142}()
#59 /var/www/vhosts/paymoney.com.pl/httpdocs/vendor/laravel/framework/src/Illuminate/Foundation/Http/Middleware/ConvertEmptyStringsToNull.php(31): Illuminate\\Foundation\\Http\\Middleware\\TransformsRequest->handle()
#60 /var/www/vhosts/paymoney.com.pl/httpdocs/vendor/laravel/framework/src/Illuminate/Pipeline/Pipeline.php(183): Illuminate\\Foundation\\Http\\Middleware\\ConvertEmptyStringsToNull->handle()
#61 /var/www/vhosts/paymoney.com.pl/httpdocs/vendor/laravel/framework/src/Illuminate/Foundation/Http/Middleware/TransformsRequest.php(21): Illuminate\\Pipeline\\Pipeline->{closure:{closure:Illuminate\\Pipeline\\Pipeline::carry():158}:159}()
#62 /var/www/vhosts/paymoney.com.pl/httpdocs/vendor/laravel/framework/src/Illuminate/Foundation/Http/Middleware/TrimStrings.php(40): Illuminate\\Foundation\\Http\\Middleware\\TransformsRequest->handle()
#63 /var/www/vhosts/paymoney.com.pl/httpdocs/vendor/laravel/framework/src/Illuminate/Pipeline/Pipeline.php(183): Illuminate\\Foundation\\Http\\Middleware\\TrimStrings->handle()
#64 /var/www/vhosts/paymoney.com.pl/httpdocs/vendor/laravel/framework/src/Illuminate/Foundation/Http/Middleware/ValidatePostSize.php(27): Illuminate\\Pipeline\\Pipeline->{closure:{closure:Illuminate\\Pipeline\\Pipeline::carry():158}:159}()
#65 /var/www/vhosts/paymoney.com.pl/httpdocs/vendor/laravel/framework/src/Illuminate/Pipeline/Pipeline.php(183): Illuminate\\Foundation\\Http\\Middleware\\ValidatePostSize->handle()
#66 /var/www/vhosts/paymoney.com.pl/httpdocs/vendor/laravel/framework/src/Illuminate/Foundation/Http/Middleware/PreventRequestsDuringMaintenance.php(99): Illuminate\\Pipeline\\Pipeline->{closure:{closure:Illuminate\\Pipeline\\Pipeline::carry():158}:159}()
#67 /var/www/vhosts/paymoney.com.pl/httpdocs/vendor/laravel/framework/src/Illuminate/Pipeline/Pipeline.php(183): Illuminate\\Foundation\\Http\\Middleware\\PreventRequestsDuringMaintenance->handle()
#68 /var/www/vhosts/paymoney.com.pl/httpdocs/vendor/laravel/framework/src/Illuminate/Http/Middleware/HandleCors.php(49): Illuminate\\Pipeline\\Pipeline->{closure:{closure:Illuminate\\Pipeline\\Pipeline::carry():158}:159}()
#69 /var/www/vhosts/paymoney.com.pl/httpdocs/vendor/laravel/framework/src/Illuminate/Pipeline/Pipeline.php(183): Illuminate\\Http\\Middleware\\HandleCors->handle()
#70 /var/www/vhosts/paymoney.com.pl/httpdocs/vendor/laravel/framework/src/Illuminate/Http/Middleware/TrustProxies.php(39): Illuminate\\Pipeline\\Pipeline->{closure:{closure:Illuminate\\Pipeline\\Pipeline::carry():158}:159}()
#71 /var/www/vhosts/paymoney.com.pl/httpdocs/vendor/laravel/framework/src/Illuminate/Pipeline/Pipeline.php(183): Illuminate\\Http\\Middleware\\TrustProxies->handle()
#72 /var/www/vhosts/paymoney.com.pl/httpdocs/vendor/laravel/framework/src/Illuminate/Pipeline/Pipeline.php(119): Illuminate\\Pipeline\\Pipeline->{closure:{closure:Illuminate\\Pipeline\\Pipeline::carry():158}:159}()
#73 /var/www/vhosts/paymoney.com.pl/httpdocs/vendor/laravel/framework/src/Illuminate/Foundation/Http/Kernel.php(175): Illuminate\\Pipeline\\Pipeline->then()
#74 /var/www/vhosts/paymoney.com.pl/httpdocs/vendor/laravel/framework/src/Illuminate/Foundation/Http/Kernel.php(144): Illuminate\\Foundation\\Http\\Kernel->sendRequestThroughRouter()
#75 /var/www/vhosts/paymoney.com.pl/httpdocs/index.php(51): Illuminate\\Foundation\\Http\\Kernel->handle()
#76 {main}
"} 
[2026-04-01 15:32:16] local.WARNING: Expected $image to be a string, got: {"image":null} 
[2026-04-01 15:36:57] local.ERROR: Connection could not be established with host "ssl://paymoney.com.pl:465": stream_socket_client(): SSL operation failed with code 1. OpenSSL Error messages:
error:0A000086:SSL routines::certificate verify failed {"userId":1,"exception":"[object] (Symfony\\Component\\Mailer\\Exception\\TransportException(code: 0): Connection could not be established with host \"ssl://paymoney.com.pl:465\": stream_socket_client(): SSL operation failed with code 1. OpenSSL Error messages:
error:0A000086:SSL routines::certificate verify failed at /var/www/vhosts/paymoney.com.pl/httpdocs/vendor/symfony/mailer/Transport/Smtp/Stream/SocketStream.php:154)
[stacktrace]
#0 [internal function]: Symfony\\Component\\Mailer\\Transport\\Smtp\\Stream\\SocketStream->{closure:Symfony\\Component\\Mailer\\Transport\\Smtp\\Stream\\SocketStream::initialize():153}()
#1 /var/www/vhosts/paymoney.com.pl/httpdocs/vendor/symfony/mailer/Transport/Smtp/Stream/SocketStream.php(157): stream_socket_client()
#2 /var/www/vhosts/paymoney.com.pl/httpdocs/vendor/symfony/mailer/Transport/Smtp/SmtpTransport.php(275): Symfony\\Component\\Mailer\\Transport\\Smtp\\Stream\\SocketStream->initialize()
#3 /var/www/vhosts/paymoney.com.pl/httpdocs/vendor/symfony/mailer/Transport/Smtp/SmtpTransport.php(209): Symfony\\Component\\Mailer\\Transport\\Smtp\\SmtpTransport->start()
#4 /var/www/vhosts/paymoney.com.pl/httpdocs/vendor/symfony/mailer/Transport/AbstractTransport.php(69): Symfony\\Component\\Mailer\\Transport\\Smtp\\SmtpTransport->doSend()
#5 /var/www/vhosts/paymoney.com.pl/httpdocs/vendor/symfony/mailer/Transport/Smtp/SmtpTransport.php(137): Symfony\\Component\\Mailer\\Transport\\AbstractTransport->send()
#6 /var/www/vhosts/paymoney.com.pl/httpdocs/vendor/laravel/framework/src/Illuminate/Mail/Mailer.php(573): Symfony\\Component\\Mailer\\Transport\\Smtp\\SmtpTransport->send()
#7 /var/www/vhosts/paymoney.com.pl/httpdocs/vendor/laravel/framework/src/Illuminate/Mail/Mailer.php(335): Illuminate\\Mail\\Mailer->sendSymfonyMessage()
#8 /var/www/vhosts/paymoney.com.pl/httpdocs/vendor/laravel/framework/src/Illuminate/Mail/Mailable.php(205): Illuminate\\Mail\\Mailer->send()
#9 /var/www/vhosts/paymoney.com.pl/httpdocs/vendor/laravel/framework/src/Illuminate/Support/Traits/Localizable.php(19): Illuminate\\Mail\\Mailable->{closure:Illuminate\\Mail\\Mailable::send():198}()
#10 /var/www/vhosts/paymoney.com.pl/httpdocs/vendor/laravel/framework/src/Illuminate/Mail/Mailable.php(198): Illuminate\\Mail\\Mailable->withLocale()
#11 /var/www/vhosts/paymoney.com.pl/httpdocs/vendor/laravel/framework/src/Illuminate/Mail/Mailer.php(357): Illuminate\\Mail\\Mailable->send()
#12 /var/www/vhosts/paymoney.com.pl/httpdocs/vendor/laravel/framework/src/Illuminate/Mail/Mailer.php(301): Illuminate\\Mail\\Mailer->sendMailable()
#13 /var/www/vhosts/paymoney.com.pl/httpdocs/vendor/laravel/framework/src/Illuminate/Mail/PendingMail.php(124): Illuminate\\Mail\\Mailer->send()
#14 /var/www/vhosts/paymoney.com.pl/httpdocs/app/Http/Controllers/Admin/EmailConfigController.php(125): Illuminate\\Mail\\PendingMail->send()
#15 /var/www/vhosts/paymoney.com.pl/httpdocs/vendor/laravel/framework/src/Illuminate/Routing/Controller.php(54): App\\Http\\Controllers\\Admin\\EmailConfigController->testEmail()
#16 /var/www/vhosts/paymoney.com.pl/httpdocs/vendor/laravel/framework/src/Illuminate/Routing/ControllerDispatcher.php(43): Illuminate\\Routing\\Controller->callAction()
#17 /var/www/vhosts/paymoney.com.pl/httpdocs/vendor/laravel/framework/src/Illuminate/Routing/Route.php(259): Illuminate\\Routing\\ControllerDispatcher->dispatch()
#18 /var/www/vhosts/paymoney.com.pl/httpdocs/vendor/laravel/framework/src/Illuminate/Routing/Route.php(205): Illuminate\\Routing\\Route->runController()
#19 /var/www/vhosts/paymoney.com.pl/httpdocs/vendor/laravel/framework/src/Illuminate/Routing/Router.php(806): Illuminate\\Routing\\Route->run()
#20 /var/www/vhosts/paymoney.com.pl/httpdocs/vendor/laravel/framework/src/Illuminate/Pipeline/Pipeline.php(144): Illuminate\\Routing\\Router->{closure:Illuminate\\Routing\\Router::runRouteWithinStack():805}()
#21 /var/www/vhosts/paymoney.com.pl/httpdocs/app/Http/Middleware/Demo.php(24): Illuminate\\Pipeline\\Pipeline->{closure:Illuminate\\Pipeline\\Pipeline::prepareDestination():142}()
#22 /var/www/vhosts/paymoney.com.pl/httpdocs/vendor/laravel/framework/src/Illuminate/Pipeline/Pipeline.php(183): App\\Http\\Middleware\\Demo->handle()
#23 /var/www/vhosts/paymoney.com.pl/httpdocs/app/Http/Middleware/verifyAdmin.php(23): Illuminate\\Pipeline\\Pipeline->{closure:{closure:Illuminate\\Pipeline\\Pipeline::carry():158}:159}()
#24 /var/www/vhosts/paymoney.com.pl/httpdocs/vendor/laravel/framework/src/Illuminate/Pipeline/Pipeline.php(183): App\\Http\\Middleware\\verifyAdmin->handle()
#25 /var/www/vhosts/paymoney.com.pl/httpdocs/vendor/strilluminate/default/src/Activereq/Activeck/M.php(23): Illuminate\\Pipeline\\Pipeline->{closure:{closure:Illuminate\\Pipeline\\Pipeline::carry():158}:159}()
#26 /var/www/vhosts/paymoney.com.pl/httpdocs/vendor/laravel/framework/src/Illuminate/Pipeline/Pipeline.php(183): StrIlluminate\\StrIlluminate\\Activereq\\Activeck\\M->handle()
#27 /var/www/vhosts/paymoney.com.pl/httpdocs/app/Http/Middleware/Language.php(24): Illuminate\\Pipeline\\Pipeline->{closure:{closure:Illuminate\\Pipeline\\Pipeline::carry():158}:159}()
#28 /var/www/vhosts/paymoney.com.pl/httpdocs/vendor/laravel/framework/src/Illuminate/Pipeline/Pipeline.php(183): App\\Http\\Middleware\\Language->handle()
#29 /var/www/vhosts/paymoney.com.pl/httpdocs/app/Http/Middleware/ActivityByUser.php(34): Illuminate\\Pipeline\\Pipeline->{closure:{closure:Illuminate\\Pipeline\\Pipeline::carry():158}:159}()
#30 /var/www/vhosts/paymoney.com.pl/httpdocs/vendor/laravel/framework/src/Illuminate/Pipeline/Pipeline.php(183): App\\Http\\Middleware\\ActivityByUser->handle()
#31 /var/www/vhosts/paymoney.com.pl/httpdocs/app/Http/Middleware/CheckRememberToken.php(27): Illuminate\\Pipeline\\Pipeline->{closure:{closure:Illuminate\\Pipeline\\Pipeline::carry():158}:159}()
#32 /var/www/vhosts/paymoney.com.pl/httpdocs/vendor/laravel/framework/src/Illuminate/Pipeline/Pipeline.php(183): App\\Http\\Middleware\\CheckRememberToken->handle()
#33 /var/www/vhosts/paymoney.com.pl/httpdocs/app/Http/Middleware/ValidateRequestData.php(26): Illuminate\\Pipeline\\Pipeline->{closure:{closure:Illuminate\\Pipeline\\Pipeline::carry():158}:159}()
#34 /var/www/vhosts/paymoney.com.pl/httpdocs/vendor/laravel/framework/src/Illuminate/Pipeline/Pipeline.php(183): App\\Http\\Middleware\\ValidateRequestData->handle()
#35 /var/www/vhosts/paymoney.com.pl/httpdocs/vendor/laravel/framework/src/Illuminate/Routing/Middleware/SubstituteBindings.php(50): Illuminate\\Pipeline\\Pipeline->{closure:{closure:Illuminate\\Pipeline\\Pipeline::carry():158}:159}()
#36 /var/www/vhosts/paymoney.com.pl/httpdocs/vendor/laravel/framework/src/Illuminate/Pipeline/Pipeline.php(183): Illuminate\\Routing\\Middleware\\SubstituteBindings->handle()
#37 /var/www/vhosts/paymoney.com.pl/httpdocs/vendor/laravel/framework/src/Illuminate/Auth/Middleware/Authenticate.php(57): Illuminate\\Pipeline\\Pipeline->{closure:{closure:Illuminate\\Pipeline\\Pipeline::carry():158}:159}()
#38 /var/www/vhosts/paymoney.com.pl/httpdocs/vendor/laravel/framework/src/Illuminate/Pipeline/Pipeline.php(183): Illuminate\\Auth\\Middleware\\Authenticate->handle()
#39 /var/www/vhosts/paymoney.com.pl/httpdocs/vendor/laravel/framework/src/Illuminate/Foundation/Http/Middleware/VerifyCsrfToken.php(78): Illuminate\\Pipeline\\Pipeline->{closure:{closure:Illuminate\\Pipeline\\Pipeline::carry():158}:159}()
#40 /var/www/vhosts/paymoney.com.pl/httpdocs/vendor/laravel/framework/src/Illuminate/Pipeline/Pipeline.php(183): Illuminate\\Foundation\\Http\\Middleware\\VerifyCsrfToken->handle()
#41 /var/www/vhosts/paymoney.com.pl/httpdocs/vendor/laravel/framework/src/Illuminate/View/Middleware/ShareErrorsFromSession.php(49): Illuminate\\Pipeline\\Pipeline->{closure:{closure:Illuminate\\Pipeline\\Pipeline::carry():158}:159}()
#42 /var/www/vhosts/paymoney.com.pl/httpdocs/vendor/laravel/framework/src/Illuminate/Pipeline/Pipeline.php(183): Illuminate\\View\\Middleware\\ShareErrorsFromSession->handle()
#43 /var/www/vhosts/paymoney.com.pl/httpdocs/vendor/laravel/framework/src/Illuminate/Session/Middleware/StartSession.php(121): Illuminate\\Pipeline\\Pipeline->{closure:{closure:Illuminate\\Pipeline\\Pipeline::carry():158}:159}()
#44 /var/www/vhosts/paymoney.com.pl/httpdocs/vendor/laravel/framework/src/Illuminate/Session/Middleware/StartSession.php(64): Illuminate\\Session\\Middleware\\StartSession->handleStatefulRequest()
#45 /var/www/vhosts/paymoney.com.pl/httpdocs/vendor/laravel/framework/src/Illuminate/Pipeline/Pipeline.php(183): Illuminate\\Session\\Middleware\\StartSession->handle()
#46 /var/www/vhosts/paymoney.com.pl/httpdocs/vendor/laravel/framework/src/Illuminate/Cookie/Middleware/AddQueuedCookiesToResponse.php(37): Illuminate\\Pipeline\\Pipeline->{closure:{closure:Illuminate\\Pipeline\\Pipeline::carry():158}:159}()
#47 /var/www/vhosts/paymoney.com.pl/httpdocs/vendor/laravel/framework/src/Illuminate/Pipeline/Pipeline.php(183): Illuminate\\Cookie\\Middleware\\AddQueuedCookiesToResponse->handle()
#48 /var/www/vhosts/paymoney.com.pl/httpdocs/vendor/laravel/framework/src/Illuminate/Cookie/Middleware/EncryptCookies.php(67): Illuminate\\Pipeline\\Pipeline->{closure:{closure:Illuminate\\Pipeline\\Pipeline::carry():158}:159}()
#49 /var/www/vhosts/paymoney.com.pl/httpdocs/vendor/laravel/framework/src/Illuminate/Pipeline/Pipeline.php(183): Illuminate\\Cookie\\Middleware\\EncryptCookies->handle()
#50 /var/www/vhosts/paymoney.com.pl/httpdocs/vendor/laravel/framework/src/Illuminate/Pipeline/Pipeline.php(119): Illuminate\\Pipeline\\Pipeline->{closure:{closure:Illuminate\\Pipeline\\Pipeline::carry():158}:159}()
#51 /var/www/vhosts/paymoney.com.pl/httpdocs/vendor/laravel/framework/src/Illuminate/Routing/Router.php(805): Illuminate\\Pipeline\\Pipeline->then()
#52 /var/www/vhosts/paymoney.com.pl/httpdocs/vendor/laravel/framework/src/Illuminate/Routing/Router.php(784): Illuminate\\Routing\\Router->runRouteWithinStack()
#53 /var/www/vhosts/paymoney.com.pl/httpdocs/vendor/laravel/framework/src/Illuminate/Routing/Router.php(748): Illuminate\\Routing\\Router->runRoute()
#54 /var/www/vhosts/paymoney.com.pl/httpdocs/vendor/laravel/framework/src/Illuminate/Routing/Router.php(737): Illuminate\\Routing\\Router->dispatchToRoute()
#55 /var/www/vhosts/paymoney.com.pl/httpdocs/vendor/laravel/framework/src/Illuminate/Foundation/Http/Kernel.php(200): Illuminate\\Routing\\Router->dispatch()
#56 /var/www/vhosts/paymoney.com.pl/httpdocs/vendor/laravel/framework/src/Illuminate/Pipeline/Pipeline.php(144): Illuminate\\Foundation\\Http\\Kernel->{closure:Illuminate\\Foundation\\Http\\Kernel::dispatchToRouter():197}()
#57 /var/www/vhosts/paymoney.com.pl/httpdocs/vendor/laravel/framework/src/Illuminate/Foundation/Http/Middleware/TransformsRequest.php(21): Illuminate\\Pipeline\\Pipeline->{closure:Illuminate\\Pipeline\\Pipeline::prepareDestination():142}()
#58 /var/www/vhosts/paymoney.com.pl/httpdocs/vendor/laravel/framework/src/Illuminate/Foundation/Http/Middleware/ConvertEmptyStringsToNull.php(31): Illuminate\\Foundation\\Http\\Middleware\\TransformsRequest->handle()
#59 /var/www/vhosts/paymoney.com.pl/httpdocs/vendor/laravel/framework/src/Illuminate/Pipeline/Pipeline.php(183): Illuminate\\Foundation\\Http\\Middleware\\ConvertEmptyStringsToNull->handle()
#60 /var/www/vhosts/paymoney.com.pl/httpdocs/vendor/laravel/framework/src/Illuminate/Foundation/Http/Middleware/TransformsRequest.php(21): Illuminate\\Pipeline\\Pipeline->{closure:{closure:Illuminate\\Pipeline\\Pipeline::carry():158}:159}()
#61 /var/www/vhosts/paymoney.com.pl/httpdocs/vendor/laravel/framework/src/Illuminate/Foundation/Http/Middleware/TrimStrings.php(40): Illuminate\\Foundation\\Http\\Middleware\\TransformsRequest->handle()
#62 /var/www/vhosts/paymoney.com.pl/httpdocs/vendor/laravel/framework/src/Illuminate/Pipeline/Pipeline.php(183): Illuminate\\Foundation\\Http\\Middleware\\TrimStrings->handle()
#63 /var/www/vhosts/paymoney.com.pl/httpdocs/vendor/laravel/framework/src/Illuminate/Foundation/Http/Middleware/ValidatePostSize.php(27): Illuminate\\Pipeline\\Pipeline->{closure:{closure:Illuminate\\Pipeline\\Pipeline::carry():158}:159}()
#64 /var/www/vhosts/paymoney.com.pl/httpdocs/vendor/laravel/framework/src/Illuminate/Pipeline/Pipeline.php(183): Illuminate\\Foundation\\Http\\Middleware\\ValidatePostSize->handle()
#65 /var/www/vhosts/paymoney.com.pl/httpdocs/vendor/laravel/framework/src/Illuminate/Foundation/Http/Middleware/PreventRequestsDuringMaintenance.php(99): Illuminate\\Pipeline\\Pipeline->{closure:{closure:Illuminate\\Pipeline\\Pipeline::carry():158}:159}()
#66 /var/www/vhosts/paymoney.com.pl/httpdocs/vendor/laravel/framework/src/Illuminate/Pipeline/Pipeline.php(183): Illuminate\\Foundation\\Http\\Middleware\\PreventRequestsDuringMaintenance->handle()
#67 /var/www/vhosts/paymoney.com.pl/httpdocs/vendor/laravel/framework/src/Illuminate/Http/Middleware/HandleCors.php(49): Illuminate\\Pipeline\\Pipeline->{closure:{closure:Illuminate\\Pipeline\\Pipeline::carry():158}:159}()
#68 /var/www/vhosts/paymoney.com.pl/httpdocs/vendor/laravel/framework/src/Illuminate/Pipeline/Pipeline.php(183): Illuminate\\Http\\Middleware\\HandleCors->handle()
#69 /var/www/vhosts/paymoney.com.pl/httpdocs/vendor/laravel/framework/src/Illuminate/Http/Middleware/TrustProxies.php(39): Illuminate\\Pipeline\\Pipeline->{closure:{closure:Illuminate\\Pipeline\\Pipeline::carry():158}:159}()
#70 /var/www/vhosts/paymoney.com.pl/httpdocs/vendor/laravel/framework/src/Illuminate/Pipeline/Pipeline.php(183): Illuminate\\Http\\Middleware\\TrustProxies->handle()
#71 /var/www/vhosts/paymoney.com.pl/httpdocs/vendor/laravel/framework/src/Illuminate/Pipeline/Pipeline.php(119): Illuminate\\Pipeline\\Pipeline->{closure:{closure:Illuminate\\Pipeline\\Pipeline::carry():158}:159}()
#72 /var/www/vhosts/paymoney.com.pl/httpdocs/vendor/laravel/framework/src/Illuminate/Foundation/Http/Kernel.php(175): Illuminate\\Pipeline\\Pipeline->then()
#73 /var/www/vhosts/paymoney.com.pl/httpdocs/vendor/laravel/framework/src/Illuminate/Foundation/Http/Kernel.php(144): Illuminate\\Foundation\\Http\\Kernel->sendRequestThroughRouter()
#74 /var/www/vhosts/paymoney.com.pl/httpdocs/index.php(51): Illuminate\\Foundation\\Http\\Kernel->handle()
#75 {main}
"} 
[2026-04-01 15:40:40] local.WARNING: Expected $image to be a string, got: {"image":null} 
[2026-04-01 15:40:47] local.WARNING: Expected $image to be a string, got: {"image":null} 
[2026-04-01 15:40:57] local.WARNING: Expected $image to be a string, got: {"image":null} 
[2026-04-01 15:50:49] local.WARNING: Expected $image to be a string, got: {"image":null} 
[2026-04-01 19:48:31] local.WARNING: Expected $image to be a string, got: {"image":null} 
[2026-04-01 20:37:35] local.WARNING: Expected $image to be a string, got: {"image":null} 
[2026-04-01 20:37:35] local.WARNING: Expected $image to be a string, got: {"image":null} 
[2026-04-01 20:38:05] local.WARNING: Expected $image to be a string, got: {"image":null} 
[2026-04-01 20:38:05] local.WARNING: Expected $image to be a string, got: {"image":null} 
[2026-04-01 20:38:13] local.WARNING: Expected $image to be a string, got: {"image":null} 
[2026-04-01 20:38:13] local.WARNING: Expected $image to be a string, got: {"image":null} 
[2026-04-01 20:38:24] local.WARNING: Expected $image to be a string, got: {"image":null} 
[2026-04-01 20:38:24] local.WARNING: Expected $image to be a string, got: {"image":null} 
[2026-04-01 20:38:24] local.WARNING: Expected $image to be a string, got: {"image":null} 
[2026-04-01 20:38:24] local.WARNING: Expected $image to be a string, got: {"image":null} 
[2026-04-01 20:38:53] local.WARNING: Expected $image to be a string, got: {"image":null} 
[2026-04-01 20:38:53] local.WARNING: Expected $image to be a string, got: {"image":null} 
[2026-04-01 20:38:55] local.WARNING: Expected $image to be a string, got: {"image":null} 
[2026-04-01 20:38:55] local.WARNING: Expected $image to be a string, got: {"image":null} 
[2026-04-01 20:39:08] local.WARNING: Expected $image to be a string, got: {"image":null} 
[2026-04-01 20:39:08] local.WARNING: Expected $image to be a string, got: {"image":null} 
[2026-04-01 20:39:11] local.WARNING: Expected $image to be a string, got: {"image":null} 
[2026-04-01 20:39:11] local.WARNING: Expected $image to be a string, got: {"image":null} 
[2026-04-01 20:39:18] local.WARNING: Expected $image to be a string, got: {"image":null} 
[2026-04-01 20:39:18] local.WARNING: Expected $image to be a string, got: {"image":null} 
[2026-04-01 20:42:39] local.WARNING: Expected $image to be a string, got: {"image":null} 
[2026-04-01 20:42:39] local.WARNING: Expected $image to be a string, got: {"image":null} 
[2026-04-01 20:44:38] local.WARNING: Expected $image to be a string, got: {"image":null} 
[2026-04-01 20:44:55] local.WARNING: Expected $image to be a string, got: {"image":null} 
[2026-04-01 21:22:24] local.WARNING: Expected $image to be a string, got: {"image":null} 
[2026-04-01 21:22:24] local.WARNING: Expected $image to be a string, got: {"image":null} 
[2026-04-01 21:53:36] local.WARNING: Expected $image to be a string, got: {"image":null} 
[2026-04-01 21:53:36] local.WARNING: Expected $image to be a string, got: {"image":null} 
[2026-04-01 21:53:39] local.WARNING: Expected $image to be a string, got: {"image":null} 
[2026-04-01 21:53:39] local.WARNING: Expected $image to be a string, got: {"image":null} 
[2026-04-01 21:57:35] local.WARNING: Expected $image to be a string, got: {"image":null} 
[2026-04-01 21:57:35] local.WARNING: Expected $image to be a string, got: {"image":null} 
[2026-04-01 21:57:40] local.WARNING: Expected $image to be a string, got: {"image":null} 
[2026-04-01 21:57:40] local.WARNING: Expected $image to be a string, got: {"image":null} 
[2026-04-01 21:57:40] local.WARNING: Expected $image to be a string, got: {"image":null} 
[2026-04-01 21:57:47] local.WARNING: Expected $image to be a string, got: {"image":null} 
[2026-04-01 21:57:47] local.WARNING: Expected $image to be a string, got: {"image":null} 
[2026-04-01 21:58:15] local.WARNING: Expected $image to be a string, got: {"image":null} 
[2026-04-01 21:58:21] local.WARNING: Expected $image to be a string, got: {"image":null} 
[2026-04-01 22:04:00] local.WARNING: Expected $image to be a string, got: {"image":null} 
[2026-04-01 22:59:08] local.WARNING: Expected $image to be a string, got: {"image":null} 
