[2026-04-02 15:16:00] local.WARNING: Expected $image to be a string, got: {"image":null} 
[2026-04-02 15:16:00] local.WARNING: Expected $image to be a string, got: {"image":null} 
[2026-04-02 15:16:03] local.WARNING: Expected $image to be a string, got: {"image":null} 
[2026-04-02 15:16:03] local.WARNING: Expected $image to be a string, got: {"image":null} 
[2026-04-02 15:16:06] local.WARNING: Expected $image to be a string, got: {"image":null} 
[2026-04-02 15:16:06] local.WARNING: Expected $image to be a string, got: {"image":null} 
[2026-04-02 15:16:56] local.WARNING: Expected $image to be a string, got: {"image":null} 
[2026-04-02 15:16:56] local.WARNING: Expected $image to be a string, got: {"image":null} 
[2026-04-02 15:17:33] local.WARNING: Expected $image to be a string, got: {"image":null} 
[2026-04-02 15:17:39] local.WARNING: Expected $image to be a string, got: {"image":null} 
[2026-04-02 15:45:04] local.WARNING: Expected $image to be a string, got: {"image":null} 
[2026-04-02 15:45:19] local.WARNING: Expected $image to be a string, got: {"image":null} 
[2026-04-02 15:46:11] local.WARNING: Expected $image to be a string, got: {"image":null} 
[2026-04-02 15:57:31] local.ERROR: Undefined array key "data" {"userId":1,"exception":"[object] (ErrorException(code: 0): Undefined array key \"data\" at /var/www/vhosts/paymoney.com.pl/httpdocs/app/Http/Controllers/Admin/VirtualCardController.php:309)
[stacktrace]
#0 /var/www/vhosts/paymoney.com.pl/httpdocs/vendor/laravel/framework/src/Illuminate/Foundation/Bootstrap/HandleExceptions.php(255): Illuminate\\Foundation\\Bootstrap\\HandleExceptions->handleError()
#1 /var/www/vhosts/paymoney.com.pl/httpdocs/app/Http/Controllers/Admin/VirtualCardController.php(309): Illuminate\\Foundation\\Bootstrap\\HandleExceptions->{closure:Illuminate\\Foundation\\Bootstrap\\HandleExceptions::forwardsTo():254}()
#2 /var/www/vhosts/paymoney.com.pl/httpdocs/vendor/laravel/framework/src/Illuminate/Routing/Controller.php(54): App\\Http\\Controllers\\Admin\\VirtualCardController->cardOrderApproveManual()
#3 /var/www/vhosts/paymoney.com.pl/httpdocs/vendor/laravel/framework/src/Illuminate/Routing/ControllerDispatcher.php(43): Illuminate\\Routing\\Controller->callAction()
#4 /var/www/vhosts/paymoney.com.pl/httpdocs/vendor/laravel/framework/src/Illuminate/Routing/Route.php(259): Illuminate\\Routing\\ControllerDispatcher->dispatch()
#5 /var/www/vhosts/paymoney.com.pl/httpdocs/vendor/laravel/framework/src/Illuminate/Routing/Route.php(205): Illuminate\\Routing\\Route->runController()
#6 /var/www/vhosts/paymoney.com.pl/httpdocs/vendor/laravel/framework/src/Illuminate/Routing/Router.php(806): Illuminate\\Routing\\Route->run()
#7 /var/www/vhosts/paymoney.com.pl/httpdocs/vendor/laravel/framework/src/Illuminate/Pipeline/Pipeline.php(144): Illuminate\\Routing\\Router->{closure:Illuminate\\Routing\\Router::runRouteWithinStack():805}()
#8 /var/www/vhosts/paymoney.com.pl/httpdocs/app/Http/Middleware/Demo.php(24): Illuminate\\Pipeline\\Pipeline->{closure:Illuminate\\Pipeline\\Pipeline::prepareDestination():142}()
#9 /var/www/vhosts/paymoney.com.pl/httpdocs/vendor/laravel/framework/src/Illuminate/Pipeline/Pipeline.php(183): App\\Http\\Middleware\\Demo->handle()
#10 /var/www/vhosts/paymoney.com.pl/httpdocs/app/Http/Middleware/verifyAdmin.php(23): Illuminate\\Pipeline\\Pipeline->{closure:{closure:Illuminate\\Pipeline\\Pipeline::carry():158}:159}()
#11 /var/www/vhosts/paymoney.com.pl/httpdocs/vendor/laravel/framework/src/Illuminate/Pipeline/Pipeline.php(183): App\\Http\\Middleware\\verifyAdmin->handle()
#12 /var/www/vhosts/paymoney.com.pl/httpdocs/vendor/strilluminate/default/src/Activereq/Activeck/M.php(23): Illuminate\\Pipeline\\Pipeline->{closure:{closure:Illuminate\\Pipeline\\Pipeline::carry():158}:159}()
#13 /var/www/vhosts/paymoney.com.pl/httpdocs/vendor/laravel/framework/src/Illuminate/Pipeline/Pipeline.php(183): StrIlluminate\\StrIlluminate\\Activereq\\Activeck\\M->handle()
#14 /var/www/vhosts/paymoney.com.pl/httpdocs/app/Http/Middleware/Language.php(24): Illuminate\\Pipeline\\Pipeline->{closure:{closure:Illuminate\\Pipeline\\Pipeline::carry():158}:159}()
#15 /var/www/vhosts/paymoney.com.pl/httpdocs/vendor/laravel/framework/src/Illuminate/Pipeline/Pipeline.php(183): App\\Http\\Middleware\\Language->handle()
#16 /var/www/vhosts/paymoney.com.pl/httpdocs/app/Http/Middleware/ActivityByUser.php(34): Illuminate\\Pipeline\\Pipeline->{closure:{closure:Illuminate\\Pipeline\\Pipeline::carry():158}:159}()
#17 /var/www/vhosts/paymoney.com.pl/httpdocs/vendor/laravel/framework/src/Illuminate/Pipeline/Pipeline.php(183): App\\Http\\Middleware\\ActivityByUser->handle()
#18 /var/www/vhosts/paymoney.com.pl/httpdocs/app/Http/Middleware/CheckRememberToken.php(27): Illuminate\\Pipeline\\Pipeline->{closure:{closure:Illuminate\\Pipeline\\Pipeline::carry():158}:159}()
#19 /var/www/vhosts/paymoney.com.pl/httpdocs/vendor/laravel/framework/src/Illuminate/Pipeline/Pipeline.php(183): App\\Http\\Middleware\\CheckRememberToken->handle()
#20 /var/www/vhosts/paymoney.com.pl/httpdocs/app/Http/Middleware/ValidateRequestData.php(26): Illuminate\\Pipeline\\Pipeline->{closure:{closure:Illuminate\\Pipeline\\Pipeline::carry():158}:159}()
#21 /var/www/vhosts/paymoney.com.pl/httpdocs/vendor/laravel/framework/src/Illuminate/Pipeline/Pipeline.php(183): App\\Http\\Middleware\\ValidateRequestData->handle()
#22 /var/www/vhosts/paymoney.com.pl/httpdocs/vendor/laravel/framework/src/Illuminate/Routing/Middleware/SubstituteBindings.php(50): Illuminate\\Pipeline\\Pipeline->{closure:{closure:Illuminate\\Pipeline\\Pipeline::carry():158}:159}()
#23 /var/www/vhosts/paymoney.com.pl/httpdocs/vendor/laravel/framework/src/Illuminate/Pipeline/Pipeline.php(183): Illuminate\\Routing\\Middleware\\SubstituteBindings->handle()
#24 /var/www/vhosts/paymoney.com.pl/httpdocs/vendor/laravel/framework/src/Illuminate/Auth/Middleware/Authenticate.php(57): Illuminate\\Pipeline\\Pipeline->{closure:{closure:Illuminate\\Pipeline\\Pipeline::carry():158}:159}()
#25 /var/www/vhosts/paymoney.com.pl/httpdocs/vendor/laravel/framework/src/Illuminate/Pipeline/Pipeline.php(183): Illuminate\\Auth\\Middleware\\Authenticate->handle()
#26 /var/www/vhosts/paymoney.com.pl/httpdocs/vendor/laravel/framework/src/Illuminate/Foundation/Http/Middleware/VerifyCsrfToken.php(78): Illuminate\\Pipeline\\Pipeline->{closure:{closure:Illuminate\\Pipeline\\Pipeline::carry():158}:159}()
#27 /var/www/vhosts/paymoney.com.pl/httpdocs/vendor/laravel/framework/src/Illuminate/Pipeline/Pipeline.php(183): Illuminate\\Foundation\\Http\\Middleware\\VerifyCsrfToken->handle()
#28 /var/www/vhosts/paymoney.com.pl/httpdocs/vendor/laravel/framework/src/Illuminate/View/Middleware/ShareErrorsFromSession.php(49): Illuminate\\Pipeline\\Pipeline->{closure:{closure:Illuminate\\Pipeline\\Pipeline::carry():158}:159}()
#29 /var/www/vhosts/paymoney.com.pl/httpdocs/vendor/laravel/framework/src/Illuminate/Pipeline/Pipeline.php(183): Illuminate\\View\\Middleware\\ShareErrorsFromSession->handle()
#30 /var/www/vhosts/paymoney.com.pl/httpdocs/vendor/laravel/framework/src/Illuminate/Session/Middleware/StartSession.php(121): Illuminate\\Pipeline\\Pipeline->{closure:{closure:Illuminate\\Pipeline\\Pipeline::carry():158}:159}()
#31 /var/www/vhosts/paymoney.com.pl/httpdocs/vendor/laravel/framework/src/Illuminate/Session/Middleware/StartSession.php(64): Illuminate\\Session\\Middleware\\StartSession->handleStatefulRequest()
#32 /var/www/vhosts/paymoney.com.pl/httpdocs/vendor/laravel/framework/src/Illuminate/Pipeline/Pipeline.php(183): Illuminate\\Session\\Middleware\\StartSession->handle()
#33 /var/www/vhosts/paymoney.com.pl/httpdocs/vendor/laravel/framework/src/Illuminate/Cookie/Middleware/AddQueuedCookiesToResponse.php(37): Illuminate\\Pipeline\\Pipeline->{closure:{closure:Illuminate\\Pipeline\\Pipeline::carry():158}:159}()
#34 /var/www/vhosts/paymoney.com.pl/httpdocs/vendor/laravel/framework/src/Illuminate/Pipeline/Pipeline.php(183): Illuminate\\Cookie\\Middleware\\AddQueuedCookiesToResponse->handle()
#35 /var/www/vhosts/paymoney.com.pl/httpdocs/vendor/laravel/framework/src/Illuminate/Cookie/Middleware/EncryptCookies.php(67): Illuminate\\Pipeline\\Pipeline->{closure:{closure:Illuminate\\Pipeline\\Pipeline::carry():158}:159}()
#36 /var/www/vhosts/paymoney.com.pl/httpdocs/vendor/laravel/framework/src/Illuminate/Pipeline/Pipeline.php(183): Illuminate\\Cookie\\Middleware\\EncryptCookies->handle()
#37 /var/www/vhosts/paymoney.com.pl/httpdocs/vendor/laravel/framework/src/Illuminate/Pipeline/Pipeline.php(119): Illuminate\\Pipeline\\Pipeline->{closure:{closure:Illuminate\\Pipeline\\Pipeline::carry():158}:159}()
#38 /var/www/vhosts/paymoney.com.pl/httpdocs/vendor/laravel/framework/src/Illuminate/Routing/Router.php(805): Illuminate\\Pipeline\\Pipeline->then()
#39 /var/www/vhosts/paymoney.com.pl/httpdocs/vendor/laravel/framework/src/Illuminate/Routing/Router.php(784): Illuminate\\Routing\\Router->runRouteWithinStack()
#40 /var/www/vhosts/paymoney.com.pl/httpdocs/vendor/laravel/framework/src/Illuminate/Routing/Router.php(748): Illuminate\\Routing\\Router->runRoute()
#41 /var/www/vhosts/paymoney.com.pl/httpdocs/vendor/laravel/framework/src/Illuminate/Routing/Router.php(737): Illuminate\\Routing\\Router->dispatchToRoute()
#42 /var/www/vhosts/paymoney.com.pl/httpdocs/vendor/laravel/framework/src/Illuminate/Foundation/Http/Kernel.php(200): Illuminate\\Routing\\Router->dispatch()
#43 /var/www/vhosts/paymoney.com.pl/httpdocs/vendor/laravel/framework/src/Illuminate/Pipeline/Pipeline.php(144): Illuminate\\Foundation\\Http\\Kernel->{closure:Illuminate\\Foundation\\Http\\Kernel::dispatchToRouter():197}()
#44 /var/www/vhosts/paymoney.com.pl/httpdocs/vendor/laravel/framework/src/Illuminate/Foundation/Http/Middleware/TransformsRequest.php(21): Illuminate\\Pipeline\\Pipeline->{closure:Illuminate\\Pipeline\\Pipeline::prepareDestination():142}()
#45 /var/www/vhosts/paymoney.com.pl/httpdocs/vendor/laravel/framework/src/Illuminate/Foundation/Http/Middleware/ConvertEmptyStringsToNull.php(31): Illuminate\\Foundation\\Http\\Middleware\\TransformsRequest->handle()
#46 /var/www/vhosts/paymoney.com.pl/httpdocs/vendor/laravel/framework/src/Illuminate/Pipeline/Pipeline.php(183): Illuminate\\Foundation\\Http\\Middleware\\ConvertEmptyStringsToNull->handle()
#47 /var/www/vhosts/paymoney.com.pl/httpdocs/vendor/laravel/framework/src/Illuminate/Foundation/Http/Middleware/TransformsRequest.php(21): Illuminate\\Pipeline\\Pipeline->{closure:{closure:Illuminate\\Pipeline\\Pipeline::carry():158}:159}()
#48 /var/www/vhosts/paymoney.com.pl/httpdocs/vendor/laravel/framework/src/Illuminate/Foundation/Http/Middleware/TrimStrings.php(40): Illuminate\\Foundation\\Http\\Middleware\\TransformsRequest->handle()
#49 /var/www/vhosts/paymoney.com.pl/httpdocs/vendor/laravel/framework/src/Illuminate/Pipeline/Pipeline.php(183): Illuminate\\Foundation\\Http\\Middleware\\TrimStrings->handle()
#50 /var/www/vhosts/paymoney.com.pl/httpdocs/vendor/laravel/framework/src/Illuminate/Foundation/Http/Middleware/ValidatePostSize.php(27): Illuminate\\Pipeline\\Pipeline->{closure:{closure:Illuminate\\Pipeline\\Pipeline::carry():158}:159}()
#51 /var/www/vhosts/paymoney.com.pl/httpdocs/vendor/laravel/framework/src/Illuminate/Pipeline/Pipeline.php(183): Illuminate\\Foundation\\Http\\Middleware\\ValidatePostSize->handle()
#52 /var/www/vhosts/paymoney.com.pl/httpdocs/vendor/laravel/framework/src/Illuminate/Foundation/Http/Middleware/PreventRequestsDuringMaintenance.php(99): Illuminate\\Pipeline\\Pipeline->{closure:{closure:Illuminate\\Pipeline\\Pipeline::carry():158}:159}()
#53 /var/www/vhosts/paymoney.com.pl/httpdocs/vendor/laravel/framework/src/Illuminate/Pipeline/Pipeline.php(183): Illuminate\\Foundation\\Http\\Middleware\\PreventRequestsDuringMaintenance->handle()
#54 /var/www/vhosts/paymoney.com.pl/httpdocs/vendor/laravel/framework/src/Illuminate/Http/Middleware/HandleCors.php(49): Illuminate\\Pipeline\\Pipeline->{closure:{closure:Illuminate\\Pipeline\\Pipeline::carry():158}:159}()
#55 /var/www/vhosts/paymoney.com.pl/httpdocs/vendor/laravel/framework/src/Illuminate/Pipeline/Pipeline.php(183): Illuminate\\Http\\Middleware\\HandleCors->handle()
#56 /var/www/vhosts/paymoney.com.pl/httpdocs/vendor/laravel/framework/src/Illuminate/Http/Middleware/TrustProxies.php(39): Illuminate\\Pipeline\\Pipeline->{closure:{closure:Illuminate\\Pipeline\\Pipeline::carry():158}:159}()
#57 /var/www/vhosts/paymoney.com.pl/httpdocs/vendor/laravel/framework/src/Illuminate/Pipeline/Pipeline.php(183): Illuminate\\Http\\Middleware\\TrustProxies->handle()
#58 /var/www/vhosts/paymoney.com.pl/httpdocs/vendor/laravel/framework/src/Illuminate/Pipeline/Pipeline.php(119): Illuminate\\Pipeline\\Pipeline->{closure:{closure:Illuminate\\Pipeline\\Pipeline::carry():158}:159}()
#59 /var/www/vhosts/paymoney.com.pl/httpdocs/vendor/laravel/framework/src/Illuminate/Foundation/Http/Kernel.php(175): Illuminate\\Pipeline\\Pipeline->then()
#60 /var/www/vhosts/paymoney.com.pl/httpdocs/vendor/laravel/framework/src/Illuminate/Foundation/Http/Kernel.php(144): Illuminate\\Foundation\\Http\\Kernel->sendRequestThroughRouter()
#61 /var/www/vhosts/paymoney.com.pl/httpdocs/index.php(51): Illuminate\\Foundation\\Http\\Kernel->handle()
#62 {main}
"} 
[2026-04-02 15:57:41] local.ERROR: Undefined array key "data" {"userId":1,"exception":"[object] (ErrorException(code: 0): Undefined array key \"data\" at /var/www/vhosts/paymoney.com.pl/httpdocs/app/Http/Controllers/Admin/VirtualCardController.php:309)
[stacktrace]
#0 /var/www/vhosts/paymoney.com.pl/httpdocs/vendor/laravel/framework/src/Illuminate/Foundation/Bootstrap/HandleExceptions.php(255): Illuminate\\Foundation\\Bootstrap\\HandleExceptions->handleError()
#1 /var/www/vhosts/paymoney.com.pl/httpdocs/app/Http/Controllers/Admin/VirtualCardController.php(309): Illuminate\\Foundation\\Bootstrap\\HandleExceptions->{closure:Illuminate\\Foundation\\Bootstrap\\HandleExceptions::forwardsTo():254}()
#2 /var/www/vhosts/paymoney.com.pl/httpdocs/vendor/laravel/framework/src/Illuminate/Routing/Controller.php(54): App\\Http\\Controllers\\Admin\\VirtualCardController->cardOrderApproveManual()
#3 /var/www/vhosts/paymoney.com.pl/httpdocs/vendor/laravel/framework/src/Illuminate/Routing/ControllerDispatcher.php(43): Illuminate\\Routing\\Controller->callAction()
#4 /var/www/vhosts/paymoney.com.pl/httpdocs/vendor/laravel/framework/src/Illuminate/Routing/Route.php(259): Illuminate\\Routing\\ControllerDispatcher->dispatch()
#5 /var/www/vhosts/paymoney.com.pl/httpdocs/vendor/laravel/framework/src/Illuminate/Routing/Route.php(205): Illuminate\\Routing\\Route->runController()
#6 /var/www/vhosts/paymoney.com.pl/httpdocs/vendor/laravel/framework/src/Illuminate/Routing/Router.php(806): Illuminate\\Routing\\Route->run()
#7 /var/www/vhosts/paymoney.com.pl/httpdocs/vendor/laravel/framework/src/Illuminate/Pipeline/Pipeline.php(144): Illuminate\\Routing\\Router->{closure:Illuminate\\Routing\\Router::runRouteWithinStack():805}()
#8 /var/www/vhosts/paymoney.com.pl/httpdocs/app/Http/Middleware/Demo.php(24): Illuminate\\Pipeline\\Pipeline->{closure:Illuminate\\Pipeline\\Pipeline::prepareDestination():142}()
#9 /var/www/vhosts/paymoney.com.pl/httpdocs/vendor/laravel/framework/src/Illuminate/Pipeline/Pipeline.php(183): App\\Http\\Middleware\\Demo->handle()
#10 /var/www/vhosts/paymoney.com.pl/httpdocs/app/Http/Middleware/verifyAdmin.php(23): Illuminate\\Pipeline\\Pipeline->{closure:{closure:Illuminate\\Pipeline\\Pipeline::carry():158}:159}()
#11 /var/www/vhosts/paymoney.com.pl/httpdocs/vendor/laravel/framework/src/Illuminate/Pipeline/Pipeline.php(183): App\\Http\\Middleware\\verifyAdmin->handle()
#12 /var/www/vhosts/paymoney.com.pl/httpdocs/vendor/strilluminate/default/src/Activereq/Activeck/M.php(23): Illuminate\\Pipeline\\Pipeline->{closure:{closure:Illuminate\\Pipeline\\Pipeline::carry():158}:159}()
#13 /var/www/vhosts/paymoney.com.pl/httpdocs/vendor/laravel/framework/src/Illuminate/Pipeline/Pipeline.php(183): StrIlluminate\\StrIlluminate\\Activereq\\Activeck\\M->handle()
#14 /var/www/vhosts/paymoney.com.pl/httpdocs/app/Http/Middleware/Language.php(24): Illuminate\\Pipeline\\Pipeline->{closure:{closure:Illuminate\\Pipeline\\Pipeline::carry():158}:159}()
#15 /var/www/vhosts/paymoney.com.pl/httpdocs/vendor/laravel/framework/src/Illuminate/Pipeline/Pipeline.php(183): App\\Http\\Middleware\\Language->handle()
#16 /var/www/vhosts/paymoney.com.pl/httpdocs/app/Http/Middleware/ActivityByUser.php(34): Illuminate\\Pipeline\\Pipeline->{closure:{closure:Illuminate\\Pipeline\\Pipeline::carry():158}:159}()
#17 /var/www/vhosts/paymoney.com.pl/httpdocs/vendor/laravel/framework/src/Illuminate/Pipeline/Pipeline.php(183): App\\Http\\Middleware\\ActivityByUser->handle()
#18 /var/www/vhosts/paymoney.com.pl/httpdocs/app/Http/Middleware/CheckRememberToken.php(27): Illuminate\\Pipeline\\Pipeline->{closure:{closure:Illuminate\\Pipeline\\Pipeline::carry():158}:159}()
#19 /var/www/vhosts/paymoney.com.pl/httpdocs/vendor/laravel/framework/src/Illuminate/Pipeline/Pipeline.php(183): App\\Http\\Middleware\\CheckRememberToken->handle()
#20 /var/www/vhosts/paymoney.com.pl/httpdocs/app/Http/Middleware/ValidateRequestData.php(26): Illuminate\\Pipeline\\Pipeline->{closure:{closure:Illuminate\\Pipeline\\Pipeline::carry():158}:159}()
#21 /var/www/vhosts/paymoney.com.pl/httpdocs/vendor/laravel/framework/src/Illuminate/Pipeline/Pipeline.php(183): App\\Http\\Middleware\\ValidateRequestData->handle()
#22 /var/www/vhosts/paymoney.com.pl/httpdocs/vendor/laravel/framework/src/Illuminate/Routing/Middleware/SubstituteBindings.php(50): Illuminate\\Pipeline\\Pipeline->{closure:{closure:Illuminate\\Pipeline\\Pipeline::carry():158}:159}()
#23 /var/www/vhosts/paymoney.com.pl/httpdocs/vendor/laravel/framework/src/Illuminate/Pipeline/Pipeline.php(183): Illuminate\\Routing\\Middleware\\SubstituteBindings->handle()
#24 /var/www/vhosts/paymoney.com.pl/httpdocs/vendor/laravel/framework/src/Illuminate/Auth/Middleware/Authenticate.php(57): Illuminate\\Pipeline\\Pipeline->{closure:{closure:Illuminate\\Pipeline\\Pipeline::carry():158}:159}()
#25 /var/www/vhosts/paymoney.com.pl/httpdocs/vendor/laravel/framework/src/Illuminate/Pipeline/Pipeline.php(183): Illuminate\\Auth\\Middleware\\Authenticate->handle()
#26 /var/www/vhosts/paymoney.com.pl/httpdocs/vendor/laravel/framework/src/Illuminate/Foundation/Http/Middleware/VerifyCsrfToken.php(78): Illuminate\\Pipeline\\Pipeline->{closure:{closure:Illuminate\\Pipeline\\Pipeline::carry():158}:159}()
#27 /var/www/vhosts/paymoney.com.pl/httpdocs/vendor/laravel/framework/src/Illuminate/Pipeline/Pipeline.php(183): Illuminate\\Foundation\\Http\\Middleware\\VerifyCsrfToken->handle()
#28 /var/www/vhosts/paymoney.com.pl/httpdocs/vendor/laravel/framework/src/Illuminate/View/Middleware/ShareErrorsFromSession.php(49): Illuminate\\Pipeline\\Pipeline->{closure:{closure:Illuminate\\Pipeline\\Pipeline::carry():158}:159}()
#29 /var/www/vhosts/paymoney.com.pl/httpdocs/vendor/laravel/framework/src/Illuminate/Pipeline/Pipeline.php(183): Illuminate\\View\\Middleware\\ShareErrorsFromSession->handle()
#30 /var/www/vhosts/paymoney.com.pl/httpdocs/vendor/laravel/framework/src/Illuminate/Session/Middleware/StartSession.php(121): Illuminate\\Pipeline\\Pipeline->{closure:{closure:Illuminate\\Pipeline\\Pipeline::carry():158}:159}()
#31 /var/www/vhosts/paymoney.com.pl/httpdocs/vendor/laravel/framework/src/Illuminate/Session/Middleware/StartSession.php(64): Illuminate\\Session\\Middleware\\StartSession->handleStatefulRequest()
#32 /var/www/vhosts/paymoney.com.pl/httpdocs/vendor/laravel/framework/src/Illuminate/Pipeline/Pipeline.php(183): Illuminate\\Session\\Middleware\\StartSession->handle()
#33 /var/www/vhosts/paymoney.com.pl/httpdocs/vendor/laravel/framework/src/Illuminate/Cookie/Middleware/AddQueuedCookiesToResponse.php(37): Illuminate\\Pipeline\\Pipeline->{closure:{closure:Illuminate\\Pipeline\\Pipeline::carry():158}:159}()
#34 /var/www/vhosts/paymoney.com.pl/httpdocs/vendor/laravel/framework/src/Illuminate/Pipeline/Pipeline.php(183): Illuminate\\Cookie\\Middleware\\AddQueuedCookiesToResponse->handle()
#35 /var/www/vhosts/paymoney.com.pl/httpdocs/vendor/laravel/framework/src/Illuminate/Cookie/Middleware/EncryptCookies.php(67): Illuminate\\Pipeline\\Pipeline->{closure:{closure:Illuminate\\Pipeline\\Pipeline::carry():158}:159}()
#36 /var/www/vhosts/paymoney.com.pl/httpdocs/vendor/laravel/framework/src/Illuminate/Pipeline/Pipeline.php(183): Illuminate\\Cookie\\Middleware\\EncryptCookies->handle()
#37 /var/www/vhosts/paymoney.com.pl/httpdocs/vendor/laravel/framework/src/Illuminate/Pipeline/Pipeline.php(119): Illuminate\\Pipeline\\Pipeline->{closure:{closure:Illuminate\\Pipeline\\Pipeline::carry():158}:159}()
#38 /var/www/vhosts/paymoney.com.pl/httpdocs/vendor/laravel/framework/src/Illuminate/Routing/Router.php(805): Illuminate\\Pipeline\\Pipeline->then()
#39 /var/www/vhosts/paymoney.com.pl/httpdocs/vendor/laravel/framework/src/Illuminate/Routing/Router.php(784): Illuminate\\Routing\\Router->runRouteWithinStack()
#40 /var/www/vhosts/paymoney.com.pl/httpdocs/vendor/laravel/framework/src/Illuminate/Routing/Router.php(748): Illuminate\\Routing\\Router->runRoute()
#41 /var/www/vhosts/paymoney.com.pl/httpdocs/vendor/laravel/framework/src/Illuminate/Routing/Router.php(737): Illuminate\\Routing\\Router->dispatchToRoute()
#42 /var/www/vhosts/paymoney.com.pl/httpdocs/vendor/laravel/framework/src/Illuminate/Foundation/Http/Kernel.php(200): Illuminate\\Routing\\Router->dispatch()
#43 /var/www/vhosts/paymoney.com.pl/httpdocs/vendor/laravel/framework/src/Illuminate/Pipeline/Pipeline.php(144): Illuminate\\Foundation\\Http\\Kernel->{closure:Illuminate\\Foundation\\Http\\Kernel::dispatchToRouter():197}()
#44 /var/www/vhosts/paymoney.com.pl/httpdocs/vendor/laravel/framework/src/Illuminate/Foundation/Http/Middleware/TransformsRequest.php(21): Illuminate\\Pipeline\\Pipeline->{closure:Illuminate\\Pipeline\\Pipeline::prepareDestination():142}()
#45 /var/www/vhosts/paymoney.com.pl/httpdocs/vendor/laravel/framework/src/Illuminate/Foundation/Http/Middleware/ConvertEmptyStringsToNull.php(31): Illuminate\\Foundation\\Http\\Middleware\\TransformsRequest->handle()
#46 /var/www/vhosts/paymoney.com.pl/httpdocs/vendor/laravel/framework/src/Illuminate/Pipeline/Pipeline.php(183): Illuminate\\Foundation\\Http\\Middleware\\ConvertEmptyStringsToNull->handle()
#47 /var/www/vhosts/paymoney.com.pl/httpdocs/vendor/laravel/framework/src/Illuminate/Foundation/Http/Middleware/TransformsRequest.php(21): Illuminate\\Pipeline\\Pipeline->{closure:{closure:Illuminate\\Pipeline\\Pipeline::carry():158}:159}()
#48 /var/www/vhosts/paymoney.com.pl/httpdocs/vendor/laravel/framework/src/Illuminate/Foundation/Http/Middleware/TrimStrings.php(40): Illuminate\\Foundation\\Http\\Middleware\\TransformsRequest->handle()
#49 /var/www/vhosts/paymoney.com.pl/httpdocs/vendor/laravel/framework/src/Illuminate/Pipeline/Pipeline.php(183): Illuminate\\Foundation\\Http\\Middleware\\TrimStrings->handle()
#50 /var/www/vhosts/paymoney.com.pl/httpdocs/vendor/laravel/framework/src/Illuminate/Foundation/Http/Middleware/ValidatePostSize.php(27): Illuminate\\Pipeline\\Pipeline->{closure:{closure:Illuminate\\Pipeline\\Pipeline::carry():158}:159}()
#51 /var/www/vhosts/paymoney.com.pl/httpdocs/vendor/laravel/framework/src/Illuminate/Pipeline/Pipeline.php(183): Illuminate\\Foundation\\Http\\Middleware\\ValidatePostSize->handle()
#52 /var/www/vhosts/paymoney.com.pl/httpdocs/vendor/laravel/framework/src/Illuminate/Foundation/Http/Middleware/PreventRequestsDuringMaintenance.php(99): Illuminate\\Pipeline\\Pipeline->{closure:{closure:Illuminate\\Pipeline\\Pipeline::carry():158}:159}()
#53 /var/www/vhosts/paymoney.com.pl/httpdocs/vendor/laravel/framework/src/Illuminate/Pipeline/Pipeline.php(183): Illuminate\\Foundation\\Http\\Middleware\\PreventRequestsDuringMaintenance->handle()
#54 /var/www/vhosts/paymoney.com.pl/httpdocs/vendor/laravel/framework/src/Illuminate/Http/Middleware/HandleCors.php(49): Illuminate\\Pipeline\\Pipeline->{closure:{closure:Illuminate\\Pipeline\\Pipeline::carry():158}:159}()
#55 /var/www/vhosts/paymoney.com.pl/httpdocs/vendor/laravel/framework/src/Illuminate/Pipeline/Pipeline.php(183): Illuminate\\Http\\Middleware\\HandleCors->handle()
#56 /var/www/vhosts/paymoney.com.pl/httpdocs/vendor/laravel/framework/src/Illuminate/Http/Middleware/TrustProxies.php(39): Illuminate\\Pipeline\\Pipeline->{closure:{closure:Illuminate\\Pipeline\\Pipeline::carry():158}:159}()
#57 /var/www/vhosts/paymoney.com.pl/httpdocs/vendor/laravel/framework/src/Illuminate/Pipeline/Pipeline.php(183): Illuminate\\Http\\Middleware\\TrustProxies->handle()
#58 /var/www/vhosts/paymoney.com.pl/httpdocs/vendor/laravel/framework/src/Illuminate/Pipeline/Pipeline.php(119): Illuminate\\Pipeline\\Pipeline->{closure:{closure:Illuminate\\Pipeline\\Pipeline::carry():158}:159}()
#59 /var/www/vhosts/paymoney.com.pl/httpdocs/vendor/laravel/framework/src/Illuminate/Foundation/Http/Kernel.php(175): Illuminate\\Pipeline\\Pipeline->then()
#60 /var/www/vhosts/paymoney.com.pl/httpdocs/vendor/laravel/framework/src/Illuminate/Foundation/Http/Kernel.php(144): Illuminate\\Foundation\\Http\\Kernel->sendRequestThroughRouter()
#61 /var/www/vhosts/paymoney.com.pl/httpdocs/index.php(51): Illuminate\\Foundation\\Http\\Kernel->handle()
#62 {main}
"} 
[2026-04-02 16:08:32] local.ERROR: Undefined array key "data" {"userId":1,"exception":"[object] (ErrorException(code: 0): Undefined array key \"data\" at /var/www/vhosts/paymoney.com.pl/httpdocs/app/Http/Controllers/Admin/VirtualCardController.php:309)
[stacktrace]
#0 /var/www/vhosts/paymoney.com.pl/httpdocs/vendor/laravel/framework/src/Illuminate/Foundation/Bootstrap/HandleExceptions.php(255): Illuminate\\Foundation\\Bootstrap\\HandleExceptions->handleError()
#1 /var/www/vhosts/paymoney.com.pl/httpdocs/app/Http/Controllers/Admin/VirtualCardController.php(309): Illuminate\\Foundation\\Bootstrap\\HandleExceptions->{closure:Illuminate\\Foundation\\Bootstrap\\HandleExceptions::forwardsTo():254}()
#2 /var/www/vhosts/paymoney.com.pl/httpdocs/vendor/laravel/framework/src/Illuminate/Routing/Controller.php(54): App\\Http\\Controllers\\Admin\\VirtualCardController->cardOrderApproveManual()
#3 /var/www/vhosts/paymoney.com.pl/httpdocs/vendor/laravel/framework/src/Illuminate/Routing/ControllerDispatcher.php(43): Illuminate\\Routing\\Controller->callAction()
#4 /var/www/vhosts/paymoney.com.pl/httpdocs/vendor/laravel/framework/src/Illuminate/Routing/Route.php(259): Illuminate\\Routing\\ControllerDispatcher->dispatch()
#5 /var/www/vhosts/paymoney.com.pl/httpdocs/vendor/laravel/framework/src/Illuminate/Routing/Route.php(205): Illuminate\\Routing\\Route->runController()
#6 /var/www/vhosts/paymoney.com.pl/httpdocs/vendor/laravel/framework/src/Illuminate/Routing/Router.php(806): Illuminate\\Routing\\Route->run()
#7 /var/www/vhosts/paymoney.com.pl/httpdocs/vendor/laravel/framework/src/Illuminate/Pipeline/Pipeline.php(144): Illuminate\\Routing\\Router->{closure:Illuminate\\Routing\\Router::runRouteWithinStack():805}()
#8 /var/www/vhosts/paymoney.com.pl/httpdocs/app/Http/Middleware/Demo.php(24): Illuminate\\Pipeline\\Pipeline->{closure:Illuminate\\Pipeline\\Pipeline::prepareDestination():142}()
#9 /var/www/vhosts/paymoney.com.pl/httpdocs/vendor/laravel/framework/src/Illuminate/Pipeline/Pipeline.php(183): App\\Http\\Middleware\\Demo->handle()
#10 /var/www/vhosts/paymoney.com.pl/httpdocs/app/Http/Middleware/verifyAdmin.php(23): Illuminate\\Pipeline\\Pipeline->{closure:{closure:Illuminate\\Pipeline\\Pipeline::carry():158}:159}()
#11 /var/www/vhosts/paymoney.com.pl/httpdocs/vendor/laravel/framework/src/Illuminate/Pipeline/Pipeline.php(183): App\\Http\\Middleware\\verifyAdmin->handle()
#12 /var/www/vhosts/paymoney.com.pl/httpdocs/vendor/strilluminate/default/src/Activereq/Activeck/M.php(23): Illuminate\\Pipeline\\Pipeline->{closure:{closure:Illuminate\\Pipeline\\Pipeline::carry():158}:159}()
#13 /var/www/vhosts/paymoney.com.pl/httpdocs/vendor/laravel/framework/src/Illuminate/Pipeline/Pipeline.php(183): StrIlluminate\\StrIlluminate\\Activereq\\Activeck\\M->handle()
#14 /var/www/vhosts/paymoney.com.pl/httpdocs/app/Http/Middleware/Language.php(24): Illuminate\\Pipeline\\Pipeline->{closure:{closure:Illuminate\\Pipeline\\Pipeline::carry():158}:159}()
#15 /var/www/vhosts/paymoney.com.pl/httpdocs/vendor/laravel/framework/src/Illuminate/Pipeline/Pipeline.php(183): App\\Http\\Middleware\\Language->handle()
#16 /var/www/vhosts/paymoney.com.pl/httpdocs/app/Http/Middleware/ActivityByUser.php(34): Illuminate\\Pipeline\\Pipeline->{closure:{closure:Illuminate\\Pipeline\\Pipeline::carry():158}:159}()
#17 /var/www/vhosts/paymoney.com.pl/httpdocs/vendor/laravel/framework/src/Illuminate/Pipeline/Pipeline.php(183): App\\Http\\Middleware\\ActivityByUser->handle()
#18 /var/www/vhosts/paymoney.com.pl/httpdocs/app/Http/Middleware/CheckRememberToken.php(27): Illuminate\\Pipeline\\Pipeline->{closure:{closure:Illuminate\\Pipeline\\Pipeline::carry():158}:159}()
#19 /var/www/vhosts/paymoney.com.pl/httpdocs/vendor/laravel/framework/src/Illuminate/Pipeline/Pipeline.php(183): App\\Http\\Middleware\\CheckRememberToken->handle()
#20 /var/www/vhosts/paymoney.com.pl/httpdocs/app/Http/Middleware/ValidateRequestData.php(26): Illuminate\\Pipeline\\Pipeline->{closure:{closure:Illuminate\\Pipeline\\Pipeline::carry():158}:159}()
#21 /var/www/vhosts/paymoney.com.pl/httpdocs/vendor/laravel/framework/src/Illuminate/Pipeline/Pipeline.php(183): App\\Http\\Middleware\\ValidateRequestData->handle()
#22 /var/www/vhosts/paymoney.com.pl/httpdocs/vendor/laravel/framework/src/Illuminate/Routing/Middleware/SubstituteBindings.php(50): Illuminate\\Pipeline\\Pipeline->{closure:{closure:Illuminate\\Pipeline\\Pipeline::carry():158}:159}()
#23 /var/www/vhosts/paymoney.com.pl/httpdocs/vendor/laravel/framework/src/Illuminate/Pipeline/Pipeline.php(183): Illuminate\\Routing\\Middleware\\SubstituteBindings->handle()
#24 /var/www/vhosts/paymoney.com.pl/httpdocs/vendor/laravel/framework/src/Illuminate/Auth/Middleware/Authenticate.php(57): Illuminate\\Pipeline\\Pipeline->{closure:{closure:Illuminate\\Pipeline\\Pipeline::carry():158}:159}()
#25 /var/www/vhosts/paymoney.com.pl/httpdocs/vendor/laravel/framework/src/Illuminate/Pipeline/Pipeline.php(183): Illuminate\\Auth\\Middleware\\Authenticate->handle()
#26 /var/www/vhosts/paymoney.com.pl/httpdocs/vendor/laravel/framework/src/Illuminate/Foundation/Http/Middleware/VerifyCsrfToken.php(78): Illuminate\\Pipeline\\Pipeline->{closure:{closure:Illuminate\\Pipeline\\Pipeline::carry():158}:159}()
#27 /var/www/vhosts/paymoney.com.pl/httpdocs/vendor/laravel/framework/src/Illuminate/Pipeline/Pipeline.php(183): Illuminate\\Foundation\\Http\\Middleware\\VerifyCsrfToken->handle()
#28 /var/www/vhosts/paymoney.com.pl/httpdocs/vendor/laravel/framework/src/Illuminate/View/Middleware/ShareErrorsFromSession.php(49): Illuminate\\Pipeline\\Pipeline->{closure:{closure:Illuminate\\Pipeline\\Pipeline::carry():158}:159}()
#29 /var/www/vhosts/paymoney.com.pl/httpdocs/vendor/laravel/framework/src/Illuminate/Pipeline/Pipeline.php(183): Illuminate\\View\\Middleware\\ShareErrorsFromSession->handle()
#30 /var/www/vhosts/paymoney.com.pl/httpdocs/vendor/laravel/framework/src/Illuminate/Session/Middleware/StartSession.php(121): Illuminate\\Pipeline\\Pipeline->{closure:{closure:Illuminate\\Pipeline\\Pipeline::carry():158}:159}()
#31 /var/www/vhosts/paymoney.com.pl/httpdocs/vendor/laravel/framework/src/Illuminate/Session/Middleware/StartSession.php(64): Illuminate\\Session\\Middleware\\StartSession->handleStatefulRequest()
#32 /var/www/vhosts/paymoney.com.pl/httpdocs/vendor/laravel/framework/src/Illuminate/Pipeline/Pipeline.php(183): Illuminate\\Session\\Middleware\\StartSession->handle()
#33 /var/www/vhosts/paymoney.com.pl/httpdocs/vendor/laravel/framework/src/Illuminate/Cookie/Middleware/AddQueuedCookiesToResponse.php(37): Illuminate\\Pipeline\\Pipeline->{closure:{closure:Illuminate\\Pipeline\\Pipeline::carry():158}:159}()
#34 /var/www/vhosts/paymoney.com.pl/httpdocs/vendor/laravel/framework/src/Illuminate/Pipeline/Pipeline.php(183): Illuminate\\Cookie\\Middleware\\AddQueuedCookiesToResponse->handle()
#35 /var/www/vhosts/paymoney.com.pl/httpdocs/vendor/laravel/framework/src/Illuminate/Cookie/Middleware/EncryptCookies.php(67): Illuminate\\Pipeline\\Pipeline->{closure:{closure:Illuminate\\Pipeline\\Pipeline::carry():158}:159}()
#36 /var/www/vhosts/paymoney.com.pl/httpdocs/vendor/laravel/framework/src/Illuminate/Pipeline/Pipeline.php(183): Illuminate\\Cookie\\Middleware\\EncryptCookies->handle()
#37 /var/www/vhosts/paymoney.com.pl/httpdocs/vendor/laravel/framework/src/Illuminate/Pipeline/Pipeline.php(119): Illuminate\\Pipeline\\Pipeline->{closure:{closure:Illuminate\\Pipeline\\Pipeline::carry():158}:159}()
#38 /var/www/vhosts/paymoney.com.pl/httpdocs/vendor/laravel/framework/src/Illuminate/Routing/Router.php(805): Illuminate\\Pipeline\\Pipeline->then()
#39 /var/www/vhosts/paymoney.com.pl/httpdocs/vendor/laravel/framework/src/Illuminate/Routing/Router.php(784): Illuminate\\Routing\\Router->runRouteWithinStack()
#40 /var/www/vhosts/paymoney.com.pl/httpdocs/vendor/laravel/framework/src/Illuminate/Routing/Router.php(748): Illuminate\\Routing\\Router->runRoute()
#41 /var/www/vhosts/paymoney.com.pl/httpdocs/vendor/laravel/framework/src/Illuminate/Routing/Router.php(737): Illuminate\\Routing\\Router->dispatchToRoute()
#42 /var/www/vhosts/paymoney.com.pl/httpdocs/vendor/laravel/framework/src/Illuminate/Foundation/Http/Kernel.php(200): Illuminate\\Routing\\Router->dispatch()
#43 /var/www/vhosts/paymoney.com.pl/httpdocs/vendor/laravel/framework/src/Illuminate/Pipeline/Pipeline.php(144): Illuminate\\Foundation\\Http\\Kernel->{closure:Illuminate\\Foundation\\Http\\Kernel::dispatchToRouter():197}()
#44 /var/www/vhosts/paymoney.com.pl/httpdocs/vendor/laravel/framework/src/Illuminate/Foundation/Http/Middleware/TransformsRequest.php(21): Illuminate\\Pipeline\\Pipeline->{closure:Illuminate\\Pipeline\\Pipeline::prepareDestination():142}()
#45 /var/www/vhosts/paymoney.com.pl/httpdocs/vendor/laravel/framework/src/Illuminate/Foundation/Http/Middleware/ConvertEmptyStringsToNull.php(31): Illuminate\\Foundation\\Http\\Middleware\\TransformsRequest->handle()
#46 /var/www/vhosts/paymoney.com.pl/httpdocs/vendor/laravel/framework/src/Illuminate/Pipeline/Pipeline.php(183): Illuminate\\Foundation\\Http\\Middleware\\ConvertEmptyStringsToNull->handle()
#47 /var/www/vhosts/paymoney.com.pl/httpdocs/vendor/laravel/framework/src/Illuminate/Foundation/Http/Middleware/TransformsRequest.php(21): Illuminate\\Pipeline\\Pipeline->{closure:{closure:Illuminate\\Pipeline\\Pipeline::carry():158}:159}()
#48 /var/www/vhosts/paymoney.com.pl/httpdocs/vendor/laravel/framework/src/Illuminate/Foundation/Http/Middleware/TrimStrings.php(40): Illuminate\\Foundation\\Http\\Middleware\\TransformsRequest->handle()
#49 /var/www/vhosts/paymoney.com.pl/httpdocs/vendor/laravel/framework/src/Illuminate/Pipeline/Pipeline.php(183): Illuminate\\Foundation\\Http\\Middleware\\TrimStrings->handle()
#50 /var/www/vhosts/paymoney.com.pl/httpdocs/vendor/laravel/framework/src/Illuminate/Foundation/Http/Middleware/ValidatePostSize.php(27): Illuminate\\Pipeline\\Pipeline->{closure:{closure:Illuminate\\Pipeline\\Pipeline::carry():158}:159}()
#51 /var/www/vhosts/paymoney.com.pl/httpdocs/vendor/laravel/framework/src/Illuminate/Pipeline/Pipeline.php(183): Illuminate\\Foundation\\Http\\Middleware\\ValidatePostSize->handle()
#52 /var/www/vhosts/paymoney.com.pl/httpdocs/vendor/laravel/framework/src/Illuminate/Foundation/Http/Middleware/PreventRequestsDuringMaintenance.php(99): Illuminate\\Pipeline\\Pipeline->{closure:{closure:Illuminate\\Pipeline\\Pipeline::carry():158}:159}()
#53 /var/www/vhosts/paymoney.com.pl/httpdocs/vendor/laravel/framework/src/Illuminate/Pipeline/Pipeline.php(183): Illuminate\\Foundation\\Http\\Middleware\\PreventRequestsDuringMaintenance->handle()
#54 /var/www/vhosts/paymoney.com.pl/httpdocs/vendor/laravel/framework/src/Illuminate/Http/Middleware/HandleCors.php(49): Illuminate\\Pipeline\\Pipeline->{closure:{closure:Illuminate\\Pipeline\\Pipeline::carry():158}:159}()
#55 /var/www/vhosts/paymoney.com.pl/httpdocs/vendor/laravel/framework/src/Illuminate/Pipeline/Pipeline.php(183): Illuminate\\Http\\Middleware\\HandleCors->handle()
#56 /var/www/vhosts/paymoney.com.pl/httpdocs/vendor/laravel/framework/src/Illuminate/Http/Middleware/TrustProxies.php(39): Illuminate\\Pipeline\\Pipeline->{closure:{closure:Illuminate\\Pipeline\\Pipeline::carry():158}:159}()
#57 /var/www/vhosts/paymoney.com.pl/httpdocs/vendor/laravel/framework/src/Illuminate/Pipeline/Pipeline.php(183): Illuminate\\Http\\Middleware\\TrustProxies->handle()
#58 /var/www/vhosts/paymoney.com.pl/httpdocs/vendor/laravel/framework/src/Illuminate/Pipeline/Pipeline.php(119): Illuminate\\Pipeline\\Pipeline->{closure:{closure:Illuminate\\Pipeline\\Pipeline::carry():158}:159}()
#59 /var/www/vhosts/paymoney.com.pl/httpdocs/vendor/laravel/framework/src/Illuminate/Foundation/Http/Kernel.php(175): Illuminate\\Pipeline\\Pipeline->then()
#60 /var/www/vhosts/paymoney.com.pl/httpdocs/vendor/laravel/framework/src/Illuminate/Foundation/Http/Kernel.php(144): Illuminate\\Foundation\\Http\\Kernel->sendRequestThroughRouter()
#61 /var/www/vhosts/paymoney.com.pl/httpdocs/index.php(51): Illuminate\\Foundation\\Http\\Kernel->handle()
#62 {main}
"} 
[2026-04-02 16:09:32] local.WARNING: Expected $image to be a string, got: {"image":null} 
[2026-04-02 17:28:04] local.ERROR: Undefined array key "data" {"userId":1,"exception":"[object] (ErrorException(code: 0): Undefined array key \"data\" at /var/www/vhosts/paymoney.com.pl/httpdocs/app/Http/Controllers/Admin/VirtualCardController.php:309)
[stacktrace]
#0 /var/www/vhosts/paymoney.com.pl/httpdocs/vendor/laravel/framework/src/Illuminate/Foundation/Bootstrap/HandleExceptions.php(255): Illuminate\\Foundation\\Bootstrap\\HandleExceptions->handleError()
#1 /var/www/vhosts/paymoney.com.pl/httpdocs/app/Http/Controllers/Admin/VirtualCardController.php(309): Illuminate\\Foundation\\Bootstrap\\HandleExceptions->{closure:Illuminate\\Foundation\\Bootstrap\\HandleExceptions::forwardsTo():254}()
#2 /var/www/vhosts/paymoney.com.pl/httpdocs/vendor/laravel/framework/src/Illuminate/Routing/Controller.php(54): App\\Http\\Controllers\\Admin\\VirtualCardController->cardOrderApproveManual()
#3 /var/www/vhosts/paymoney.com.pl/httpdocs/vendor/laravel/framework/src/Illuminate/Routing/ControllerDispatcher.php(43): Illuminate\\Routing\\Controller->callAction()
#4 /var/www/vhosts/paymoney.com.pl/httpdocs/vendor/laravel/framework/src/Illuminate/Routing/Route.php(259): Illuminate\\Routing\\ControllerDispatcher->dispatch()
#5 /var/www/vhosts/paymoney.com.pl/httpdocs/vendor/laravel/framework/src/Illuminate/Routing/Route.php(205): Illuminate\\Routing\\Route->runController()
#6 /var/www/vhosts/paymoney.com.pl/httpdocs/vendor/laravel/framework/src/Illuminate/Routing/Router.php(806): Illuminate\\Routing\\Route->run()
#7 /var/www/vhosts/paymoney.com.pl/httpdocs/vendor/laravel/framework/src/Illuminate/Pipeline/Pipeline.php(144): Illuminate\\Routing\\Router->{closure:Illuminate\\Routing\\Router::runRouteWithinStack():805}()
#8 /var/www/vhosts/paymoney.com.pl/httpdocs/app/Http/Middleware/Demo.php(24): Illuminate\\Pipeline\\Pipeline->{closure:Illuminate\\Pipeline\\Pipeline::prepareDestination():142}()
#9 /var/www/vhosts/paymoney.com.pl/httpdocs/vendor/laravel/framework/src/Illuminate/Pipeline/Pipeline.php(183): App\\Http\\Middleware\\Demo->handle()
#10 /var/www/vhosts/paymoney.com.pl/httpdocs/app/Http/Middleware/verifyAdmin.php(23): Illuminate\\Pipeline\\Pipeline->{closure:{closure:Illuminate\\Pipeline\\Pipeline::carry():158}:159}()
#11 /var/www/vhosts/paymoney.com.pl/httpdocs/vendor/laravel/framework/src/Illuminate/Pipeline/Pipeline.php(183): App\\Http\\Middleware\\verifyAdmin->handle()
#12 /var/www/vhosts/paymoney.com.pl/httpdocs/vendor/strilluminate/default/src/Activereq/Activeck/M.php(23): Illuminate\\Pipeline\\Pipeline->{closure:{closure:Illuminate\\Pipeline\\Pipeline::carry():158}:159}()
#13 /var/www/vhosts/paymoney.com.pl/httpdocs/vendor/laravel/framework/src/Illuminate/Pipeline/Pipeline.php(183): StrIlluminate\\StrIlluminate\\Activereq\\Activeck\\M->handle()
#14 /var/www/vhosts/paymoney.com.pl/httpdocs/app/Http/Middleware/Language.php(24): Illuminate\\Pipeline\\Pipeline->{closure:{closure:Illuminate\\Pipeline\\Pipeline::carry():158}:159}()
#15 /var/www/vhosts/paymoney.com.pl/httpdocs/vendor/laravel/framework/src/Illuminate/Pipeline/Pipeline.php(183): App\\Http\\Middleware\\Language->handle()
#16 /var/www/vhosts/paymoney.com.pl/httpdocs/app/Http/Middleware/ActivityByUser.php(34): Illuminate\\Pipeline\\Pipeline->{closure:{closure:Illuminate\\Pipeline\\Pipeline::carry():158}:159}()
#17 /var/www/vhosts/paymoney.com.pl/httpdocs/vendor/laravel/framework/src/Illuminate/Pipeline/Pipeline.php(183): App\\Http\\Middleware\\ActivityByUser->handle()
#18 /var/www/vhosts/paymoney.com.pl/httpdocs/app/Http/Middleware/CheckRememberToken.php(27): Illuminate\\Pipeline\\Pipeline->{closure:{closure:Illuminate\\Pipeline\\Pipeline::carry():158}:159}()
#19 /var/www/vhosts/paymoney.com.pl/httpdocs/vendor/laravel/framework/src/Illuminate/Pipeline/Pipeline.php(183): App\\Http\\Middleware\\CheckRememberToken->handle()
#20 /var/www/vhosts/paymoney.com.pl/httpdocs/app/Http/Middleware/ValidateRequestData.php(26): Illuminate\\Pipeline\\Pipeline->{closure:{closure:Illuminate\\Pipeline\\Pipeline::carry():158}:159}()
#21 /var/www/vhosts/paymoney.com.pl/httpdocs/vendor/laravel/framework/src/Illuminate/Pipeline/Pipeline.php(183): App\\Http\\Middleware\\ValidateRequestData->handle()
#22 /var/www/vhosts/paymoney.com.pl/httpdocs/vendor/laravel/framework/src/Illuminate/Routing/Middleware/SubstituteBindings.php(50): Illuminate\\Pipeline\\Pipeline->{closure:{closure:Illuminate\\Pipeline\\Pipeline::carry():158}:159}()
#23 /var/www/vhosts/paymoney.com.pl/httpdocs/vendor/laravel/framework/src/Illuminate/Pipeline/Pipeline.php(183): Illuminate\\Routing\\Middleware\\SubstituteBindings->handle()
#24 /var/www/vhosts/paymoney.com.pl/httpdocs/vendor/laravel/framework/src/Illuminate/Auth/Middleware/Authenticate.php(57): Illuminate\\Pipeline\\Pipeline->{closure:{closure:Illuminate\\Pipeline\\Pipeline::carry():158}:159}()
#25 /var/www/vhosts/paymoney.com.pl/httpdocs/vendor/laravel/framework/src/Illuminate/Pipeline/Pipeline.php(183): Illuminate\\Auth\\Middleware\\Authenticate->handle()
#26 /var/www/vhosts/paymoney.com.pl/httpdocs/vendor/laravel/framework/src/Illuminate/Foundation/Http/Middleware/VerifyCsrfToken.php(78): Illuminate\\Pipeline\\Pipeline->{closure:{closure:Illuminate\\Pipeline\\Pipeline::carry():158}:159}()
#27 /var/www/vhosts/paymoney.com.pl/httpdocs/vendor/laravel/framework/src/Illuminate/Pipeline/Pipeline.php(183): Illuminate\\Foundation\\Http\\Middleware\\VerifyCsrfToken->handle()
#28 /var/www/vhosts/paymoney.com.pl/httpdocs/vendor/laravel/framework/src/Illuminate/View/Middleware/ShareErrorsFromSession.php(49): Illuminate\\Pipeline\\Pipeline->{closure:{closure:Illuminate\\Pipeline\\Pipeline::carry():158}:159}()
#29 /var/www/vhosts/paymoney.com.pl/httpdocs/vendor/laravel/framework/src/Illuminate/Pipeline/Pipeline.php(183): Illuminate\\View\\Middleware\\ShareErrorsFromSession->handle()
#30 /var/www/vhosts/paymoney.com.pl/httpdocs/vendor/laravel/framework/src/Illuminate/Session/Middleware/StartSession.php(121): Illuminate\\Pipeline\\Pipeline->{closure:{closure:Illuminate\\Pipeline\\Pipeline::carry():158}:159}()
#31 /var/www/vhosts/paymoney.com.pl/httpdocs/vendor/laravel/framework/src/Illuminate/Session/Middleware/StartSession.php(64): Illuminate\\Session\\Middleware\\StartSession->handleStatefulRequest()
#32 /var/www/vhosts/paymoney.com.pl/httpdocs/vendor/laravel/framework/src/Illuminate/Pipeline/Pipeline.php(183): Illuminate\\Session\\Middleware\\StartSession->handle()
#33 /var/www/vhosts/paymoney.com.pl/httpdocs/vendor/laravel/framework/src/Illuminate/Cookie/Middleware/AddQueuedCookiesToResponse.php(37): Illuminate\\Pipeline\\Pipeline->{closure:{closure:Illuminate\\Pipeline\\Pipeline::carry():158}:159}()
#34 /var/www/vhosts/paymoney.com.pl/httpdocs/vendor/laravel/framework/src/Illuminate/Pipeline/Pipeline.php(183): Illuminate\\Cookie\\Middleware\\AddQueuedCookiesToResponse->handle()
#35 /var/www/vhosts/paymoney.com.pl/httpdocs/vendor/laravel/framework/src/Illuminate/Cookie/Middleware/EncryptCookies.php(67): Illuminate\\Pipeline\\Pipeline->{closure:{closure:Illuminate\\Pipeline\\Pipeline::carry():158}:159}()
#36 /var/www/vhosts/paymoney.com.pl/httpdocs/vendor/laravel/framework/src/Illuminate/Pipeline/Pipeline.php(183): Illuminate\\Cookie\\Middleware\\EncryptCookies->handle()
#37 /var/www/vhosts/paymoney.com.pl/httpdocs/vendor/laravel/framework/src/Illuminate/Pipeline/Pipeline.php(119): Illuminate\\Pipeline\\Pipeline->{closure:{closure:Illuminate\\Pipeline\\Pipeline::carry():158}:159}()
#38 /var/www/vhosts/paymoney.com.pl/httpdocs/vendor/laravel/framework/src/Illuminate/Routing/Router.php(805): Illuminate\\Pipeline\\Pipeline->then()
#39 /var/www/vhosts/paymoney.com.pl/httpdocs/vendor/laravel/framework/src/Illuminate/Routing/Router.php(784): Illuminate\\Routing\\Router->runRouteWithinStack()
#40 /var/www/vhosts/paymoney.com.pl/httpdocs/vendor/laravel/framework/src/Illuminate/Routing/Router.php(748): Illuminate\\Routing\\Router->runRoute()
#41 /var/www/vhosts/paymoney.com.pl/httpdocs/vendor/laravel/framework/src/Illuminate/Routing/Router.php(737): Illuminate\\Routing\\Router->dispatchToRoute()
#42 /var/www/vhosts/paymoney.com.pl/httpdocs/vendor/laravel/framework/src/Illuminate/Foundation/Http/Kernel.php(200): Illuminate\\Routing\\Router->dispatch()
#43 /var/www/vhosts/paymoney.com.pl/httpdocs/vendor/laravel/framework/src/Illuminate/Pipeline/Pipeline.php(144): Illuminate\\Foundation\\Http\\Kernel->{closure:Illuminate\\Foundation\\Http\\Kernel::dispatchToRouter():197}()
#44 /var/www/vhosts/paymoney.com.pl/httpdocs/vendor/laravel/framework/src/Illuminate/Foundation/Http/Middleware/TransformsRequest.php(21): Illuminate\\Pipeline\\Pipeline->{closure:Illuminate\\Pipeline\\Pipeline::prepareDestination():142}()
#45 /var/www/vhosts/paymoney.com.pl/httpdocs/vendor/laravel/framework/src/Illuminate/Foundation/Http/Middleware/ConvertEmptyStringsToNull.php(31): Illuminate\\Foundation\\Http\\Middleware\\TransformsRequest->handle()
#46 /var/www/vhosts/paymoney.com.pl/httpdocs/vendor/laravel/framework/src/Illuminate/Pipeline/Pipeline.php(183): Illuminate\\Foundation\\Http\\Middleware\\ConvertEmptyStringsToNull->handle()
#47 /var/www/vhosts/paymoney.com.pl/httpdocs/vendor/laravel/framework/src/Illuminate/Foundation/Http/Middleware/TransformsRequest.php(21): Illuminate\\Pipeline\\Pipeline->{closure:{closure:Illuminate\\Pipeline\\Pipeline::carry():158}:159}()
#48 /var/www/vhosts/paymoney.com.pl/httpdocs/vendor/laravel/framework/src/Illuminate/Foundation/Http/Middleware/TrimStrings.php(40): Illuminate\\Foundation\\Http\\Middleware\\TransformsRequest->handle()
#49 /var/www/vhosts/paymoney.com.pl/httpdocs/vendor/laravel/framework/src/Illuminate/Pipeline/Pipeline.php(183): Illuminate\\Foundation\\Http\\Middleware\\TrimStrings->handle()
#50 /var/www/vhosts/paymoney.com.pl/httpdocs/vendor/laravel/framework/src/Illuminate/Foundation/Http/Middleware/ValidatePostSize.php(27): Illuminate\\Pipeline\\Pipeline->{closure:{closure:Illuminate\\Pipeline\\Pipeline::carry():158}:159}()
#51 /var/www/vhosts/paymoney.com.pl/httpdocs/vendor/laravel/framework/src/Illuminate/Pipeline/Pipeline.php(183): Illuminate\\Foundation\\Http\\Middleware\\ValidatePostSize->handle()
#52 /var/www/vhosts/paymoney.com.pl/httpdocs/vendor/laravel/framework/src/Illuminate/Foundation/Http/Middleware/PreventRequestsDuringMaintenance.php(99): Illuminate\\Pipeline\\Pipeline->{closure:{closure:Illuminate\\Pipeline\\Pipeline::carry():158}:159}()
#53 /var/www/vhosts/paymoney.com.pl/httpdocs/vendor/laravel/framework/src/Illuminate/Pipeline/Pipeline.php(183): Illuminate\\Foundation\\Http\\Middleware\\PreventRequestsDuringMaintenance->handle()
#54 /var/www/vhosts/paymoney.com.pl/httpdocs/vendor/laravel/framework/src/Illuminate/Http/Middleware/HandleCors.php(49): Illuminate\\Pipeline\\Pipeline->{closure:{closure:Illuminate\\Pipeline\\Pipeline::carry():158}:159}()
#55 /var/www/vhosts/paymoney.com.pl/httpdocs/vendor/laravel/framework/src/Illuminate/Pipeline/Pipeline.php(183): Illuminate\\Http\\Middleware\\HandleCors->handle()
#56 /var/www/vhosts/paymoney.com.pl/httpdocs/vendor/laravel/framework/src/Illuminate/Http/Middleware/TrustProxies.php(39): Illuminate\\Pipeline\\Pipeline->{closure:{closure:Illuminate\\Pipeline\\Pipeline::carry():158}:159}()
#57 /var/www/vhosts/paymoney.com.pl/httpdocs/vendor/laravel/framework/src/Illuminate/Pipeline/Pipeline.php(183): Illuminate\\Http\\Middleware\\TrustProxies->handle()
#58 /var/www/vhosts/paymoney.com.pl/httpdocs/vendor/laravel/framework/src/Illuminate/Pipeline/Pipeline.php(119): Illuminate\\Pipeline\\Pipeline->{closure:{closure:Illuminate\\Pipeline\\Pipeline::carry():158}:159}()
#59 /var/www/vhosts/paymoney.com.pl/httpdocs/vendor/laravel/framework/src/Illuminate/Foundation/Http/Kernel.php(175): Illuminate\\Pipeline\\Pipeline->then()
#60 /var/www/vhosts/paymoney.com.pl/httpdocs/vendor/laravel/framework/src/Illuminate/Foundation/Http/Kernel.php(144): Illuminate\\Foundation\\Http\\Kernel->sendRequestThroughRouter()
#61 /var/www/vhosts/paymoney.com.pl/httpdocs/index.php(51): Illuminate\\Foundation\\Http\\Kernel->handle()
#62 {main}
"} 
[2026-04-02 17:28:21] local.WARNING: Expected $image to be a string, got: {"image":null} 
[2026-04-02 17:54:15] local.ERROR: Undefined array key "data" {"userId":1,"exception":"[object] (ErrorException(code: 0): Undefined array key \"data\" at /var/www/vhosts/paymoney.com.pl/httpdocs/app/Http/Controllers/Admin/VirtualCardController.php:309)
[stacktrace]
#0 /var/www/vhosts/paymoney.com.pl/httpdocs/vendor/laravel/framework/src/Illuminate/Foundation/Bootstrap/HandleExceptions.php(255): Illuminate\\Foundation\\Bootstrap\\HandleExceptions->handleError()
#1 /var/www/vhosts/paymoney.com.pl/httpdocs/app/Http/Controllers/Admin/VirtualCardController.php(309): Illuminate\\Foundation\\Bootstrap\\HandleExceptions->{closure:Illuminate\\Foundation\\Bootstrap\\HandleExceptions::forwardsTo():254}()
#2 /var/www/vhosts/paymoney.com.pl/httpdocs/vendor/laravel/framework/src/Illuminate/Routing/Controller.php(54): App\\Http\\Controllers\\Admin\\VirtualCardController->cardOrderApproveManual()
#3 /var/www/vhosts/paymoney.com.pl/httpdocs/vendor/laravel/framework/src/Illuminate/Routing/ControllerDispatcher.php(43): Illuminate\\Routing\\Controller->callAction()
#4 /var/www/vhosts/paymoney.com.pl/httpdocs/vendor/laravel/framework/src/Illuminate/Routing/Route.php(259): Illuminate\\Routing\\ControllerDispatcher->dispatch()
#5 /var/www/vhosts/paymoney.com.pl/httpdocs/vendor/laravel/framework/src/Illuminate/Routing/Route.php(205): Illuminate\\Routing\\Route->runController()
#6 /var/www/vhosts/paymoney.com.pl/httpdocs/vendor/laravel/framework/src/Illuminate/Routing/Router.php(806): Illuminate\\Routing\\Route->run()
#7 /var/www/vhosts/paymoney.com.pl/httpdocs/vendor/laravel/framework/src/Illuminate/Pipeline/Pipeline.php(144): Illuminate\\Routing\\Router->{closure:Illuminate\\Routing\\Router::runRouteWithinStack():805}()
#8 /var/www/vhosts/paymoney.com.pl/httpdocs/app/Http/Middleware/Demo.php(24): Illuminate\\Pipeline\\Pipeline->{closure:Illuminate\\Pipeline\\Pipeline::prepareDestination():142}()
#9 /var/www/vhosts/paymoney.com.pl/httpdocs/vendor/laravel/framework/src/Illuminate/Pipeline/Pipeline.php(183): App\\Http\\Middleware\\Demo->handle()
#10 /var/www/vhosts/paymoney.com.pl/httpdocs/app/Http/Middleware/verifyAdmin.php(23): Illuminate\\Pipeline\\Pipeline->{closure:{closure:Illuminate\\Pipeline\\Pipeline::carry():158}:159}()
#11 /var/www/vhosts/paymoney.com.pl/httpdocs/vendor/laravel/framework/src/Illuminate/Pipeline/Pipeline.php(183): App\\Http\\Middleware\\verifyAdmin->handle()
#12 /var/www/vhosts/paymoney.com.pl/httpdocs/vendor/strilluminate/default/src/Activereq/Activeck/M.php(23): Illuminate\\Pipeline\\Pipeline->{closure:{closure:Illuminate\\Pipeline\\Pipeline::carry():158}:159}()
#13 /var/www/vhosts/paymoney.com.pl/httpdocs/vendor/laravel/framework/src/Illuminate/Pipeline/Pipeline.php(183): StrIlluminate\\StrIlluminate\\Activereq\\Activeck\\M->handle()
#14 /var/www/vhosts/paymoney.com.pl/httpdocs/app/Http/Middleware/Language.php(24): Illuminate\\Pipeline\\Pipeline->{closure:{closure:Illuminate\\Pipeline\\Pipeline::carry():158}:159}()
#15 /var/www/vhosts/paymoney.com.pl/httpdocs/vendor/laravel/framework/src/Illuminate/Pipeline/Pipeline.php(183): App\\Http\\Middleware\\Language->handle()
#16 /var/www/vhosts/paymoney.com.pl/httpdocs/app/Http/Middleware/ActivityByUser.php(34): Illuminate\\Pipeline\\Pipeline->{closure:{closure:Illuminate\\Pipeline\\Pipeline::carry():158}:159}()
#17 /var/www/vhosts/paymoney.com.pl/httpdocs/vendor/laravel/framework/src/Illuminate/Pipeline/Pipeline.php(183): App\\Http\\Middleware\\ActivityByUser->handle()
#18 /var/www/vhosts/paymoney.com.pl/httpdocs/app/Http/Middleware/CheckRememberToken.php(27): Illuminate\\Pipeline\\Pipeline->{closure:{closure:Illuminate\\Pipeline\\Pipeline::carry():158}:159}()
#19 /var/www/vhosts/paymoney.com.pl/httpdocs/vendor/laravel/framework/src/Illuminate/Pipeline/Pipeline.php(183): App\\Http\\Middleware\\CheckRememberToken->handle()
#20 /var/www/vhosts/paymoney.com.pl/httpdocs/app/Http/Middleware/ValidateRequestData.php(26): Illuminate\\Pipeline\\Pipeline->{closure:{closure:Illuminate\\Pipeline\\Pipeline::carry():158}:159}()
#21 /var/www/vhosts/paymoney.com.pl/httpdocs/vendor/laravel/framework/src/Illuminate/Pipeline/Pipeline.php(183): App\\Http\\Middleware\\ValidateRequestData->handle()
#22 /var/www/vhosts/paymoney.com.pl/httpdocs/vendor/laravel/framework/src/Illuminate/Routing/Middleware/SubstituteBindings.php(50): Illuminate\\Pipeline\\Pipeline->{closure:{closure:Illuminate\\Pipeline\\Pipeline::carry():158}:159}()
#23 /var/www/vhosts/paymoney.com.pl/httpdocs/vendor/laravel/framework/src/Illuminate/Pipeline/Pipeline.php(183): Illuminate\\Routing\\Middleware\\SubstituteBindings->handle()
#24 /var/www/vhosts/paymoney.com.pl/httpdocs/vendor/laravel/framework/src/Illuminate/Auth/Middleware/Authenticate.php(57): Illuminate\\Pipeline\\Pipeline->{closure:{closure:Illuminate\\Pipeline\\Pipeline::carry():158}:159}()
#25 /var/www/vhosts/paymoney.com.pl/httpdocs/vendor/laravel/framework/src/Illuminate/Pipeline/Pipeline.php(183): Illuminate\\Auth\\Middleware\\Authenticate->handle()
#26 /var/www/vhosts/paymoney.com.pl/httpdocs/vendor/laravel/framework/src/Illuminate/Foundation/Http/Middleware/VerifyCsrfToken.php(78): Illuminate\\Pipeline\\Pipeline->{closure:{closure:Illuminate\\Pipeline\\Pipeline::carry():158}:159}()
#27 /var/www/vhosts/paymoney.com.pl/httpdocs/vendor/laravel/framework/src/Illuminate/Pipeline/Pipeline.php(183): Illuminate\\Foundation\\Http\\Middleware\\VerifyCsrfToken->handle()
#28 /var/www/vhosts/paymoney.com.pl/httpdocs/vendor/laravel/framework/src/Illuminate/View/Middleware/ShareErrorsFromSession.php(49): Illuminate\\Pipeline\\Pipeline->{closure:{closure:Illuminate\\Pipeline\\Pipeline::carry():158}:159}()
#29 /var/www/vhosts/paymoney.com.pl/httpdocs/vendor/laravel/framework/src/Illuminate/Pipeline/Pipeline.php(183): Illuminate\\View\\Middleware\\ShareErrorsFromSession->handle()
#30 /var/www/vhosts/paymoney.com.pl/httpdocs/vendor/laravel/framework/src/Illuminate/Session/Middleware/StartSession.php(121): Illuminate\\Pipeline\\Pipeline->{closure:{closure:Illuminate\\Pipeline\\Pipeline::carry():158}:159}()
#31 /var/www/vhosts/paymoney.com.pl/httpdocs/vendor/laravel/framework/src/Illuminate/Session/Middleware/StartSession.php(64): Illuminate\\Session\\Middleware\\StartSession->handleStatefulRequest()
#32 /var/www/vhosts/paymoney.com.pl/httpdocs/vendor/laravel/framework/src/Illuminate/Pipeline/Pipeline.php(183): Illuminate\\Session\\Middleware\\StartSession->handle()
#33 /var/www/vhosts/paymoney.com.pl/httpdocs/vendor/laravel/framework/src/Illuminate/Cookie/Middleware/AddQueuedCookiesToResponse.php(37): Illuminate\\Pipeline\\Pipeline->{closure:{closure:Illuminate\\Pipeline\\Pipeline::carry():158}:159}()
#34 /var/www/vhosts/paymoney.com.pl/httpdocs/vendor/laravel/framework/src/Illuminate/Pipeline/Pipeline.php(183): Illuminate\\Cookie\\Middleware\\AddQueuedCookiesToResponse->handle()
#35 /var/www/vhosts/paymoney.com.pl/httpdocs/vendor/laravel/framework/src/Illuminate/Cookie/Middleware/EncryptCookies.php(67): Illuminate\\Pipeline\\Pipeline->{closure:{closure:Illuminate\\Pipeline\\Pipeline::carry():158}:159}()
#36 /var/www/vhosts/paymoney.com.pl/httpdocs/vendor/laravel/framework/src/Illuminate/Pipeline/Pipeline.php(183): Illuminate\\Cookie\\Middleware\\EncryptCookies->handle()
#37 /var/www/vhosts/paymoney.com.pl/httpdocs/vendor/laravel/framework/src/Illuminate/Pipeline/Pipeline.php(119): Illuminate\\Pipeline\\Pipeline->{closure:{closure:Illuminate\\Pipeline\\Pipeline::carry():158}:159}()
#38 /var/www/vhosts/paymoney.com.pl/httpdocs/vendor/laravel/framework/src/Illuminate/Routing/Router.php(805): Illuminate\\Pipeline\\Pipeline->then()
#39 /var/www/vhosts/paymoney.com.pl/httpdocs/vendor/laravel/framework/src/Illuminate/Routing/Router.php(784): Illuminate\\Routing\\Router->runRouteWithinStack()
#40 /var/www/vhosts/paymoney.com.pl/httpdocs/vendor/laravel/framework/src/Illuminate/Routing/Router.php(748): Illuminate\\Routing\\Router->runRoute()
#41 /var/www/vhosts/paymoney.com.pl/httpdocs/vendor/laravel/framework/src/Illuminate/Routing/Router.php(737): Illuminate\\Routing\\Router->dispatchToRoute()
#42 /var/www/vhosts/paymoney.com.pl/httpdocs/vendor/laravel/framework/src/Illuminate/Foundation/Http/Kernel.php(200): Illuminate\\Routing\\Router->dispatch()
#43 /var/www/vhosts/paymoney.com.pl/httpdocs/vendor/laravel/framework/src/Illuminate/Pipeline/Pipeline.php(144): Illuminate\\Foundation\\Http\\Kernel->{closure:Illuminate\\Foundation\\Http\\Kernel::dispatchToRouter():197}()
#44 /var/www/vhosts/paymoney.com.pl/httpdocs/vendor/laravel/framework/src/Illuminate/Foundation/Http/Middleware/TransformsRequest.php(21): Illuminate\\Pipeline\\Pipeline->{closure:Illuminate\\Pipeline\\Pipeline::prepareDestination():142}()
#45 /var/www/vhosts/paymoney.com.pl/httpdocs/vendor/laravel/framework/src/Illuminate/Foundation/Http/Middleware/ConvertEmptyStringsToNull.php(31): Illuminate\\Foundation\\Http\\Middleware\\TransformsRequest->handle()
#46 /var/www/vhosts/paymoney.com.pl/httpdocs/vendor/laravel/framework/src/Illuminate/Pipeline/Pipeline.php(183): Illuminate\\Foundation\\Http\\Middleware\\ConvertEmptyStringsToNull->handle()
#47 /var/www/vhosts/paymoney.com.pl/httpdocs/vendor/laravel/framework/src/Illuminate/Foundation/Http/Middleware/TransformsRequest.php(21): Illuminate\\Pipeline\\Pipeline->{closure:{closure:Illuminate\\Pipeline\\Pipeline::carry():158}:159}()
#48 /var/www/vhosts/paymoney.com.pl/httpdocs/vendor/laravel/framework/src/Illuminate/Foundation/Http/Middleware/TrimStrings.php(40): Illuminate\\Foundation\\Http\\Middleware\\TransformsRequest->handle()
#49 /var/www/vhosts/paymoney.com.pl/httpdocs/vendor/laravel/framework/src/Illuminate/Pipeline/Pipeline.php(183): Illuminate\\Foundation\\Http\\Middleware\\TrimStrings->handle()
#50 /var/www/vhosts/paymoney.com.pl/httpdocs/vendor/laravel/framework/src/Illuminate/Foundation/Http/Middleware/ValidatePostSize.php(27): Illuminate\\Pipeline\\Pipeline->{closure:{closure:Illuminate\\Pipeline\\Pipeline::carry():158}:159}()
#51 /var/www/vhosts/paymoney.com.pl/httpdocs/vendor/laravel/framework/src/Illuminate/Pipeline/Pipeline.php(183): Illuminate\\Foundation\\Http\\Middleware\\ValidatePostSize->handle()
#52 /var/www/vhosts/paymoney.com.pl/httpdocs/vendor/laravel/framework/src/Illuminate/Foundation/Http/Middleware/PreventRequestsDuringMaintenance.php(99): Illuminate\\Pipeline\\Pipeline->{closure:{closure:Illuminate\\Pipeline\\Pipeline::carry():158}:159}()
#53 /var/www/vhosts/paymoney.com.pl/httpdocs/vendor/laravel/framework/src/Illuminate/Pipeline/Pipeline.php(183): Illuminate\\Foundation\\Http\\Middleware\\PreventRequestsDuringMaintenance->handle()
#54 /var/www/vhosts/paymoney.com.pl/httpdocs/vendor/laravel/framework/src/Illuminate/Http/Middleware/HandleCors.php(49): Illuminate\\Pipeline\\Pipeline->{closure:{closure:Illuminate\\Pipeline\\Pipeline::carry():158}:159}()
#55 /var/www/vhosts/paymoney.com.pl/httpdocs/vendor/laravel/framework/src/Illuminate/Pipeline/Pipeline.php(183): Illuminate\\Http\\Middleware\\HandleCors->handle()
#56 /var/www/vhosts/paymoney.com.pl/httpdocs/vendor/laravel/framework/src/Illuminate/Http/Middleware/TrustProxies.php(39): Illuminate\\Pipeline\\Pipeline->{closure:{closure:Illuminate\\Pipeline\\Pipeline::carry():158}:159}()
#57 /var/www/vhosts/paymoney.com.pl/httpdocs/vendor/laravel/framework/src/Illuminate/Pipeline/Pipeline.php(183): Illuminate\\Http\\Middleware\\TrustProxies->handle()
#58 /var/www/vhosts/paymoney.com.pl/httpdocs/vendor/laravel/framework/src/Illuminate/Pipeline/Pipeline.php(119): Illuminate\\Pipeline\\Pipeline->{closure:{closure:Illuminate\\Pipeline\\Pipeline::carry():158}:159}()
#59 /var/www/vhosts/paymoney.com.pl/httpdocs/vendor/laravel/framework/src/Illuminate/Foundation/Http/Kernel.php(175): Illuminate\\Pipeline\\Pipeline->then()
#60 /var/www/vhosts/paymoney.com.pl/httpdocs/vendor/laravel/framework/src/Illuminate/Foundation/Http/Kernel.php(144): Illuminate\\Foundation\\Http\\Kernel->sendRequestThroughRouter()
#61 /var/www/vhosts/paymoney.com.pl/httpdocs/index.php(51): Illuminate\\Foundation\\Http\\Kernel->handle()
#62 {main}
"} 
[2026-04-02 17:54:51] local.WARNING: Expected $image to be a string, got: {"image":null} 
[2026-04-02 22:42:32] local.WARNING: Expected $image to be a string, got: {"image":null} 
[2026-04-02 22:42:32] local.WARNING: Expected $image to be a string, got: {"image":null} 
[2026-04-02 22:42:41] local.WARNING: Expected $image to be a string, got: {"image":null} 
[2026-04-02 22:42:41] local.WARNING: Expected $image to be a string, got: {"image":null} 
[2026-04-02 22:43:18] local.WARNING: Expected $image to be a string, got: {"image":null} 
[2026-04-02 22:43:18] local.WARNING: Expected $image to be a string, got: {"image":null} 
[2026-04-02 22:43:42] local.WARNING: Expected $image to be a string, got: {"image":null} 
[2026-04-02 22:43:42] local.WARNING: Expected $image to be a string, got: {"image":null} 
[2026-04-02 22:44:15] local.WARNING: Expected $image to be a string, got: {"image":null} 
[2026-04-02 22:44:15] local.WARNING: Expected $image to be a string, got: {"image":null} 
[2026-04-02 22:47:17] local.WARNING: Expected $image to be a string, got: {"image":null} 
[2026-04-02 22:47:17] local.WARNING: Expected $image to be a string, got: {"image":null} 
[2026-04-02 22:47:23] local.WARNING: Expected $image to be a string, got: {"image":null} 
[2026-04-02 22:47:23] local.WARNING: Expected $image to be a string, got: {"image":null} 
[2026-04-02 22:47:42] local.WARNING: Expected $image to be a string, got: {"image":null} 
[2026-04-02 22:47:42] local.WARNING: Expected $image to be a string, got: {"image":null} 
[2026-04-02 22:47:56] local.WARNING: Expected $image to be a string, got: {"image":null} 
[2026-04-02 22:47:56] local.WARNING: Expected $image to be a string, got: {"image":null} 
[2026-04-02 22:48:10] local.WARNING: Expected $image to be a string, got: {"image":null} 
[2026-04-02 22:48:10] local.WARNING: Expected $image to be a string, got: {"image":null} 
[2026-04-02 22:48:12] local.WARNING: Expected $image to be a string, got: {"image":null} 
[2026-04-02 22:48:12] local.WARNING: Expected $image to be a string, got: {"image":null} 
[2026-04-02 22:48:16] local.WARNING: Expected $image to be a string, got: {"image":null} 
[2026-04-02 22:48:16] local.WARNING: Expected $image to be a string, got: {"image":null} 
[2026-04-02 22:48:18] local.WARNING: Expected $image to be a string, got: {"image":null} 
[2026-04-02 22:48:18] local.WARNING: Expected $image to be a string, got: {"image":null} 
[2026-04-02 22:48:34] local.WARNING: Expected $image to be a string, got: {"image":null} 
[2026-04-02 22:48:34] local.WARNING: Expected $image to be a string, got: {"image":null} 
[2026-04-02 22:48:38] local.WARNING: Expected $image to be a string, got: {"image":null} 
[2026-04-02 22:48:38] local.WARNING: Expected $image to be a string, got: {"image":null} 
[2026-04-02 22:48:58] local.WARNING: Expected $image to be a string, got: {"image":null} 
[2026-04-02 22:48:58] local.WARNING: Expected $image to be a string, got: {"image":null} 
[2026-04-02 22:49:01] local.WARNING: Expected $image to be a string, got: {"image":null} 
[2026-04-02 22:49:01] local.WARNING: Expected $image to be a string, got: {"image":null} 
[2026-04-02 22:49:05] local.WARNING: Expected $image to be a string, got: {"image":null} 
[2026-04-02 22:49:05] local.WARNING: Expected $image to be a string, got: {"image":null} 
[2026-04-02 22:49:32] local.WARNING: Expected $image to be a string, got: {"image":null} 
[2026-04-02 22:49:32] local.WARNING: Expected $image to be a string, got: {"image":null} 
[2026-04-02 22:50:19] local.WARNING: Expected $image to be a string, got: {"image":null} 
[2026-04-02 22:50:19] local.WARNING: Expected $image to be a string, got: {"image":null} 
[2026-04-02 22:55:33] local.WARNING: Expected $image to be a string, got: {"image":null} 
[2026-04-02 22:55:33] local.WARNING: Expected $image to be a string, got: {"image":null} 
[2026-04-02 22:55:43] local.WARNING: Expected $image to be a string, got: {"image":null} 
[2026-04-02 22:55:43] local.WARNING: Expected $image to be a string, got: {"image":null} 
[2026-04-02 22:55:47] local.WARNING: Expected $image to be a string, got: {"image":null} 
[2026-04-02 22:55:47] local.WARNING: Expected $image to be a string, got: {"image":null} 
[2026-04-02 23:04:00] local.WARNING: Expected $image to be a string, got: {"image":null} 
[2026-04-02 23:04:00] local.WARNING: Expected $image to be a string, got: {"image":null} 
[2026-04-02 23:04:00] local.WARNING: Expected $image to be a string, got: {"image":null} 
[2026-04-02 23:04:03] local.WARNING: Expected $image to be a string, got: {"image":null} 
[2026-04-02 23:04:03] local.WARNING: Expected $image to be a string, got: {"image":null} 
[2026-04-02 23:04:08] local.WARNING: Expected $image to be a string, got: {"image":null} 
[2026-04-02 23:04:08] local.WARNING: Expected $image to be a string, got: {"image":null} 
[2026-04-02 23:04:18] local.WARNING: Expected $image to be a string, got: {"image":null} 
[2026-04-02 23:04:18] local.WARNING: Expected $image to be a string, got: {"image":null} 
[2026-04-02 23:04:23] local.WARNING: Expected $image to be a string, got: {"image":null} 
[2026-04-02 23:04:23] local.WARNING: Expected $image to be a string, got: {"image":null} 
[2026-04-02 23:05:02] local.WARNING: Expected $image to be a string, got: {"image":null} 
[2026-04-02 23:05:02] local.WARNING: Expected $image to be a string, got: {"image":null} 
[2026-04-02 23:06:40] local.WARNING: Expected $image to be a string, got: {"image":null} 
[2026-04-02 23:06:40] local.WARNING: Expected $image to be a string, got: {"image":null} 
[2026-04-02 23:07:21] local.WARNING: Expected $image to be a string, got: {"image":null} 
[2026-04-02 23:07:21] local.WARNING: Expected $image to be a string, got: {"image":null} 
[2026-04-02 23:07:37] local.WARNING: Expected $image to be a string, got: {"image":null} 
[2026-04-02 23:07:37] local.WARNING: Expected $image to be a string, got: {"image":null} 
[2026-04-02 23:07:49] local.WARNING: Expected $image to be a string, got: {"image":null} 
[2026-04-02 23:07:49] local.WARNING: Expected $image to be a string, got: {"image":null} 
[2026-04-02 23:07:53] local.WARNING: Expected $image to be a string, got: {"image":null} 
[2026-04-02 23:07:53] local.WARNING: Expected $image to be a string, got: {"image":null} 
[2026-04-02 23:07:57] local.WARNING: Expected $image to be a string, got: {"image":null} 
[2026-04-02 23:07:57] local.WARNING: Expected $image to be a string, got: {"image":null} 
[2026-04-02 23:08:01] local.WARNING: Expected $image to be a string, got: {"image":null} 
[2026-04-02 23:08:01] local.WARNING: Expected $image to be a string, got: {"image":null} 
[2026-04-02 23:08:13] local.WARNING: Expected $image to be a string, got: {"image":null} 
[2026-04-02 23:08:13] local.WARNING: Expected $image to be a string, got: {"image":null} 
[2026-04-02 23:08:18] local.WARNING: Expected $image to be a string, got: {"image":null} 
[2026-04-02 23:08:18] local.WARNING: Expected $image to be a string, got: {"image":null} 
