[2026-03-28 01:23:29] local.ERROR: The "--columns" option does not exist. {"exception":"[object] (Symfony\\Component\\Console\\Exception\\RuntimeException(code: 0): The \"--columns\" option does not exist. at /var/www/html/paymoney-laravel/vendor/symfony/console/Input/ArgvInput.php:223)
[stacktrace]
#0 /var/www/html/paymoney-laravel/vendor/symfony/console/Input/ArgvInput.php(150): Symfony\\Component\\Console\\Input\\ArgvInput->addLongOption()
#1 /var/www/html/paymoney-laravel/vendor/symfony/console/Input/ArgvInput.php(85): Symfony\\Component\\Console\\Input\\ArgvInput->parseLongOption()
#2 /var/www/html/paymoney-laravel/vendor/symfony/console/Input/ArgvInput.php(74): Symfony\\Component\\Console\\Input\\ArgvInput->parseToken()
#3 /var/www/html/paymoney-laravel/vendor/symfony/console/Input/Input.php(56): Symfony\\Component\\Console\\Input\\ArgvInput->parse()
#4 /var/www/html/paymoney-laravel/vendor/symfony/console/Command/Command.php(285): Symfony\\Component\\Console\\Input\\Input->bind()
#5 /var/www/html/paymoney-laravel/vendor/laravel/framework/src/Illuminate/Console/Command.php(180): Symfony\\Component\\Console\\Command\\Command->run()
#6 /var/www/html/paymoney-laravel/vendor/symfony/console/Application.php(1096): Illuminate\\Console\\Command->run()
#7 /var/www/html/paymoney-laravel/vendor/symfony/console/Application.php(324): Symfony\\Component\\Console\\Application->doRunCommand()
#8 /var/www/html/paymoney-laravel/vendor/symfony/console/Application.php(175): Symfony\\Component\\Console\\Application->doRun()
#9 /var/www/html/paymoney-laravel/vendor/laravel/framework/src/Illuminate/Foundation/Console/Kernel.php(201): Symfony\\Component\\Console\\Application->run()
#10 /var/www/html/paymoney-laravel/artisan(35): Illuminate\\Foundation\\Console\\Kernel->handle()
#11 {main}
"} 
[2026-03-28 01:23:33] local.ERROR: The "--columns" option does not exist. {"exception":"[object] (Symfony\\Component\\Console\\Exception\\RuntimeException(code: 0): The \"--columns\" option does not exist. at /var/www/html/paymoney-laravel/vendor/symfony/console/Input/ArgvInput.php:223)
[stacktrace]
#0 /var/www/html/paymoney-laravel/vendor/symfony/console/Input/ArgvInput.php(150): Symfony\\Component\\Console\\Input\\ArgvInput->addLongOption()
#1 /var/www/html/paymoney-laravel/vendor/symfony/console/Input/ArgvInput.php(85): Symfony\\Component\\Console\\Input\\ArgvInput->parseLongOption()
#2 /var/www/html/paymoney-laravel/vendor/symfony/console/Input/ArgvInput.php(74): Symfony\\Component\\Console\\Input\\ArgvInput->parseToken()
#3 /var/www/html/paymoney-laravel/vendor/symfony/console/Input/Input.php(56): Symfony\\Component\\Console\\Input\\ArgvInput->parse()
#4 /var/www/html/paymoney-laravel/vendor/symfony/console/Command/Command.php(285): Symfony\\Component\\Console\\Input\\Input->bind()
#5 /var/www/html/paymoney-laravel/vendor/laravel/framework/src/Illuminate/Console/Command.php(180): Symfony\\Component\\Console\\Command\\Command->run()
#6 /var/www/html/paymoney-laravel/vendor/symfony/console/Application.php(1096): Illuminate\\Console\\Command->run()
#7 /var/www/html/paymoney-laravel/vendor/symfony/console/Application.php(324): Symfony\\Component\\Console\\Application->doRunCommand()
#8 /var/www/html/paymoney-laravel/vendor/symfony/console/Application.php(175): Symfony\\Component\\Console\\Application->doRun()
#9 /var/www/html/paymoney-laravel/vendor/laravel/framework/src/Illuminate/Foundation/Console/Kernel.php(201): Symfony\\Component\\Console\\Application->run()
#10 /var/www/html/paymoney-laravel/artisan(35): Illuminate\\Foundation\\Console\\Kernel->handle()
#11 {main}
"} 
[2026-03-28 01:23:36] local.ERROR: The "--columns" option does not exist. {"exception":"[object] (Symfony\\Component\\Console\\Exception\\RuntimeException(code: 0): The \"--columns\" option does not exist. at /var/www/html/paymoney-laravel/vendor/symfony/console/Input/ArgvInput.php:223)
[stacktrace]
#0 /var/www/html/paymoney-laravel/vendor/symfony/console/Input/ArgvInput.php(150): Symfony\\Component\\Console\\Input\\ArgvInput->addLongOption()
#1 /var/www/html/paymoney-laravel/vendor/symfony/console/Input/ArgvInput.php(85): Symfony\\Component\\Console\\Input\\ArgvInput->parseLongOption()
#2 /var/www/html/paymoney-laravel/vendor/symfony/console/Input/ArgvInput.php(74): Symfony\\Component\\Console\\Input\\ArgvInput->parseToken()
#3 /var/www/html/paymoney-laravel/vendor/symfony/console/Input/Input.php(56): Symfony\\Component\\Console\\Input\\ArgvInput->parse()
#4 /var/www/html/paymoney-laravel/vendor/symfony/console/Command/Command.php(285): Symfony\\Component\\Console\\Input\\Input->bind()
#5 /var/www/html/paymoney-laravel/vendor/laravel/framework/src/Illuminate/Console/Command.php(180): Symfony\\Component\\Console\\Command\\Command->run()
#6 /var/www/html/paymoney-laravel/vendor/symfony/console/Application.php(1096): Illuminate\\Console\\Command->run()
#7 /var/www/html/paymoney-laravel/vendor/symfony/console/Application.php(324): Symfony\\Component\\Console\\Application->doRunCommand()
#8 /var/www/html/paymoney-laravel/vendor/symfony/console/Application.php(175): Symfony\\Component\\Console\\Application->doRun()
#9 /var/www/html/paymoney-laravel/vendor/laravel/framework/src/Illuminate/Foundation/Console/Kernel.php(201): Symfony\\Component\\Console\\Application->run()
#10 /var/www/html/paymoney-laravel/artisan(35): Illuminate\\Foundation\\Console\\Kernel->handle()
#11 {main}
"} 
