[2026-03-30 02:28:17] local.WARNING: Expected $image to be a string, got: {"image":null} 
[2026-03-30 02:28:17] local.WARNING: Expected $image to be a string, got: {"image":null} 
[2026-03-30 02:28:20] local.WARNING: Expected $image to be a string, got: {"image":null} 
[2026-03-30 02:28:20] local.WARNING: Expected $image to be a string, got: {"image":null} 
[2026-03-30 02:30:07] local.WARNING: Expected $image to be a string, got: {"image":null} 
[2026-03-30 02:30:07] local.WARNING: Expected $image to be a string, got: {"image":null} 
[2026-03-30 02:30:10] local.WARNING: Expected $image to be a string, got: {"image":null} 
[2026-03-30 02:30:10] local.WARNING: Expected $image to be a string, got: {"image":null} 
[2026-03-30 02:30:42] local.WARNING: Expected $image to be a string, got: {"image":null} 
[2026-03-30 02:30:42] local.WARNING: Expected $image to be a string, got: {"image":null} 
[2026-03-30 03:08:41] local.WARNING: Expected $image to be a string, got: {"image":null} 
[2026-03-30 03:08:51] local.WARNING: Expected $image to be a string, got: {"image":null} 
[2026-03-30 03:09:07] local.WARNING: Expected $image to be a string, got: {"image":null} 
[2026-03-30 03:09:13] local.WARNING: Expected $image to be a string, got: {"image":null} 
[2026-03-30 03:10:19] local.WARNING: Expected $image to be a string, got: {"image":null} 
[2026-03-30 03:10:36] local.WARNING: Expected $image to be a string, got: {"image":null} 
[2026-03-30 03:10:36] local.WARNING: Expected $image to be a string, got: {"image":null} 
[2026-03-30 03:10:36] local.WARNING: Expected $image to be a string, got: {"image":null} 
[2026-03-30 03:10:41] local.WARNING: Expected $image to be a string, got: {"image":null} 
[2026-03-30 03:10:41] local.WARNING: Expected $image to be a string, got: {"image":null} 
[2026-03-30 03:10:43] local.WARNING: Expected $image to be a string, got: {"image":null} 
[2026-03-30 03:10:43] local.WARNING: Expected $image to be a string, got: {"image":null} 
[2026-03-30 03:25:45] local.WARNING: Expected $image to be a string, got: {"image":null} 
[2026-03-30 03:25:45] local.WARNING: Expected $image to be a string, got: {"image":null} 
[2026-03-30 03:25:48] local.WARNING: Expected $image to be a string, got: {"image":null} 
[2026-03-30 03:25:48] local.WARNING: Expected $image to be a string, got: {"image":null} 
[2026-03-30 03:26:28] local.WARNING: Expected $image to be a string, got: {"image":null} 
[2026-03-30 03:26:28] local.WARNING: Expected $image to be a string, got: {"image":null} 
[2026-03-30 03:26:28] local.WARNING: Expected $image to be a string, got: {"image":null} 
[2026-03-30 03:26:49] local.WARNING: Expected $image to be a string, got: {"image":null} 
[2026-03-30 03:26:49] local.WARNING: Expected $image to be a string, got: {"image":null} 
[2026-03-30 07:50:52] local.WARNING: Expected $image to be a string, got: {"image":null} 
[2026-03-30 07:50:52] local.WARNING: Expected $image to be a string, got: {"image":null} 
[2026-03-30 07:50:59] local.WARNING: Expected $image to be a string, got: {"image":null} 
[2026-03-30 07:50:59] local.WARNING: Expected $image to be a string, got: {"image":null} 
[2026-03-30 07:50:59] local.WARNING: Expected $image to be a string, got: {"image":null} 
[2026-03-30 07:50:59] local.WARNING: Expected $image to be a string, got: {"image":null} 
[2026-03-30 07:51:10] local.WARNING: Expected $image to be a string, got: {"image":null} 
[2026-03-30 07:51:10] local.WARNING: Expected $image to be a string, got: {"image":null} 
[2026-03-30 07:51:21] local.WARNING: Expected $image to be a string, got: {"image":null} 
[2026-03-30 07:51:21] local.WARNING: Expected $image to be a string, got: {"image":null} 
[2026-03-30 07:51:34] local.WARNING: Expected $image to be a string, got: {"image":null} 
[2026-03-30 07:51:34] local.WARNING: Expected $image to be a string, got: {"image":null} 
[2026-03-30 07:51:37] local.WARNING: Expected $image to be a string, got: {"image":null} 
[2026-03-30 07:51:37] local.WARNING: Expected $image to be a string, got: {"image":null} 
[2026-03-30 07:51:37] local.WARNING: Expected $image to be a string, got: {"image":null} 
[2026-03-30 07:51:40] local.WARNING: Expected $image to be a string, got: {"image":null} 
[2026-03-30 07:51:40] local.WARNING: Expected $image to be a string, got: {"image":null} 
[2026-03-30 07:51:56] local.WARNING: Expected $image to be a string, got: {"image":null} 
[2026-03-30 07:51:56] local.WARNING: Expected $image to be a string, got: {"image":null} 
[2026-03-30 07:52:39] local.WARNING: Expected $image to be a string, got: {"image":null} 
[2026-03-30 07:52:39] local.WARNING: Expected $image to be a string, got: {"image":null} 
[2026-03-30 07:54:18] local.WARNING: Expected $image to be a string, got: {"image":null} 
[2026-03-30 07:54:18] local.WARNING: Expected $image to be a string, got: {"image":null} 
[2026-03-30 07:54:21] local.WARNING: Expected $image to be a string, got: {"image":null} 
[2026-03-30 07:54:21] local.WARNING: Expected $image to be a string, got: {"image":null} 
[2026-03-30 07:54:26] local.WARNING: Expected $image to be a string, got: {"image":null} 
[2026-03-30 07:54:26] local.WARNING: Expected $image to be a string, got: {"image":null} 
[2026-03-30 07:55:02] local.WARNING: Expected $image to be a string, got: {"image":null} 
[2026-03-30 07:55:02] local.WARNING: Expected $image to be a string, got: {"image":null} 
[2026-03-30 07:55:14] local.WARNING: Expected $image to be a string, got: {"image":null} 
[2026-03-30 07:55:14] local.WARNING: Expected $image to be a string, got: {"image":null} 
[2026-03-30 07:55:22] local.WARNING: Expected $image to be a string, got: {"image":null} 
[2026-03-30 07:55:22] local.WARNING: Expected $image to be a string, got: {"image":null} 
[2026-03-30 07:55:25] local.WARNING: Expected $image to be a string, got: {"image":null} 
[2026-03-30 07:55:25] local.WARNING: Expected $image to be a string, got: {"image":null} 
[2026-03-30 07:55:34] local.WARNING: Expected $image to be a string, got: {"image":null} 
[2026-03-30 07:55:34] local.WARNING: Expected $image to be a string, got: {"image":null} 
[2026-03-30 07:55:45] local.WARNING: Expected $image to be a string, got: {"image":null} 
[2026-03-30 07:55:45] local.WARNING: Expected $image to be a string, got: {"image":null} 
[2026-03-30 07:55:49] local.WARNING: Expected $image to be a string, got: {"image":null} 
[2026-03-30 07:55:49] local.WARNING: Expected $image to be a string, got: {"image":null} 
[2026-03-30 07:55:56] local.WARNING: Expected $image to be a string, got: {"image":null} 
[2026-03-30 07:55:56] local.WARNING: Expected $image to be a string, got: {"image":null} 
[2026-03-30 07:56:01] local.WARNING: Expected $image to be a string, got: {"image":null} 
[2026-03-30 07:56:01] local.WARNING: Expected $image to be a string, got: {"image":null} 
[2026-03-30 07:56:11] local.WARNING: Expected $image to be a string, got: {"image":null} 
[2026-03-30 07:56:13] local.WARNING: Expected $image to be a string, got: {"image":null} 
[2026-03-30 07:56:13] local.WARNING: Expected $image to be a string, got: {"image":null} 
[2026-03-30 07:56:18] local.WARNING: Expected $image to be a string, got: {"image":null} 
[2026-03-30 07:56:18] local.WARNING: Expected $image to be a string, got: {"image":null} 
[2026-03-30 07:56:21] local.WARNING: Expected $image to be a string, got: {"image":null} 
[2026-03-30 07:56:21] local.WARNING: Expected $image to be a string, got: {"image":null} 
[2026-03-30 07:56:27] local.WARNING: Expected $image to be a string, got: {"image":null} 
[2026-03-30 07:56:27] local.WARNING: Expected $image to be a string, got: {"image":null} 
[2026-03-30 07:56:32] local.WARNING: Expected $image to be a string, got: {"image":null} 
[2026-03-30 07:56:32] local.WARNING: Expected $image to be a string, got: {"image":null} 
[2026-03-30 07:56:38] local.WARNING: Expected $image to be a string, got: {"image":null} 
[2026-03-30 07:56:38] local.WARNING: Expected $image to be a string, got: {"image":null} 
[2026-03-30 07:56:55] local.WARNING: Expected $image to be a string, got: {"image":null} 
[2026-03-30 07:56:55] local.WARNING: Expected $image to be a string, got: {"image":null} 
[2026-03-30 07:58:06] local.WARNING: Expected $image to be a string, got: {"image":null} 
[2026-03-30 07:58:06] local.WARNING: Expected $image to be a string, got: {"image":null} 
[2026-03-30 07:58:07] local.WARNING: Expected $image to be a string, got: {"image":null} 
[2026-03-30 07:58:07] local.WARNING: Expected $image to be a string, got: {"image":null} 
[2026-03-30 07:58:08] local.WARNING: Expected $image to be a string, got: {"image":null} 
[2026-03-30 07:58:08] local.WARNING: Expected $image to be a string, got: {"image":null} 
[2026-03-30 07:58:53] local.WARNING: Expected $image to be a string, got: {"image":null} 
[2026-03-30 07:59:04] local.WARNING: Expected $image to be a string, got: {"image":null} 
[2026-03-30 07:59:12] local.WARNING: Expected $image to be a string, got: {"image":null} 
[2026-03-30 07:59:16] local.WARNING: Expected $image to be a string, got: {"image":null} 
[2026-03-30 07:59:20] local.WARNING: Expected $image to be a string, got: {"image":null} 
[2026-03-30 07:59:26] local.WARNING: Expected $image to be a string, got: {"image":null} 
[2026-03-30 07:59:33] local.WARNING: Expected $image to be a string, got: {"image":null} 
[2026-03-30 07:59:47] local.WARNING: Expected $image to be a string, got: {"image":null} 
[2026-03-30 08:03:07] local.WARNING: Expected $image to be a string, got: {"image":null} 
[2026-03-30 08:03:24] local.WARNING: Expected $image to be a string, got: {"image":null} 
[2026-03-30 08:03:53] local.WARNING: Expected $image to be a string, got: {"image":null} 
[2026-03-30 08:04:01] local.WARNING: Expected $image to be a string, got: {"image":null} 
[2026-03-30 08:04:01] local.WARNING: Expected $image to be a string, got: {"image":null} 
[2026-03-30 08:04:02] local.WARNING: Expected $image to be a string, got: {"image":null} 
[2026-03-30 08:04:02] local.WARNING: Expected $image to be a string, got: {"image":null} 
[2026-03-30 08:04:06] local.ERROR: Pusher error: auth_key should be a valid app key
. {"userId":2,"exception":"[object] (Illuminate\\Broadcasting\\BroadcastException(code: 0): Pusher error: auth_key should be a valid app key
. at H:\\Laravel Projects\\Paymoney\\vendor\\laravel\\framework\\src\\Illuminate\\Broadcasting\\Broadcasters\\PusherBroadcaster.php:164)
[stacktrace]
#0 H:\\Laravel Projects\\Paymoney\\vendor\\laravel\\framework\\src\\Illuminate\\Broadcasting\\BroadcastEvent.php(92): Illuminate\\Broadcasting\\Broadcasters\\PusherBroadcaster->broadcast(Object(Illuminate\\Support\\Collection), 'App\\\\Events\\\\Upda...', Array)
#1 H:\\Laravel Projects\\Paymoney\\vendor\\laravel\\framework\\src\\Illuminate\\Container\\BoundMethod.php(36): Illuminate\\Broadcasting\\BroadcastEvent->handle(Object(Illuminate\\Broadcasting\\BroadcastManager))
#2 H:\\Laravel Projects\\Paymoney\\vendor\\laravel\\framework\\src\\Illuminate\\Container\\Util.php(41): Illuminate\\Container\\BoundMethod::Illuminate\\Container\\{closure}()
#3 H:\\Laravel Projects\\Paymoney\\vendor\\laravel\\framework\\src\\Illuminate\\Container\\BoundMethod.php(93): Illuminate\\Container\\Util::unwrapIfClosure(Object(Closure))
#4 H:\\Laravel Projects\\Paymoney\\vendor\\laravel\\framework\\src\\Illuminate\\Container\\BoundMethod.php(35): Illuminate\\Container\\BoundMethod::callBoundMethod(Object(Illuminate\\Foundation\\Application), Array, Object(Closure))
#5 H:\\Laravel Projects\\Paymoney\\vendor\\laravel\\framework\\src\\Illuminate\\Container\\Container.php(662): Illuminate\\Container\\BoundMethod::call(Object(Illuminate\\Foundation\\Application), Array, Array, NULL)
#6 H:\\Laravel Projects\\Paymoney\\vendor\\laravel\\framework\\src\\Illuminate\\Bus\\Dispatcher.php(128): Illuminate\\Container\\Container->call(Array)
#7 H:\\Laravel Projects\\Paymoney\\vendor\\laravel\\framework\\src\\Illuminate\\Pipeline\\Pipeline.php(144): Illuminate\\Bus\\Dispatcher->Illuminate\\Bus\\{closure}(Object(Illuminate\\Broadcasting\\BroadcastEvent))
#8 H:\\Laravel Projects\\Paymoney\\vendor\\laravel\\framework\\src\\Illuminate\\Pipeline\\Pipeline.php(119): Illuminate\\Pipeline\\Pipeline->Illuminate\\Pipeline\\{closure}(Object(Illuminate\\Broadcasting\\BroadcastEvent))
#9 H:\\Laravel Projects\\Paymoney\\vendor\\laravel\\framework\\src\\Illuminate\\Bus\\Dispatcher.php(132): Illuminate\\Pipeline\\Pipeline->then(Object(Closure))
#10 H:\\Laravel Projects\\Paymoney\\vendor\\laravel\\framework\\src\\Illuminate\\Broadcasting\\BroadcastManager.php(158): Illuminate\\Bus\\Dispatcher->dispatchNow(Object(Illuminate\\Broadcasting\\BroadcastEvent))
#11 H:\\Laravel Projects\\Paymoney\\vendor\\laravel\\framework\\src\\Illuminate\\Events\\Dispatcher.php(357): Illuminate\\Broadcasting\\BroadcastManager->queue(Object(App\\Events\\UpdateUserNotification))
#12 H:\\Laravel Projects\\Paymoney\\vendor\\laravel\\framework\\src\\Illuminate\\Events\\Dispatcher.php(280): Illuminate\\Events\\Dispatcher->broadcastEvent(Object(App\\Events\\UpdateUserNotification))
#13 H:\\Laravel Projects\\Paymoney\\vendor\\laravel\\framework\\src\\Illuminate\\Events\\Dispatcher.php(266): Illuminate\\Events\\Dispatcher->invokeListeners('App\\\\Events\\\\Upda...', Array, false)
#14 H:\\Laravel Projects\\Paymoney\\vendor\\laravel\\framework\\src\\Illuminate\\Foundation\\helpers.php(433): Illuminate\\Events\\Dispatcher->dispatch('App\\\\Events\\\\Upda...')
#15 H:\\Laravel Projects\\Paymoney\\app\\Http\\Controllers\\InAppNotificationController.php(52): event(Object(App\\Events\\UpdateUserNotification))
#16 H:\\Laravel Projects\\Paymoney\\vendor\\laravel\\framework\\src\\Illuminate\\Routing\\Controller.php(54): App\\Http\\Controllers\\InAppNotificationController->readAt('7')
#17 H:\\Laravel Projects\\Paymoney\\vendor\\laravel\\framework\\src\\Illuminate\\Routing\\ControllerDispatcher.php(43): Illuminate\\Routing\\Controller->callAction('readAt', Array)
#18 H:\\Laravel Projects\\Paymoney\\vendor\\laravel\\framework\\src\\Illuminate\\Routing\\Route.php(259): Illuminate\\Routing\\ControllerDispatcher->dispatch(Object(Illuminate\\Routing\\Route), Object(App\\Http\\Controllers\\InAppNotificationController), 'readAt')
#19 H:\\Laravel Projects\\Paymoney\\vendor\\laravel\\framework\\src\\Illuminate\\Routing\\Route.php(205): Illuminate\\Routing\\Route->runController()
#20 H:\\Laravel Projects\\Paymoney\\vendor\\laravel\\framework\\src\\Illuminate\\Routing\\Router.php(806): Illuminate\\Routing\\Route->run()
#21 H:\\Laravel Projects\\Paymoney\\vendor\\laravel\\framework\\src\\Illuminate\\Pipeline\\Pipeline.php(144): Illuminate\\Routing\\Router->Illuminate\\Routing\\{closure}(Object(Illuminate\\Http\\Request))
#22 H:\\Laravel Projects\\Paymoney\\app\\Http\\Middleware\\CheckUserStatus.php(25): Illuminate\\Pipeline\\Pipeline->Illuminate\\Pipeline\\{closure}(Object(Illuminate\\Http\\Request))
#23 H:\\Laravel Projects\\Paymoney\\vendor\\laravel\\framework\\src\\Illuminate\\Pipeline\\Pipeline.php(183): App\\Http\\Middleware\\CheckUserStatus->handle(Object(Illuminate\\Http\\Request), Object(Closure))
#24 H:\\Laravel Projects\\Paymoney\\app\\Http\\Middleware\\MaintenanceMode.php(22): Illuminate\\Pipeline\\Pipeline->Illuminate\\Pipeline\\{closure}(Object(Illuminate\\Http\\Request))
#25 H:\\Laravel Projects\\Paymoney\\vendor\\laravel\\framework\\src\\Illuminate\\Pipeline\\Pipeline.php(183): App\\Http\\Middleware\\MaintenanceMode->handle(Object(Illuminate\\Http\\Request), Object(Closure))
#26 H:\\Laravel Projects\\Paymoney\\vendor\\strilluminate\\default\\src\\Activereq\\Activeck\\M.php(23): Illuminate\\Pipeline\\Pipeline->Illuminate\\Pipeline\\{closure}(Object(Illuminate\\Http\\Request))
#27 H:\\Laravel Projects\\Paymoney\\vendor\\laravel\\framework\\src\\Illuminate\\Pipeline\\Pipeline.php(183): StrIlluminate\\StrIlluminate\\Activereq\\Activeck\\M->handle(Object(Illuminate\\Http\\Request), Object(Closure))
#28 H:\\Laravel Projects\\Paymoney\\app\\Http\\Middleware\\Language.php(24): Illuminate\\Pipeline\\Pipeline->Illuminate\\Pipeline\\{closure}(Object(Illuminate\\Http\\Request))
#29 H:\\Laravel Projects\\Paymoney\\vendor\\laravel\\framework\\src\\Illuminate\\Pipeline\\Pipeline.php(183): App\\Http\\Middleware\\Language->handle(Object(Illuminate\\Http\\Request), Object(Closure))
#30 H:\\Laravel Projects\\Paymoney\\app\\Http\\Middleware\\ActivityByUser.php(34): Illuminate\\Pipeline\\Pipeline->Illuminate\\Pipeline\\{closure}(Object(Illuminate\\Http\\Request))
#31 H:\\Laravel Projects\\Paymoney\\vendor\\laravel\\framework\\src\\Illuminate\\Pipeline\\Pipeline.php(183): App\\Http\\Middleware\\ActivityByUser->handle(Object(Illuminate\\Http\\Request), Object(Closure))
#32 H:\\Laravel Projects\\Paymoney\\app\\Http\\Middleware\\CheckRememberToken.php(27): Illuminate\\Pipeline\\Pipeline->Illuminate\\Pipeline\\{closure}(Object(Illuminate\\Http\\Request))
#33 H:\\Laravel Projects\\Paymoney\\vendor\\laravel\\framework\\src\\Illuminate\\Pipeline\\Pipeline.php(183): App\\Http\\Middleware\\CheckRememberToken->handle(Object(Illuminate\\Http\\Request), Object(Closure))
#34 H:\\Laravel Projects\\Paymoney\\app\\Http\\Middleware\\ValidateRequestData.php(26): Illuminate\\Pipeline\\Pipeline->Illuminate\\Pipeline\\{closure}(Object(Illuminate\\Http\\Request))
#35 H:\\Laravel Projects\\Paymoney\\vendor\\laravel\\framework\\src\\Illuminate\\Pipeline\\Pipeline.php(183): App\\Http\\Middleware\\ValidateRequestData->handle(Object(Illuminate\\Http\\Request), Object(Closure))
#36 H:\\Laravel Projects\\Paymoney\\vendor\\laravel\\framework\\src\\Illuminate\\Routing\\Middleware\\SubstituteBindings.php(50): Illuminate\\Pipeline\\Pipeline->Illuminate\\Pipeline\\{closure}(Object(Illuminate\\Http\\Request))
#37 H:\\Laravel Projects\\Paymoney\\vendor\\laravel\\framework\\src\\Illuminate\\Pipeline\\Pipeline.php(183): Illuminate\\Routing\\Middleware\\SubstituteBindings->handle(Object(Illuminate\\Http\\Request), Object(Closure))
#38 H:\\Laravel Projects\\Paymoney\\vendor\\laravel\\framework\\src\\Illuminate\\Auth\\Middleware\\Authenticate.php(57): Illuminate\\Pipeline\\Pipeline->Illuminate\\Pipeline\\{closure}(Object(Illuminate\\Http\\Request))
#39 H:\\Laravel Projects\\Paymoney\\vendor\\laravel\\framework\\src\\Illuminate\\Pipeline\\Pipeline.php(183): Illuminate\\Auth\\Middleware\\Authenticate->handle(Object(Illuminate\\Http\\Request), Object(Closure))
#40 H:\\Laravel Projects\\Paymoney\\vendor\\laravel\\framework\\src\\Illuminate\\Foundation\\Http\\Middleware\\VerifyCsrfToken.php(78): Illuminate\\Pipeline\\Pipeline->Illuminate\\Pipeline\\{closure}(Object(Illuminate\\Http\\Request))
#41 H:\\Laravel Projects\\Paymoney\\vendor\\laravel\\framework\\src\\Illuminate\\Pipeline\\Pipeline.php(183): Illuminate\\Foundation\\Http\\Middleware\\VerifyCsrfToken->handle(Object(Illuminate\\Http\\Request), Object(Closure))
#42 H:\\Laravel Projects\\Paymoney\\vendor\\laravel\\framework\\src\\Illuminate\\View\\Middleware\\ShareErrorsFromSession.php(49): Illuminate\\Pipeline\\Pipeline->Illuminate\\Pipeline\\{closure}(Object(Illuminate\\Http\\Request))
#43 H:\\Laravel Projects\\Paymoney\\vendor\\laravel\\framework\\src\\Illuminate\\Pipeline\\Pipeline.php(183): Illuminate\\View\\Middleware\\ShareErrorsFromSession->handle(Object(Illuminate\\Http\\Request), Object(Closure))
#44 H:\\Laravel Projects\\Paymoney\\vendor\\laravel\\framework\\src\\Illuminate\\Session\\Middleware\\StartSession.php(121): Illuminate\\Pipeline\\Pipeline->Illuminate\\Pipeline\\{closure}(Object(Illuminate\\Http\\Request))
#45 H:\\Laravel Projects\\Paymoney\\vendor\\laravel\\framework\\src\\Illuminate\\Session\\Middleware\\StartSession.php(64): Illuminate\\Session\\Middleware\\StartSession->handleStatefulRequest(Object(Illuminate\\Http\\Request), Object(Illuminate\\Session\\Store), Object(Closure))
#46 H:\\Laravel Projects\\Paymoney\\vendor\\laravel\\framework\\src\\Illuminate\\Pipeline\\Pipeline.php(183): Illuminate\\Session\\Middleware\\StartSession->handle(Object(Illuminate\\Http\\Request), Object(Closure))
#47 H:\\Laravel Projects\\Paymoney\\vendor\\laravel\\framework\\src\\Illuminate\\Cookie\\Middleware\\AddQueuedCookiesToResponse.php(37): Illuminate\\Pipeline\\Pipeline->Illuminate\\Pipeline\\{closure}(Object(Illuminate\\Http\\Request))
#48 H:\\Laravel Projects\\Paymoney\\vendor\\laravel\\framework\\src\\Illuminate\\Pipeline\\Pipeline.php(183): Illuminate\\Cookie\\Middleware\\AddQueuedCookiesToResponse->handle(Object(Illuminate\\Http\\Request), Object(Closure))
#49 H:\\Laravel Projects\\Paymoney\\vendor\\laravel\\framework\\src\\Illuminate\\Cookie\\Middleware\\EncryptCookies.php(67): Illuminate\\Pipeline\\Pipeline->Illuminate\\Pipeline\\{closure}(Object(Illuminate\\Http\\Request))
#50 H:\\Laravel Projects\\Paymoney\\vendor\\laravel\\framework\\src\\Illuminate\\Pipeline\\Pipeline.php(183): Illuminate\\Cookie\\Middleware\\EncryptCookies->handle(Object(Illuminate\\Http\\Request), Object(Closure))
#51 H:\\Laravel Projects\\Paymoney\\vendor\\laravel\\framework\\src\\Illuminate\\Pipeline\\Pipeline.php(119): Illuminate\\Pipeline\\Pipeline->Illuminate\\Pipeline\\{closure}(Object(Illuminate\\Http\\Request))
#52 H:\\Laravel Projects\\Paymoney\\vendor\\laravel\\framework\\src\\Illuminate\\Routing\\Router.php(805): Illuminate\\Pipeline\\Pipeline->then(Object(Closure))
#53 H:\\Laravel Projects\\Paymoney\\vendor\\laravel\\framework\\src\\Illuminate\\Routing\\Router.php(784): Illuminate\\Routing\\Router->runRouteWithinStack(Object(Illuminate\\Routing\\Route), Object(Illuminate\\Http\\Request))
#54 H:\\Laravel Projects\\Paymoney\\vendor\\laravel\\framework\\src\\Illuminate\\Routing\\Router.php(748): Illuminate\\Routing\\Router->runRoute(Object(Illuminate\\Http\\Request), Object(Illuminate\\Routing\\Route))
#55 H:\\Laravel Projects\\Paymoney\\vendor\\laravel\\framework\\src\\Illuminate\\Routing\\Router.php(737): Illuminate\\Routing\\Router->dispatchToRoute(Object(Illuminate\\Http\\Request))
#56 H:\\Laravel Projects\\Paymoney\\vendor\\laravel\\framework\\src\\Illuminate\\Foundation\\Http\\Kernel.php(200): Illuminate\\Routing\\Router->dispatch(Object(Illuminate\\Http\\Request))
#57 H:\\Laravel Projects\\Paymoney\\vendor\\laravel\\framework\\src\\Illuminate\\Pipeline\\Pipeline.php(144): Illuminate\\Foundation\\Http\\Kernel->Illuminate\\Foundation\\Http\\{closure}(Object(Illuminate\\Http\\Request))
#58 H:\\Laravel Projects\\Paymoney\\vendor\\laravel\\framework\\src\\Illuminate\\Foundation\\Http\\Middleware\\TransformsRequest.php(21): Illuminate\\Pipeline\\Pipeline->Illuminate\\Pipeline\\{closure}(Object(Illuminate\\Http\\Request))
#59 H:\\Laravel Projects\\Paymoney\\vendor\\laravel\\framework\\src\\Illuminate\\Foundation\\Http\\Middleware\\ConvertEmptyStringsToNull.php(31): Illuminate\\Foundation\\Http\\Middleware\\TransformsRequest->handle(Object(Illuminate\\Http\\Request), Object(Closure))
#60 H:\\Laravel Projects\\Paymoney\\vendor\\laravel\\framework\\src\\Illuminate\\Pipeline\\Pipeline.php(183): Illuminate\\Foundation\\Http\\Middleware\\ConvertEmptyStringsToNull->handle(Object(Illuminate\\Http\\Request), Object(Closure))
#61 H:\\Laravel Projects\\Paymoney\\vendor\\laravel\\framework\\src\\Illuminate\\Foundation\\Http\\Middleware\\TransformsRequest.php(21): Illuminate\\Pipeline\\Pipeline->Illuminate\\Pipeline\\{closure}(Object(Illuminate\\Http\\Request))
#62 H:\\Laravel Projects\\Paymoney\\vendor\\laravel\\framework\\src\\Illuminate\\Foundation\\Http\\Middleware\\TrimStrings.php(40): Illuminate\\Foundation\\Http\\Middleware\\TransformsRequest->handle(Object(Illuminate\\Http\\Request), Object(Closure))
#63 H:\\Laravel Projects\\Paymoney\\vendor\\laravel\\framework\\src\\Illuminate\\Pipeline\\Pipeline.php(183): Illuminate\\Foundation\\Http\\Middleware\\TrimStrings->handle(Object(Illuminate\\Http\\Request), Object(Closure))
#64 H:\\Laravel Projects\\Paymoney\\vendor\\laravel\\framework\\src\\Illuminate\\Foundation\\Http\\Middleware\\ValidatePostSize.php(27): Illuminate\\Pipeline\\Pipeline->Illuminate\\Pipeline\\{closure}(Object(Illuminate\\Http\\Request))
#65 H:\\Laravel Projects\\Paymoney\\vendor\\laravel\\framework\\src\\Illuminate\\Pipeline\\Pipeline.php(183): Illuminate\\Foundation\\Http\\Middleware\\ValidatePostSize->handle(Object(Illuminate\\Http\\Request), Object(Closure))
#66 H:\\Laravel Projects\\Paymoney\\vendor\\laravel\\framework\\src\\Illuminate\\Foundation\\Http\\Middleware\\PreventRequestsDuringMaintenance.php(99): Illuminate\\Pipeline\\Pipeline->Illuminate\\Pipeline\\{closure}(Object(Illuminate\\Http\\Request))
#67 H:\\Laravel Projects\\Paymoney\\vendor\\laravel\\framework\\src\\Illuminate\\Pipeline\\Pipeline.php(183): Illuminate\\Foundation\\Http\\Middleware\\PreventRequestsDuringMaintenance->handle(Object(Illuminate\\Http\\Request), Object(Closure))
#68 H:\\Laravel Projects\\Paymoney\\vendor\\laravel\\framework\\src\\Illuminate\\Http\\Middleware\\HandleCors.php(49): Illuminate\\Pipeline\\Pipeline->Illuminate\\Pipeline\\{closure}(Object(Illuminate\\Http\\Request))
#69 H:\\Laravel Projects\\Paymoney\\vendor\\laravel\\framework\\src\\Illuminate\\Pipeline\\Pipeline.php(183): Illuminate\\Http\\Middleware\\HandleCors->handle(Object(Illuminate\\Http\\Request), Object(Closure))
#70 H:\\Laravel Projects\\Paymoney\\vendor\\laravel\\framework\\src\\Illuminate\\Http\\Middleware\\TrustProxies.php(39): Illuminate\\Pipeline\\Pipeline->Illuminate\\Pipeline\\{closure}(Object(Illuminate\\Http\\Request))
#71 H:\\Laravel Projects\\Paymoney\\vendor\\laravel\\framework\\src\\Illuminate\\Pipeline\\Pipeline.php(183): Illuminate\\Http\\Middleware\\TrustProxies->handle(Object(Illuminate\\Http\\Request), Object(Closure))
#72 H:\\Laravel Projects\\Paymoney\\vendor\\laravel\\framework\\src\\Illuminate\\Pipeline\\Pipeline.php(119): Illuminate\\Pipeline\\Pipeline->Illuminate\\Pipeline\\{closure}(Object(Illuminate\\Http\\Request))
#73 H:\\Laravel Projects\\Paymoney\\vendor\\laravel\\framework\\src\\Illuminate\\Foundation\\Http\\Kernel.php(175): Illuminate\\Pipeline\\Pipeline->then(Object(Closure))
#74 H:\\Laravel Projects\\Paymoney\\vendor\\laravel\\framework\\src\\Illuminate\\Foundation\\Http\\Kernel.php(144): Illuminate\\Foundation\\Http\\Kernel->sendRequestThroughRouter(Object(Illuminate\\Http\\Request))
#75 H:\\Laravel Projects\\Paymoney\\public\\index.php(36): Illuminate\\Foundation\\Http\\Kernel->handle(Object(Illuminate\\Http\\Request))
#76 H:\\Laravel Projects\\Paymoney\\vendor\\laravel\\framework\\src\\Illuminate\\Foundation\\resources\\server.php(16): require_once('H:\\\\Laravel Proj...')
#77 {main}
"} 
[2026-03-30 08:04:11] local.WARNING: Expected $image to be a string, got: {"image":null} 
[2026-03-30 08:04:11] local.WARNING: Expected $image to be a string, got: {"image":null} 
[2026-03-30 08:05:38] local.WARNING: Expected $image to be a string, got: {"image":null} 
[2026-03-30 08:05:58] local.WARNING: Expected $image to be a string, got: {"image":null} 
[2026-03-30 08:29:31] local.WARNING: Expected $image to be a string, got: {"image":null} 
[2026-03-30 18:44:49] local.WARNING: Expected $image to be a string, got: {"image":null} 
[2026-03-30 18:44:49] local.WARNING: Expected $image to be a string, got: {"image":null} 
[2026-03-30 18:45:14] local.WARNING: Expected $image to be a string, got: {"image":null} 
[2026-03-30 18:45:19] local.WARNING: Expected $image to be a string, got: {"image":null} 
[2026-03-30 18:45:19] local.WARNING: Expected $image to be a string, got: {"image":null} 
[2026-03-30 20:41:32] local.WARNING: Expected $image to be a string, got: {"image":null} 
[2026-03-30 20:42:42] local.WARNING: Expected $image to be a string, got: {"image":null} 
[2026-03-30 20:56:49] local.WARNING: Expected $image to be a string, got: {"image":null} 
[2026-03-30 20:57:00] local.WARNING: Expected $image to be a string, got: {"image":null} 
[2026-03-30 20:57:50] local.WARNING: Expected $image to be a string, got: {"image":null} 
