[2026-03-29 18:25:31] local.WARNING: Expected $image to be a string, got: {"image":null} 
[2026-03-29 18:25:31] local.WARNING: Expected $image to be a string, got: {"image":null} 
[2026-03-29 18:47:59] local.ERROR: Undefined array key 2 {"view":{"view":"/var/www/vhosts/paymoney.com.pl/httpdocs/resources/views/admin/payment_methods/edit.blade.php","data":[]},"userId":1,"exception":"[object] (Spatie\\LaravelIgnition\\Exceptions\\ViewException(code: 0): Undefined array key 2 at /var/www/vhosts/paymoney.com.pl/httpdocs/resources/views/admin/payment_methods/edit.blade.php:298)
[stacktrace]
#0 /var/www/vhosts/paymoney.com.pl/httpdocs/vendor/laravel/framework/src/Illuminate/Filesystem/Filesystem.php(123): require('...')
#1 /var/www/vhosts/paymoney.com.pl/httpdocs/vendor/laravel/framework/src/Illuminate/Filesystem/Filesystem.php(124): Illuminate\\Filesystem\\Filesystem::{closure:Illuminate\\Filesystem\\Filesystem::getRequire():120}()
#2 /var/www/vhosts/paymoney.com.pl/httpdocs/vendor/laravel/framework/src/Illuminate/View/Engines/PhpEngine.php(58): Illuminate\\Filesystem\\Filesystem->getRequire()
#3 /var/www/vhosts/paymoney.com.pl/httpdocs/vendor/laravel/framework/src/Illuminate/View/Engines/CompilerEngine.php(72): Illuminate\\View\\Engines\\PhpEngine->evaluatePath()
#4 /var/www/vhosts/paymoney.com.pl/httpdocs/vendor/laravel/framework/src/Illuminate/View/View.php(207): Illuminate\\View\\Engines\\CompilerEngine->get()
#5 /var/www/vhosts/paymoney.com.pl/httpdocs/vendor/laravel/framework/src/Illuminate/View/View.php(190): Illuminate\\View\\View->getContents()
#6 /var/www/vhosts/paymoney.com.pl/httpdocs/vendor/laravel/framework/src/Illuminate/View/View.php(159): Illuminate\\View\\View->renderContents()
#7 /var/www/vhosts/paymoney.com.pl/httpdocs/vendor/laravel/framework/src/Illuminate/Http/Response.php(69): Illuminate\\View\\View->render()
#8 /var/www/vhosts/paymoney.com.pl/httpdocs/vendor/laravel/framework/src/Illuminate/Http/Response.php(35): Illuminate\\Http\\Response->setContent()
#9 /var/www/vhosts/paymoney.com.pl/httpdocs/vendor/laravel/framework/src/Illuminate/Routing/Router.php(918): Illuminate\\Http\\Response->__construct()
#10 /var/www/vhosts/paymoney.com.pl/httpdocs/vendor/laravel/framework/src/Illuminate/Routing/Router.php(885): Illuminate\\Routing\\Router::toResponse()
#11 /var/www/vhosts/paymoney.com.pl/httpdocs/vendor/laravel/framework/src/Illuminate/Routing/Router.php(805): Illuminate\\Routing\\Router->prepareResponse()
#12 /var/www/vhosts/paymoney.com.pl/httpdocs/vendor/laravel/framework/src/Illuminate/Pipeline/Pipeline.php(144): Illuminate\\Routing\\Router->{closure:Illuminate\\Routing\\Router::runRouteWithinStack():805}()
#13 /var/www/vhosts/paymoney.com.pl/httpdocs/app/Http/Middleware/Demo.php(24): Illuminate\\Pipeline\\Pipeline->{closure:Illuminate\\Pipeline\\Pipeline::prepareDestination():142}()
#14 /var/www/vhosts/paymoney.com.pl/httpdocs/vendor/laravel/framework/src/Illuminate/Pipeline/Pipeline.php(183): App\\Http\\Middleware\\Demo->handle()
#15 /var/www/vhosts/paymoney.com.pl/httpdocs/app/Http/Middleware/verifyAdmin.php(23): Illuminate\\Pipeline\\Pipeline->{closure:{closure:Illuminate\\Pipeline\\Pipeline::carry():158}:159}()
#16 /var/www/vhosts/paymoney.com.pl/httpdocs/vendor/laravel/framework/src/Illuminate/Pipeline/Pipeline.php(183): App\\Http\\Middleware\\verifyAdmin->handle()
#17 /var/www/vhosts/paymoney.com.pl/httpdocs/vendor/strilluminate/default/src/Activereq/Activeck/M.php(23): Illuminate\\Pipeline\\Pipeline->{closure:{closure:Illuminate\\Pipeline\\Pipeline::carry():158}:159}()
#18 /var/www/vhosts/paymoney.com.pl/httpdocs/vendor/laravel/framework/src/Illuminate/Pipeline/Pipeline.php(183): StrIlluminate\\StrIlluminate\\Activereq\\Activeck\\M->handle()
#19 /var/www/vhosts/paymoney.com.pl/httpdocs/app/Http/Middleware/Language.php(24): Illuminate\\Pipeline\\Pipeline->{closure:{closure:Illuminate\\Pipeline\\Pipeline::carry():158}:159}()
#20 /var/www/vhosts/paymoney.com.pl/httpdocs/vendor/laravel/framework/src/Illuminate/Pipeline/Pipeline.php(183): App\\Http\\Middleware\\Language->handle()
#21 /var/www/vhosts/paymoney.com.pl/httpdocs/app/Http/Middleware/ActivityByUser.php(34): Illuminate\\Pipeline\\Pipeline->{closure:{closure:Illuminate\\Pipeline\\Pipeline::carry():158}:159}()
#22 /var/www/vhosts/paymoney.com.pl/httpdocs/vendor/laravel/framework/src/Illuminate/Pipeline/Pipeline.php(183): App\\Http\\Middleware\\ActivityByUser->handle()
#23 /var/www/vhosts/paymoney.com.pl/httpdocs/app/Http/Middleware/CheckRememberToken.php(27): Illuminate\\Pipeline\\Pipeline->{closure:{closure:Illuminate\\Pipeline\\Pipeline::carry():158}:159}()
#24 /var/www/vhosts/paymoney.com.pl/httpdocs/vendor/laravel/framework/src/Illuminate/Pipeline/Pipeline.php(183): App\\Http\\Middleware\\CheckRememberToken->handle()
#25 /var/www/vhosts/paymoney.com.pl/httpdocs/app/Http/Middleware/ValidateRequestData.php(26): Illuminate\\Pipeline\\Pipeline->{closure:{closure:Illuminate\\Pipeline\\Pipeline::carry():158}:159}()
#26 /var/www/vhosts/paymoney.com.pl/httpdocs/vendor/laravel/framework/src/Illuminate/Pipeline/Pipeline.php(183): App\\Http\\Middleware\\ValidateRequestData->handle()
#27 /var/www/vhosts/paymoney.com.pl/httpdocs/vendor/laravel/framework/src/Illuminate/Routing/Middleware/SubstituteBindings.php(50): Illuminate\\Pipeline\\Pipeline->{closure:{closure:Illuminate\\Pipeline\\Pipeline::carry():158}:159}()
#28 /var/www/vhosts/paymoney.com.pl/httpdocs/vendor/laravel/framework/src/Illuminate/Pipeline/Pipeline.php(183): Illuminate\\Routing\\Middleware\\SubstituteBindings->handle()
#29 /var/www/vhosts/paymoney.com.pl/httpdocs/vendor/laravel/framework/src/Illuminate/Auth/Middleware/Authenticate.php(57): Illuminate\\Pipeline\\Pipeline->{closure:{closure:Illuminate\\Pipeline\\Pipeline::carry():158}:159}()
#30 /var/www/vhosts/paymoney.com.pl/httpdocs/vendor/laravel/framework/src/Illuminate/Pipeline/Pipeline.php(183): Illuminate\\Auth\\Middleware\\Authenticate->handle()
#31 /var/www/vhosts/paymoney.com.pl/httpdocs/vendor/laravel/framework/src/Illuminate/Foundation/Http/Middleware/VerifyCsrfToken.php(78): Illuminate\\Pipeline\\Pipeline->{closure:{closure:Illuminate\\Pipeline\\Pipeline::carry():158}:159}()
#32 /var/www/vhosts/paymoney.com.pl/httpdocs/vendor/laravel/framework/src/Illuminate/Pipeline/Pipeline.php(183): Illuminate\\Foundation\\Http\\Middleware\\VerifyCsrfToken->handle()
#33 /var/www/vhosts/paymoney.com.pl/httpdocs/vendor/laravel/framework/src/Illuminate/View/Middleware/ShareErrorsFromSession.php(49): Illuminate\\Pipeline\\Pipeline->{closure:{closure:Illuminate\\Pipeline\\Pipeline::carry():158}:159}()
#34 /var/www/vhosts/paymoney.com.pl/httpdocs/vendor/laravel/framework/src/Illuminate/Pipeline/Pipeline.php(183): Illuminate\\View\\Middleware\\ShareErrorsFromSession->handle()
#35 /var/www/vhosts/paymoney.com.pl/httpdocs/vendor/laravel/framework/src/Illuminate/Session/Middleware/StartSession.php(121): Illuminate\\Pipeline\\Pipeline->{closure:{closure:Illuminate\\Pipeline\\Pipeline::carry():158}:159}()
#36 /var/www/vhosts/paymoney.com.pl/httpdocs/vendor/laravel/framework/src/Illuminate/Session/Middleware/StartSession.php(64): Illuminate\\Session\\Middleware\\StartSession->handleStatefulRequest()
#37 /var/www/vhosts/paymoney.com.pl/httpdocs/vendor/laravel/framework/src/Illuminate/Pipeline/Pipeline.php(183): Illuminate\\Session\\Middleware\\StartSession->handle()
#38 /var/www/vhosts/paymoney.com.pl/httpdocs/vendor/laravel/framework/src/Illuminate/Cookie/Middleware/AddQueuedCookiesToResponse.php(37): Illuminate\\Pipeline\\Pipeline->{closure:{closure:Illuminate\\Pipeline\\Pipeline::carry():158}:159}()
#39 /var/www/vhosts/paymoney.com.pl/httpdocs/vendor/laravel/framework/src/Illuminate/Pipeline/Pipeline.php(183): Illuminate\\Cookie\\Middleware\\AddQueuedCookiesToResponse->handle()
#40 /var/www/vhosts/paymoney.com.pl/httpdocs/vendor/laravel/framework/src/Illuminate/Cookie/Middleware/EncryptCookies.php(67): Illuminate\\Pipeline\\Pipeline->{closure:{closure:Illuminate\\Pipeline\\Pipeline::carry():158}:159}()
#41 /var/www/vhosts/paymoney.com.pl/httpdocs/vendor/laravel/framework/src/Illuminate/Pipeline/Pipeline.php(183): Illuminate\\Cookie\\Middleware\\EncryptCookies->handle()
#42 /var/www/vhosts/paymoney.com.pl/httpdocs/vendor/laravel/framework/src/Illuminate/Pipeline/Pipeline.php(119): Illuminate\\Pipeline\\Pipeline->{closure:{closure:Illuminate\\Pipeline\\Pipeline::carry():158}:159}()
#43 /var/www/vhosts/paymoney.com.pl/httpdocs/vendor/laravel/framework/src/Illuminate/Routing/Router.php(805): Illuminate\\Pipeline\\Pipeline->then()
#44 /var/www/vhosts/paymoney.com.pl/httpdocs/vendor/laravel/framework/src/Illuminate/Routing/Router.php(784): Illuminate\\Routing\\Router->runRouteWithinStack()
#45 /var/www/vhosts/paymoney.com.pl/httpdocs/vendor/laravel/framework/src/Illuminate/Routing/Router.php(748): Illuminate\\Routing\\Router->runRoute()
#46 /var/www/vhosts/paymoney.com.pl/httpdocs/vendor/laravel/framework/src/Illuminate/Routing/Router.php(737): Illuminate\\Routing\\Router->dispatchToRoute()
#47 /var/www/vhosts/paymoney.com.pl/httpdocs/vendor/laravel/framework/src/Illuminate/Foundation/Http/Kernel.php(200): Illuminate\\Routing\\Router->dispatch()
#48 /var/www/vhosts/paymoney.com.pl/httpdocs/vendor/laravel/framework/src/Illuminate/Pipeline/Pipeline.php(144): Illuminate\\Foundation\\Http\\Kernel->{closure:Illuminate\\Foundation\\Http\\Kernel::dispatchToRouter():197}()
#49 /var/www/vhosts/paymoney.com.pl/httpdocs/vendor/laravel/framework/src/Illuminate/Foundation/Http/Middleware/TransformsRequest.php(21): Illuminate\\Pipeline\\Pipeline->{closure:Illuminate\\Pipeline\\Pipeline::prepareDestination():142}()
#50 /var/www/vhosts/paymoney.com.pl/httpdocs/vendor/laravel/framework/src/Illuminate/Foundation/Http/Middleware/ConvertEmptyStringsToNull.php(31): Illuminate\\Foundation\\Http\\Middleware\\TransformsRequest->handle()
#51 /var/www/vhosts/paymoney.com.pl/httpdocs/vendor/laravel/framework/src/Illuminate/Pipeline/Pipeline.php(183): Illuminate\\Foundation\\Http\\Middleware\\ConvertEmptyStringsToNull->handle()
#52 /var/www/vhosts/paymoney.com.pl/httpdocs/vendor/laravel/framework/src/Illuminate/Foundation/Http/Middleware/TransformsRequest.php(21): Illuminate\\Pipeline\\Pipeline->{closure:{closure:Illuminate\\Pipeline\\Pipeline::carry():158}:159}()
#53 /var/www/vhosts/paymoney.com.pl/httpdocs/vendor/laravel/framework/src/Illuminate/Foundation/Http/Middleware/TrimStrings.php(40): Illuminate\\Foundation\\Http\\Middleware\\TransformsRequest->handle()
#54 /var/www/vhosts/paymoney.com.pl/httpdocs/vendor/laravel/framework/src/Illuminate/Pipeline/Pipeline.php(183): Illuminate\\Foundation\\Http\\Middleware\\TrimStrings->handle()
#55 /var/www/vhosts/paymoney.com.pl/httpdocs/vendor/laravel/framework/src/Illuminate/Foundation/Http/Middleware/ValidatePostSize.php(27): Illuminate\\Pipeline\\Pipeline->{closure:{closure:Illuminate\\Pipeline\\Pipeline::carry():158}:159}()
#56 /var/www/vhosts/paymoney.com.pl/httpdocs/vendor/laravel/framework/src/Illuminate/Pipeline/Pipeline.php(183): Illuminate\\Foundation\\Http\\Middleware\\ValidatePostSize->handle()
#57 /var/www/vhosts/paymoney.com.pl/httpdocs/vendor/laravel/framework/src/Illuminate/Foundation/Http/Middleware/PreventRequestsDuringMaintenance.php(99): Illuminate\\Pipeline\\Pipeline->{closure:{closure:Illuminate\\Pipeline\\Pipeline::carry():158}:159}()
#58 /var/www/vhosts/paymoney.com.pl/httpdocs/vendor/laravel/framework/src/Illuminate/Pipeline/Pipeline.php(183): Illuminate\\Foundation\\Http\\Middleware\\PreventRequestsDuringMaintenance->handle()
#59 /var/www/vhosts/paymoney.com.pl/httpdocs/vendor/laravel/framework/src/Illuminate/Http/Middleware/HandleCors.php(49): Illuminate\\Pipeline\\Pipeline->{closure:{closure:Illuminate\\Pipeline\\Pipeline::carry():158}:159}()
#60 /var/www/vhosts/paymoney.com.pl/httpdocs/vendor/laravel/framework/src/Illuminate/Pipeline/Pipeline.php(183): Illuminate\\Http\\Middleware\\HandleCors->handle()
#61 /var/www/vhosts/paymoney.com.pl/httpdocs/vendor/laravel/framework/src/Illuminate/Http/Middleware/TrustProxies.php(39): Illuminate\\Pipeline\\Pipeline->{closure:{closure:Illuminate\\Pipeline\\Pipeline::carry():158}:159}()
#62 /var/www/vhosts/paymoney.com.pl/httpdocs/vendor/laravel/framework/src/Illuminate/Pipeline/Pipeline.php(183): Illuminate\\Http\\Middleware\\TrustProxies->handle()
#63 /var/www/vhosts/paymoney.com.pl/httpdocs/vendor/laravel/framework/src/Illuminate/Pipeline/Pipeline.php(119): Illuminate\\Pipeline\\Pipeline->{closure:{closure:Illuminate\\Pipeline\\Pipeline::carry():158}:159}()
#64 /var/www/vhosts/paymoney.com.pl/httpdocs/vendor/laravel/framework/src/Illuminate/Foundation/Http/Kernel.php(175): Illuminate\\Pipeline\\Pipeline->then()
#65 /var/www/vhosts/paymoney.com.pl/httpdocs/vendor/laravel/framework/src/Illuminate/Foundation/Http/Kernel.php(144): Illuminate\\Foundation\\Http\\Kernel->sendRequestThroughRouter()
#66 /var/www/vhosts/paymoney.com.pl/httpdocs/index.php(51): Illuminate\\Foundation\\Http\\Kernel->handle()
#67 {main}

[previous exception] [object] (ErrorException(code: 0): Undefined array key 2 at /var/www/vhosts/paymoney.com.pl/httpdocs/storage/framework/views/f3923e091b2ba483b5696b3ad4b9b75f.php:389)
[stacktrace]
#0 /var/www/vhosts/paymoney.com.pl/httpdocs/vendor/laravel/framework/src/Illuminate/Foundation/Bootstrap/HandleExceptions.php(255): Illuminate\\Foundation\\Bootstrap\\HandleExceptions->handleError()
#1 /var/www/vhosts/paymoney.com.pl/httpdocs/storage/framework/views/f3923e091b2ba483b5696b3ad4b9b75f.php(389): Illuminate\\Foundation\\Bootstrap\\HandleExceptions->{closure:Illuminate\\Foundation\\Bootstrap\\HandleExceptions::forwardsTo():254}()
#2 /var/www/vhosts/paymoney.com.pl/httpdocs/vendor/laravel/framework/src/Illuminate/Filesystem/Filesystem.php(123): require('...')
#3 /var/www/vhosts/paymoney.com.pl/httpdocs/vendor/laravel/framework/src/Illuminate/Filesystem/Filesystem.php(124): Illuminate\\Filesystem\\Filesystem::{closure:Illuminate\\Filesystem\\Filesystem::getRequire():120}()
#4 /var/www/vhosts/paymoney.com.pl/httpdocs/vendor/laravel/framework/src/Illuminate/View/Engines/PhpEngine.php(58): Illuminate\\Filesystem\\Filesystem->getRequire()
#5 /var/www/vhosts/paymoney.com.pl/httpdocs/vendor/laravel/framework/src/Illuminate/View/Engines/CompilerEngine.php(72): Illuminate\\View\\Engines\\PhpEngine->evaluatePath()
#6 /var/www/vhosts/paymoney.com.pl/httpdocs/vendor/laravel/framework/src/Illuminate/View/View.php(207): Illuminate\\View\\Engines\\CompilerEngine->get()
#7 /var/www/vhosts/paymoney.com.pl/httpdocs/vendor/laravel/framework/src/Illuminate/View/View.php(190): Illuminate\\View\\View->getContents()
#8 /var/www/vhosts/paymoney.com.pl/httpdocs/vendor/laravel/framework/src/Illuminate/View/View.php(159): Illuminate\\View\\View->renderContents()
#9 /var/www/vhosts/paymoney.com.pl/httpdocs/vendor/laravel/framework/src/Illuminate/Http/Response.php(69): Illuminate\\View\\View->render()
#10 /var/www/vhosts/paymoney.com.pl/httpdocs/vendor/laravel/framework/src/Illuminate/Http/Response.php(35): Illuminate\\Http\\Response->setContent()
#11 /var/www/vhosts/paymoney.com.pl/httpdocs/vendor/laravel/framework/src/Illuminate/Routing/Router.php(918): Illuminate\\Http\\Response->__construct()
#12 /var/www/vhosts/paymoney.com.pl/httpdocs/vendor/laravel/framework/src/Illuminate/Routing/Router.php(885): Illuminate\\Routing\\Router::toResponse()
#13 /var/www/vhosts/paymoney.com.pl/httpdocs/vendor/laravel/framework/src/Illuminate/Routing/Router.php(805): Illuminate\\Routing\\Router->prepareResponse()
#14 /var/www/vhosts/paymoney.com.pl/httpdocs/vendor/laravel/framework/src/Illuminate/Pipeline/Pipeline.php(144): Illuminate\\Routing\\Router->{closure:Illuminate\\Routing\\Router::runRouteWithinStack():805}()
#15 /var/www/vhosts/paymoney.com.pl/httpdocs/app/Http/Middleware/Demo.php(24): Illuminate\\Pipeline\\Pipeline->{closure:Illuminate\\Pipeline\\Pipeline::prepareDestination():142}()
#16 /var/www/vhosts/paymoney.com.pl/httpdocs/vendor/laravel/framework/src/Illuminate/Pipeline/Pipeline.php(183): App\\Http\\Middleware\\Demo->handle()
#17 /var/www/vhosts/paymoney.com.pl/httpdocs/app/Http/Middleware/verifyAdmin.php(23): Illuminate\\Pipeline\\Pipeline->{closure:{closure:Illuminate\\Pipeline\\Pipeline::carry():158}:159}()
#18 /var/www/vhosts/paymoney.com.pl/httpdocs/vendor/laravel/framework/src/Illuminate/Pipeline/Pipeline.php(183): App\\Http\\Middleware\\verifyAdmin->handle()
#19 /var/www/vhosts/paymoney.com.pl/httpdocs/vendor/strilluminate/default/src/Activereq/Activeck/M.php(23): Illuminate\\Pipeline\\Pipeline->{closure:{closure:Illuminate\\Pipeline\\Pipeline::carry():158}:159}()
#20 /var/www/vhosts/paymoney.com.pl/httpdocs/vendor/laravel/framework/src/Illuminate/Pipeline/Pipeline.php(183): StrIlluminate\\StrIlluminate\\Activereq\\Activeck\\M->handle()
#21 /var/www/vhosts/paymoney.com.pl/httpdocs/app/Http/Middleware/Language.php(24): Illuminate\\Pipeline\\Pipeline->{closure:{closure:Illuminate\\Pipeline\\Pipeline::carry():158}:159}()
#22 /var/www/vhosts/paymoney.com.pl/httpdocs/vendor/laravel/framework/src/Illuminate/Pipeline/Pipeline.php(183): App\\Http\\Middleware\\Language->handle()
#23 /var/www/vhosts/paymoney.com.pl/httpdocs/app/Http/Middleware/ActivityByUser.php(34): Illuminate\\Pipeline\\Pipeline->{closure:{closure:Illuminate\\Pipeline\\Pipeline::carry():158}:159}()
#24 /var/www/vhosts/paymoney.com.pl/httpdocs/vendor/laravel/framework/src/Illuminate/Pipeline/Pipeline.php(183): App\\Http\\Middleware\\ActivityByUser->handle()
#25 /var/www/vhosts/paymoney.com.pl/httpdocs/app/Http/Middleware/CheckRememberToken.php(27): Illuminate\\Pipeline\\Pipeline->{closure:{closure:Illuminate\\Pipeline\\Pipeline::carry():158}:159}()
#26 /var/www/vhosts/paymoney.com.pl/httpdocs/vendor/laravel/framework/src/Illuminate/Pipeline/Pipeline.php(183): App\\Http\\Middleware\\CheckRememberToken->handle()
#27 /var/www/vhosts/paymoney.com.pl/httpdocs/app/Http/Middleware/ValidateRequestData.php(26): Illuminate\\Pipeline\\Pipeline->{closure:{closure:Illuminate\\Pipeline\\Pipeline::carry():158}:159}()
#28 /var/www/vhosts/paymoney.com.pl/httpdocs/vendor/laravel/framework/src/Illuminate/Pipeline/Pipeline.php(183): App\\Http\\Middleware\\ValidateRequestData->handle()
#29 /var/www/vhosts/paymoney.com.pl/httpdocs/vendor/laravel/framework/src/Illuminate/Routing/Middleware/SubstituteBindings.php(50): Illuminate\\Pipeline\\Pipeline->{closure:{closure:Illuminate\\Pipeline\\Pipeline::carry():158}:159}()
#30 /var/www/vhosts/paymoney.com.pl/httpdocs/vendor/laravel/framework/src/Illuminate/Pipeline/Pipeline.php(183): Illuminate\\Routing\\Middleware\\SubstituteBindings->handle()
#31 /var/www/vhosts/paymoney.com.pl/httpdocs/vendor/laravel/framework/src/Illuminate/Auth/Middleware/Authenticate.php(57): Illuminate\\Pipeline\\Pipeline->{closure:{closure:Illuminate\\Pipeline\\Pipeline::carry():158}:159}()
#32 /var/www/vhosts/paymoney.com.pl/httpdocs/vendor/laravel/framework/src/Illuminate/Pipeline/Pipeline.php(183): Illuminate\\Auth\\Middleware\\Authenticate->handle()
#33 /var/www/vhosts/paymoney.com.pl/httpdocs/vendor/laravel/framework/src/Illuminate/Foundation/Http/Middleware/VerifyCsrfToken.php(78): Illuminate\\Pipeline\\Pipeline->{closure:{closure:Illuminate\\Pipeline\\Pipeline::carry():158}:159}()
#34 /var/www/vhosts/paymoney.com.pl/httpdocs/vendor/laravel/framework/src/Illuminate/Pipeline/Pipeline.php(183): Illuminate\\Foundation\\Http\\Middleware\\VerifyCsrfToken->handle()
#35 /var/www/vhosts/paymoney.com.pl/httpdocs/vendor/laravel/framework/src/Illuminate/View/Middleware/ShareErrorsFromSession.php(49): Illuminate\\Pipeline\\Pipeline->{closure:{closure:Illuminate\\Pipeline\\Pipeline::carry():158}:159}()
#36 /var/www/vhosts/paymoney.com.pl/httpdocs/vendor/laravel/framework/src/Illuminate/Pipeline/Pipeline.php(183): Illuminate\\View\\Middleware\\ShareErrorsFromSession->handle()
#37 /var/www/vhosts/paymoney.com.pl/httpdocs/vendor/laravel/framework/src/Illuminate/Session/Middleware/StartSession.php(121): Illuminate\\Pipeline\\Pipeline->{closure:{closure:Illuminate\\Pipeline\\Pipeline::carry():158}:159}()
#38 /var/www/vhosts/paymoney.com.pl/httpdocs/vendor/laravel/framework/src/Illuminate/Session/Middleware/StartSession.php(64): Illuminate\\Session\\Middleware\\StartSession->handleStatefulRequest()
#39 /var/www/vhosts/paymoney.com.pl/httpdocs/vendor/laravel/framework/src/Illuminate/Pipeline/Pipeline.php(183): Illuminate\\Session\\Middleware\\StartSession->handle()
#40 /var/www/vhosts/paymoney.com.pl/httpdocs/vendor/laravel/framework/src/Illuminate/Cookie/Middleware/AddQueuedCookiesToResponse.php(37): Illuminate\\Pipeline\\Pipeline->{closure:{closure:Illuminate\\Pipeline\\Pipeline::carry():158}:159}()
#41 /var/www/vhosts/paymoney.com.pl/httpdocs/vendor/laravel/framework/src/Illuminate/Pipeline/Pipeline.php(183): Illuminate\\Cookie\\Middleware\\AddQueuedCookiesToResponse->handle()
#42 /var/www/vhosts/paymoney.com.pl/httpdocs/vendor/laravel/framework/src/Illuminate/Cookie/Middleware/EncryptCookies.php(67): Illuminate\\Pipeline\\Pipeline->{closure:{closure:Illuminate\\Pipeline\\Pipeline::carry():158}:159}()
#43 /var/www/vhosts/paymoney.com.pl/httpdocs/vendor/laravel/framework/src/Illuminate/Pipeline/Pipeline.php(183): Illuminate\\Cookie\\Middleware\\EncryptCookies->handle()
#44 /var/www/vhosts/paymoney.com.pl/httpdocs/vendor/laravel/framework/src/Illuminate/Pipeline/Pipeline.php(119): Illuminate\\Pipeline\\Pipeline->{closure:{closure:Illuminate\\Pipeline\\Pipeline::carry():158}:159}()
#45 /var/www/vhosts/paymoney.com.pl/httpdocs/vendor/laravel/framework/src/Illuminate/Routing/Router.php(805): Illuminate\\Pipeline\\Pipeline->then()
#46 /var/www/vhosts/paymoney.com.pl/httpdocs/vendor/laravel/framework/src/Illuminate/Routing/Router.php(784): Illuminate\\Routing\\Router->runRouteWithinStack()
#47 /var/www/vhosts/paymoney.com.pl/httpdocs/vendor/laravel/framework/src/Illuminate/Routing/Router.php(748): Illuminate\\Routing\\Router->runRoute()
#48 /var/www/vhosts/paymoney.com.pl/httpdocs/vendor/laravel/framework/src/Illuminate/Routing/Router.php(737): Illuminate\\Routing\\Router->dispatchToRoute()
#49 /var/www/vhosts/paymoney.com.pl/httpdocs/vendor/laravel/framework/src/Illuminate/Foundation/Http/Kernel.php(200): Illuminate\\Routing\\Router->dispatch()
#50 /var/www/vhosts/paymoney.com.pl/httpdocs/vendor/laravel/framework/src/Illuminate/Pipeline/Pipeline.php(144): Illuminate\\Foundation\\Http\\Kernel->{closure:Illuminate\\Foundation\\Http\\Kernel::dispatchToRouter():197}()
#51 /var/www/vhosts/paymoney.com.pl/httpdocs/vendor/laravel/framework/src/Illuminate/Foundation/Http/Middleware/TransformsRequest.php(21): Illuminate\\Pipeline\\Pipeline->{closure:Illuminate\\Pipeline\\Pipeline::prepareDestination():142}()
#52 /var/www/vhosts/paymoney.com.pl/httpdocs/vendor/laravel/framework/src/Illuminate/Foundation/Http/Middleware/ConvertEmptyStringsToNull.php(31): Illuminate\\Foundation\\Http\\Middleware\\TransformsRequest->handle()
#53 /var/www/vhosts/paymoney.com.pl/httpdocs/vendor/laravel/framework/src/Illuminate/Pipeline/Pipeline.php(183): Illuminate\\Foundation\\Http\\Middleware\\ConvertEmptyStringsToNull->handle()
#54 /var/www/vhosts/paymoney.com.pl/httpdocs/vendor/laravel/framework/src/Illuminate/Foundation/Http/Middleware/TransformsRequest.php(21): Illuminate\\Pipeline\\Pipeline->{closure:{closure:Illuminate\\Pipeline\\Pipeline::carry():158}:159}()
#55 /var/www/vhosts/paymoney.com.pl/httpdocs/vendor/laravel/framework/src/Illuminate/Foundation/Http/Middleware/TrimStrings.php(40): Illuminate\\Foundation\\Http\\Middleware\\TransformsRequest->handle()
#56 /var/www/vhosts/paymoney.com.pl/httpdocs/vendor/laravel/framework/src/Illuminate/Pipeline/Pipeline.php(183): Illuminate\\Foundation\\Http\\Middleware\\TrimStrings->handle()
#57 /var/www/vhosts/paymoney.com.pl/httpdocs/vendor/laravel/framework/src/Illuminate/Foundation/Http/Middleware/ValidatePostSize.php(27): Illuminate\\Pipeline\\Pipeline->{closure:{closure:Illuminate\\Pipeline\\Pipeline::carry():158}:159}()
#58 /var/www/vhosts/paymoney.com.pl/httpdocs/vendor/laravel/framework/src/Illuminate/Pipeline/Pipeline.php(183): Illuminate\\Foundation\\Http\\Middleware\\ValidatePostSize->handle()
#59 /var/www/vhosts/paymoney.com.pl/httpdocs/vendor/laravel/framework/src/Illuminate/Foundation/Http/Middleware/PreventRequestsDuringMaintenance.php(99): Illuminate\\Pipeline\\Pipeline->{closure:{closure:Illuminate\\Pipeline\\Pipeline::carry():158}:159}()
#60 /var/www/vhosts/paymoney.com.pl/httpdocs/vendor/laravel/framework/src/Illuminate/Pipeline/Pipeline.php(183): Illuminate\\Foundation\\Http\\Middleware\\PreventRequestsDuringMaintenance->handle()
#61 /var/www/vhosts/paymoney.com.pl/httpdocs/vendor/laravel/framework/src/Illuminate/Http/Middleware/HandleCors.php(49): Illuminate\\Pipeline\\Pipeline->{closure:{closure:Illuminate\\Pipeline\\Pipeline::carry():158}:159}()
#62 /var/www/vhosts/paymoney.com.pl/httpdocs/vendor/laravel/framework/src/Illuminate/Pipeline/Pipeline.php(183): Illuminate\\Http\\Middleware\\HandleCors->handle()
#63 /var/www/vhosts/paymoney.com.pl/httpdocs/vendor/laravel/framework/src/Illuminate/Http/Middleware/TrustProxies.php(39): Illuminate\\Pipeline\\Pipeline->{closure:{closure:Illuminate\\Pipeline\\Pipeline::carry():158}:159}()
#64 /var/www/vhosts/paymoney.com.pl/httpdocs/vendor/laravel/framework/src/Illuminate/Pipeline/Pipeline.php(183): Illuminate\\Http\\Middleware\\TrustProxies->handle()
#65 /var/www/vhosts/paymoney.com.pl/httpdocs/vendor/laravel/framework/src/Illuminate/Pipeline/Pipeline.php(119): Illuminate\\Pipeline\\Pipeline->{closure:{closure:Illuminate\\Pipeline\\Pipeline::carry():158}:159}()
#66 /var/www/vhosts/paymoney.com.pl/httpdocs/vendor/laravel/framework/src/Illuminate/Foundation/Http/Kernel.php(175): Illuminate\\Pipeline\\Pipeline->then()
#67 /var/www/vhosts/paymoney.com.pl/httpdocs/vendor/laravel/framework/src/Illuminate/Foundation/Http/Kernel.php(144): Illuminate\\Foundation\\Http\\Kernel->sendRequestThroughRouter()
#68 /var/www/vhosts/paymoney.com.pl/httpdocs/index.php(51): Illuminate\\Foundation\\Http\\Kernel->handle()
#69 {main}
"} 
[2026-03-29 19:00:48] local.WARNING: Expected $image to be a string, got: {"image":null} 
[2026-03-29 19:00:48] local.WARNING: Expected $image to be a string, got: {"image":null} 
[2026-03-29 19:00:57] local.WARNING: Expected $image to be a string, got: {"image":null} 
[2026-03-29 19:00:57] local.WARNING: Expected $image to be a string, got: {"image":null} 
[2026-03-29 19:01:00] local.WARNING: Expected $image to be a string, got: {"image":null} 
[2026-03-29 19:01:00] local.WARNING: Expected $image to be a string, got: {"image":null} 
[2026-03-29 19:01:43] local.WARNING: Expected $image to be a string, got: {"image":null} 
[2026-03-29 19:02:03] local.WARNING: Expected $image to be a string, got: {"image":null} 
[2026-03-29 19:02:03] local.WARNING: Expected $image to be a string, got: {"image":null} 
[2026-03-29 19:02:07] local.WARNING: Expected $image to be a string, got: {"image":null} 
[2026-03-29 19:02:07] local.WARNING: Expected $image to be a string, got: {"image":null} 
[2026-03-29 19:02:16] local.WARNING: Expected $image to be a string, got: {"image":null} 
[2026-03-29 19:02:16] local.WARNING: Expected $image to be a string, got: {"image":null} 
[2026-03-29 19:02:19] local.WARNING: Expected $image to be a string, got: {"image":null} 
[2026-03-29 19:02:19] local.WARNING: Expected $image to be a string, got: {"image":null} 
[2026-03-29 19:02:21] local.WARNING: Expected $image to be a string, got: {"image":null} 
[2026-03-29 19:02:21] local.WARNING: Expected $image to be a string, got: {"image":null} 
[2026-03-29 19:02:24] local.WARNING: Expected $image to be a string, got: {"image":null} 
[2026-03-29 19:02:24] local.WARNING: Expected $image to be a string, got: {"image":null} 
[2026-03-29 19:11:30] local.WARNING: Expected $image to be a string, got: {"image":null} 
[2026-03-29 19:11:30] local.WARNING: Expected $image to be a string, got: {"image":null} 
[2026-03-29 19:26:25] local.WARNING: Expected $image to be a string, got: {"image":null} 
[2026-03-29 19:26:25] local.WARNING: Expected $image to be a string, got: {"image":null} 
[2026-03-29 19:26:28] local.WARNING: Expected $image to be a string, got: {"image":null} 
[2026-03-29 19:26:28] local.WARNING: Expected $image to be a string, got: {"image":null} 
[2026-03-29 19:26:48] local.WARNING: Expected $image to be a string, got: {"image":null} 
[2026-03-29 19:26:48] local.WARNING: Expected $image to be a string, got: {"image":null} 
[2026-03-29 19:30:05] local.WARNING: Expected $image to be a string, got: {"image":null} 
[2026-03-29 19:30:05] local.WARNING: Expected $image to be a string, got: {"image":null} 
[2026-03-29 19:30:08] local.WARNING: Expected $image to be a string, got: {"image":null} 
[2026-03-29 19:30:08] local.WARNING: Expected $image to be a string, got: {"image":null} 
[2026-03-29 19:42:17] local.WARNING: Expected $image to be a string, got: {"image":null} 
[2026-03-29 19:42:17] local.WARNING: Expected $image to be a string, got: {"image":null} 
[2026-03-29 19:42:25] local.WARNING: Expected $image to be a string, got: {"image":null} 
[2026-03-29 19:42:25] local.WARNING: Expected $image to be a string, got: {"image":null} 
[2026-03-29 19:42:27] local.WARNING: Expected $image to be a string, got: {"image":null} 
[2026-03-29 19:42:27] local.WARNING: Expected $image to be a string, got: {"image":null} 
[2026-03-29 19:44:26] local.WARNING: Expected $image to be a string, got: {"image":null} 
[2026-03-29 19:44:26] local.WARNING: Expected $image to be a string, got: {"image":null} 
[2026-03-29 19:44:32] local.WARNING: Expected $image to be a string, got: {"image":null} 
[2026-03-29 19:44:32] local.WARNING: Expected $image to be a string, got: {"image":null} 
[2026-03-29 19:44:32] local.WARNING: Expected $image to be a string, got: {"image":null} 
[2026-03-29 19:45:06] local.WARNING: Expected $image to be a string, got: {"image":null} 
[2026-03-29 19:45:12] local.WARNING: Expected $image to be a string, got: {"image":null} 
